<?xml version="1.0" encoding="UTF-8"?>
<!DOCTYPE coverage SYSTEM "http://cobertura.sourceforge.net/xml/coverage-04.dtd">
<coverage line-rate="0.49150326797386" branch-rate="0" lines-covered="376" lines-valid="765" branches-covered="0" branches-valid="0" complexity="305" version="0.4" timestamp="0">
  <sources>
    <source>/var/www/html/valksor-dev/src/ValksorDev/Snapshot</source>
  </sources>
  <packages>
    <package name="Command/SnapshotGenerateCommand.php" line-rate="0.79850746268657" branch-rate="0" complexity="26">
      <classes>
        <class name="ValksorDev\Snapshot\Command\SnapshotGenerateCommand" filename="Command/SnapshotGenerateCommand.php" line-rate="0.79850746268657" branch-rate="0" complexity="26">
          <methods>
            <method name="__construct" signature="ParameterBagInterface $parameterBag, SnapshotService $snapshotService" line-rate="1" branch-rate="0" complexity="1">
              <lines>
                <line number="69" hits="5"/>
              </lines>
            </method>
            <method name="__invoke" signature="InputInterface $input, OutputInterface $output" line-rate="0.85714285714286" branch-rate="0" complexity="2">
              <lines>
                <line number="82" hits="4"/>
                <line number="83" hits="4"/>
                <line number="86" hits="4"/>
                <line number="88" hits="4"/>
                <line number="89" hits="0"/>
                <line number="93" hits="4"/>
                <line number="96" hits="4"/>
              </lines>
            </method>
            <method name="configure" signature="" line-rate="1" branch-rate="0" complexity="1">
              <lines>
                <line number="107" hits="5"/>
                <line number="108" hits="5"/>
                <line number="109" hits="5"/>
                <line number="110" hits="5"/>
                <line number="111" hits="5"/>
                <line number="112" hits="5"/>
                <line number="113" hits="5"/>
                <line number="114" hits="5"/>
                <line number="115" hits="5"/>
                <line number="116" hits="5"/>
                <line number="117" hits="5"/>
                <line number="118" hits="5"/>
                <line number="119" hits="5"/>
                <line number="120" hits="5"/>
                <line number="121" hits="5"/>
                <line number="122" hits="5"/>
                <line number="123" hits="5"/>
                <line number="124" hits="5"/>
                <line number="125" hits="5"/>
                <line number="126" hits="5"/>
                <line number="127" hits="5"/>
                <line number="128" hits="5"/>
                <line number="129" hits="5"/>
                <line number="130" hits="5"/>
                <line number="131" hits="5"/>
                <line number="132" hits="5"/>
                <line number="133" hits="5"/>
                <line number="134" hits="5"/>
                <line number="135" hits="5"/>
                <line number="136" hits="5"/>
                <line number="137" hits="5"/>
                <line number="138" hits="5"/>
                <line number="139" hits="5"/>
                <line number="140" hits="5"/>
                <line number="141" hits="5"/>
                <line number="142" hits="5"/>
                <line number="143" hits="5"/>
                <line number="144" hits="5"/>
                <line number="145" hits="5"/>
                <line number="146" hits="5"/>
                <line number="147" hits="5"/>
                <line number="148" hits="5"/>
                <line number="149" hits="5"/>
                <line number="150" hits="5"/>
                <line number="151" hits="5"/>
                <line number="152" hits="5"/>
                <line number="153" hits="5"/>
                <line number="154" hits="5"/>
                <line number="155" hits="5"/>
                <line number="156" hits="5"/>
                <line number="157" hits="5"/>
                <line number="158" hits="5"/>
                <line number="159" hits="5"/>
                <line number="160" hits="5"/>
                <line number="161" hits="5"/>
                <line number="162" hits="5"/>
                <line number="163" hits="5"/>
                <line number="164" hits="5"/>
                <line number="165" hits="5"/>
                <line number="166" hits="5"/>
                <line number="167" hits="5"/>
                <line number="168" hits="5"/>
                <line number="169" hits="5"/>
                <line number="170" hits="5"/>
                <line number="171" hits="5"/>
                <line number="172" hits="5"/>
                <line number="212" hits="5"/>
                <line number="213" hits="5"/>
              </lines>
            </method>
            <method name="buildConfig" signature="InputInterface $input, array $paths" line-rate="0.9047619047619" branch-rate="0" complexity="3">
              <lines>
                <line number="228" hits="4"/>
                <line number="229" hits="4"/>
                <line number="230" hits="4"/>
                <line number="231" hits="4"/>
                <line number="232" hits="4"/>
                <line number="233" hits="4"/>
                <line number="234" hits="4"/>
                <line number="235" hits="4"/>
                <line number="238" hits="4"/>
                <line number="239" hits="4"/>
                <line number="240" hits="4"/>
                <line number="242" hits="4"/>
                <line number="243" hits="4"/>
                <line number="244" hits="4"/>
                <line number="247" hits="4"/>
                <line number="249" hits="4"/>
                <line number="250" hits="0"/>
                <line number="254" hits="4"/>
                <line number="256" hits="4"/>
                <line number="257" hits="0"/>
                <line number="260" hits="4"/>
              </lines>
            </method>
            <method name="isAbsolutePath" signature="string $path" line-rate="1" branch-rate="0" complexity="3">
              <lines>
                <line number="269" hits="4"/>
              </lines>
            </method>
            <method name="parseExtensions" signature="string $extensions" line-rate="0" branch-rate="0" complexity="1">
              <lines>
                <line number="278" hits="0"/>
              </lines>
            </method>
            <method name="parseIgnorePatterns" signature="array $patterns" line-rate="0" branch-rate="0" complexity="7">
              <lines>
                <line number="287" hits="0"/>
                <line number="288" hits="0"/>
                <line number="289" hits="0"/>
                <line number="290" hits="0"/>
                <line number="291" hits="0"/>
                <line number="292" hits="0"/>
                <line number="294" hits="0"/>
                <line number="295" hits="0"/>
                <line number="296" hits="0"/>
                <line number="299" hits="0"/>
                <line number="302" hits="0"/>
                <line number="303" hits="0"/>
                <line number="306" hits="0"/>
                <line number="307" hits="0"/>
                <line number="310" hits="0"/>
                <line number="311" hits="0"/>
                <line number="315" hits="0"/>
                <line number="319" hits="0"/>
              </lines>
            </method>
            <method name="parseNumericOption" signature="$value" line-rate="0.66666666666667" branch-rate="0" complexity="2">
              <lines>
                <line number="328" hits="4"/>
                <line number="329" hits="0"/>
                <line number="332" hits="4"/>
              </lines>
            </method>
            <method name="preparePaths" signature="InputInterface $input, $io" line-rate="0.71428571428571" branch-rate="0" complexity="6">
              <lines>
                <line number="347" hits="4"/>
                <line number="348" hits="4"/>
                <line number="350" hits="4"/>
                <line number="352" hits="4"/>
                <line number="353" hits="0"/>
                <line number="357" hits="4"/>
                <line number="358" hits="0"/>
                <line number="360" hits="0"/>
                <line number="364" hits="4"/>
                <line number="366" hits="4"/>
                <line number="367" hits="4"/>
                <line number="371" hits="4"/>
                <line number="372" hits="0"/>
                <line number="375" hits="4"/>
              </lines>
            </method>
          </methods>
          <lines>
            <line number="69" hits="5"/>
            <line number="82" hits="4"/>
            <line number="83" hits="4"/>
            <line number="86" hits="4"/>
            <line number="88" hits="4"/>
            <line number="89" hits="0"/>
            <line number="93" hits="4"/>
            <line number="96" hits="4"/>
            <line number="107" hits="5"/>
            <line number="108" hits="5"/>
            <line number="109" hits="5"/>
            <line number="110" hits="5"/>
            <line number="111" hits="5"/>
            <line number="112" hits="5"/>
            <line number="113" hits="5"/>
            <line number="114" hits="5"/>
            <line number="115" hits="5"/>
            <line number="116" hits="5"/>
            <line number="117" hits="5"/>
            <line number="118" hits="5"/>
            <line number="119" hits="5"/>
            <line number="120" hits="5"/>
            <line number="121" hits="5"/>
            <line number="122" hits="5"/>
            <line number="123" hits="5"/>
            <line number="124" hits="5"/>
            <line number="125" hits="5"/>
            <line number="126" hits="5"/>
            <line number="127" hits="5"/>
            <line number="128" hits="5"/>
            <line number="129" hits="5"/>
            <line number="130" hits="5"/>
            <line number="131" hits="5"/>
            <line number="132" hits="5"/>
            <line number="133" hits="5"/>
            <line number="134" hits="5"/>
            <line number="135" hits="5"/>
            <line number="136" hits="5"/>
            <line number="137" hits="5"/>
            <line number="138" hits="5"/>
            <line number="139" hits="5"/>
            <line number="140" hits="5"/>
            <line number="141" hits="5"/>
            <line number="142" hits="5"/>
            <line number="143" hits="5"/>
            <line number="144" hits="5"/>
            <line number="145" hits="5"/>
            <line number="146" hits="5"/>
            <line number="147" hits="5"/>
            <line number="148" hits="5"/>
            <line number="149" hits="5"/>
            <line number="150" hits="5"/>
            <line number="151" hits="5"/>
            <line number="152" hits="5"/>
            <line number="153" hits="5"/>
            <line number="154" hits="5"/>
            <line number="155" hits="5"/>
            <line number="156" hits="5"/>
            <line number="157" hits="5"/>
            <line number="158" hits="5"/>
            <line number="159" hits="5"/>
            <line number="160" hits="5"/>
            <line number="161" hits="5"/>
            <line number="162" hits="5"/>
            <line number="163" hits="5"/>
            <line number="164" hits="5"/>
            <line number="165" hits="5"/>
            <line number="166" hits="5"/>
            <line number="167" hits="5"/>
            <line number="168" hits="5"/>
            <line number="169" hits="5"/>
            <line number="170" hits="5"/>
            <line number="171" hits="5"/>
            <line number="172" hits="5"/>
            <line number="212" hits="5"/>
            <line number="213" hits="5"/>
            <line number="228" hits="4"/>
            <line number="229" hits="4"/>
            <line number="230" hits="4"/>
            <line number="231" hits="4"/>
            <line number="232" hits="4"/>
            <line number="233" hits="4"/>
            <line number="234" hits="4"/>
            <line number="235" hits="4"/>
            <line number="238" hits="4"/>
            <line number="239" hits="4"/>
            <line number="240" hits="4"/>
            <line number="242" hits="4"/>
            <line number="243" hits="4"/>
            <line number="244" hits="4"/>
            <line number="247" hits="4"/>
            <line number="249" hits="4"/>
            <line number="250" hits="0"/>
            <line number="254" hits="4"/>
            <line number="256" hits="4"/>
            <line number="257" hits="0"/>
            <line number="260" hits="4"/>
            <line number="269" hits="4"/>
            <line number="278" hits="0"/>
            <line number="287" hits="0"/>
            <line number="288" hits="0"/>
            <line number="289" hits="0"/>
            <line number="290" hits="0"/>
            <line number="291" hits="0"/>
            <line number="292" hits="0"/>
            <line number="294" hits="0"/>
            <line number="295" hits="0"/>
            <line number="296" hits="0"/>
            <line number="299" hits="0"/>
            <line number="302" hits="0"/>
            <line number="303" hits="0"/>
            <line number="306" hits="0"/>
            <line number="307" hits="0"/>
            <line number="310" hits="0"/>
            <line number="311" hits="0"/>
            <line number="315" hits="0"/>
            <line number="319" hits="0"/>
            <line number="328" hits="4"/>
            <line number="329" hits="0"/>
            <line number="332" hits="4"/>
            <line number="347" hits="4"/>
            <line number="348" hits="4"/>
            <line number="350" hits="4"/>
            <line number="352" hits="4"/>
            <line number="353" hits="0"/>
            <line number="357" hits="4"/>
            <line number="358" hits="0"/>
            <line number="360" hits="0"/>
            <line number="364" hits="4"/>
            <line number="366" hits="4"/>
            <line number="367" hits="4"/>
            <line number="371" hits="4"/>
            <line number="372" hits="0"/>
            <line number="375" hits="4"/>
          </lines>
        </class>
      </classes>
    </package>
    <package name="DependencyInjection/SnapshotConfiguration.php" line-rate="0.21951219512195" branch-rate="0" complexity="3">
      <classes>
        <class name="ValksorDev\Snapshot\DependencyInjection\SnapshotConfiguration" filename="DependencyInjection/SnapshotConfiguration.php" line-rate="0.21951219512195" branch-rate="0" complexity="3">
          <methods>
            <method name="addSection" signature="ArrayNodeDefinition $rootNode, callable $enableIfStandalone, string $component" line-rate="0" branch-rate="0" complexity="1">
              <lines>
                <line number="45" hits="0"/>
                <line number="46" hits="0"/>
                <line number="47" hits="0"/>
                <line number="48" hits="0"/>
                <line number="49" hits="0"/>
                <line number="50" hits="0"/>
                <line number="51" hits="0"/>
                <line number="52" hits="0"/>
                <line number="53" hits="0"/>
                <line number="54" hits="0"/>
                <line number="55" hits="0"/>
                <line number="56" hits="0"/>
                <line number="57" hits="0"/>
                <line number="58" hits="0"/>
                <line number="59" hits="0"/>
                <line number="60" hits="0"/>
                <line number="61" hits="0"/>
                <line number="62" hits="0"/>
                <line number="63" hits="0"/>
                <line number="64" hits="0"/>
                <line number="65" hits="0"/>
                <line number="66" hits="0"/>
                <line number="67" hits="0"/>
                <line number="68" hits="0"/>
                <line number="69" hits="0"/>
                <line number="70" hits="0"/>
                <line number="71" hits="0"/>
                <line number="72" hits="0"/>
                <line number="73" hits="0"/>
                <line number="74" hits="0"/>
                <line number="75" hits="0"/>
                <line number="76" hits="0"/>
                <line number="77" hits="0"/>
                <line number="78" hits="0"/>
                <line number="79" hits="0"/>
                <line number="80" hits="0"/>
                <line number="81" hits="0"/>
                <line number="82" hits="0"/>
                <line number="83" hits="0"/>
                <line number="84" hits="0"/>
                <line number="85" hits="0"/>
                <line number="86" hits="0"/>
                <line number="87" hits="0"/>
                <line number="88" hits="0"/>
                <line number="89" hits="0"/>
                <line number="90" hits="0"/>
                <line number="91" hits="0"/>
                <line number="92" hits="0"/>
                <line number="93" hits="0"/>
                <line number="94" hits="0"/>
                <line number="95" hits="0"/>
                <line number="96" hits="0"/>
                <line number="97" hits="0"/>
                <line number="98" hits="0"/>
                <line number="99" hits="0"/>
                <line number="100" hits="0"/>
                <line number="101" hits="0"/>
                <line number="102" hits="0"/>
                <line number="103" hits="0"/>
                <line number="104" hits="0"/>
                <line number="105" hits="0"/>
                <line number="106" hits="0"/>
                <line number="107" hits="0"/>
              </lines>
            </method>
            <method name="registerPreConfiguration" signature="ContainerConfigurator $container, ContainerBuilder $builder, string $component" line-rate="0" branch-rate="0" complexity="1">
              <lines>
                <line number="116" hits="0"/>
              </lines>
            </method>
            <method name="getDefaults" signature="" line-rate="1" branch-rate="0" complexity="1">
              <lines>
                <line number="120" hits="5"/>
                <line number="121" hits="5"/>
                <line number="122" hits="5"/>
                <line number="123" hits="5"/>
                <line number="124" hits="5"/>
                <line number="125" hits="5"/>
                <line number="126" hits="5"/>
                <line number="127" hits="5"/>
                <line number="128" hits="5"/>
                <line number="130" hits="5"/>
                <line number="133" hits="5"/>
                <line number="136" hits="5"/>
                <line number="139" hits="5"/>
                <line number="142" hits="5"/>
                <line number="145" hits="5"/>
                <line number="146" hits="5"/>
                <line number="147" hits="5"/>
                <line number="148" hits="5"/>
              </lines>
            </method>
          </methods>
          <lines>
            <line number="45" hits="0"/>
            <line number="46" hits="0"/>
            <line number="47" hits="0"/>
            <line number="48" hits="0"/>
            <line number="49" hits="0"/>
            <line number="50" hits="0"/>
            <line number="51" hits="0"/>
            <line number="52" hits="0"/>
            <line number="53" hits="0"/>
            <line number="54" hits="0"/>
            <line number="55" hits="0"/>
            <line number="56" hits="0"/>
            <line number="57" hits="0"/>
            <line number="58" hits="0"/>
            <line number="59" hits="0"/>
            <line number="60" hits="0"/>
            <line number="61" hits="0"/>
            <line number="62" hits="0"/>
            <line number="63" hits="0"/>
            <line number="64" hits="0"/>
            <line number="65" hits="0"/>
            <line number="66" hits="0"/>
            <line number="67" hits="0"/>
            <line number="68" hits="0"/>
            <line number="69" hits="0"/>
            <line number="70" hits="0"/>
            <line number="71" hits="0"/>
            <line number="72" hits="0"/>
            <line number="73" hits="0"/>
            <line number="74" hits="0"/>
            <line number="75" hits="0"/>
            <line number="76" hits="0"/>
            <line number="77" hits="0"/>
            <line number="78" hits="0"/>
            <line number="79" hits="0"/>
            <line number="80" hits="0"/>
            <line number="81" hits="0"/>
            <line number="82" hits="0"/>
            <line number="83" hits="0"/>
            <line number="84" hits="0"/>
            <line number="85" hits="0"/>
            <line number="86" hits="0"/>
            <line number="87" hits="0"/>
            <line number="88" hits="0"/>
            <line number="89" hits="0"/>
            <line number="90" hits="0"/>
            <line number="91" hits="0"/>
            <line number="92" hits="0"/>
            <line number="93" hits="0"/>
            <line number="94" hits="0"/>
            <line number="95" hits="0"/>
            <line number="96" hits="0"/>
            <line number="97" hits="0"/>
            <line number="98" hits="0"/>
            <line number="99" hits="0"/>
            <line number="100" hits="0"/>
            <line number="101" hits="0"/>
            <line number="102" hits="0"/>
            <line number="103" hits="0"/>
            <line number="104" hits="0"/>
            <line number="105" hits="0"/>
            <line number="106" hits="0"/>
            <line number="107" hits="0"/>
            <line number="116" hits="0"/>
            <line number="120" hits="5"/>
            <line number="121" hits="5"/>
            <line number="122" hits="5"/>
            <line number="123" hits="5"/>
            <line number="124" hits="5"/>
            <line number="125" hits="5"/>
            <line number="126" hits="5"/>
            <line number="127" hits="5"/>
            <line number="128" hits="5"/>
            <line number="130" hits="5"/>
            <line number="133" hits="5"/>
            <line number="136" hits="5"/>
            <line number="139" hits="5"/>
            <line number="142" hits="5"/>
            <line number="145" hits="5"/>
            <line number="146" hits="5"/>
            <line number="147" hits="5"/>
            <line number="148" hits="5"/>
          </lines>
        </class>
      </classes>
    </package>
    <package name="Service/SnapshotService.php" line-rate="0.74820143884892" branch-rate="0" complexity="53">
      <classes>
        <class name="ValksorDev\Snapshot\Service\SnapshotService" filename="Service/SnapshotService.php" line-rate="0.74820143884892" branch-rate="0" complexity="53">
          <methods>
            <method name="__construct" signature="ParameterBagInterface $parameterBag" line-rate="1" branch-rate="0" complexity="1">
              <lines>
                <line number="86" hits="11"/>
                <line number="87" hits="11"/>
              </lines>
            </method>
            <method name="isRunning" signature="" line-rate="1" branch-rate="0" complexity="1">
              <lines>
                <line number="92" hits="2"/>
              </lines>
            </method>
            <method name="reload" signature="" line-rate="1" branch-rate="0" complexity="1">
              <lines>
                <line number="98" hits="1"/>
              </lines>
            </method>
            <method name="removePidFile" signature="string $pidFile" line-rate="1" branch-rate="0" complexity="2">
              <lines>
                <line number="103" hits="2"/>
                <line number="104" hits="1"/>
              </lines>
            </method>
            <method name="setIo" signature="SymfonyStyle $io" line-rate="1" branch-rate="0" complexity="1">
              <lines>
                <line number="111" hits="4"/>
              </lines>
            </method>
            <method name="start" signature="array $config" line-rate="0.74" branch-rate="0" complexity="11">
              <lines>
                <line number="117" hits="4"/>
                <line number="121" hits="4"/>
                <line number="122" hits="4"/>
                <line number="124" hits="4"/>
                <line number="125" hits="0"/>
                <line number="129" hits="4"/>
                <line number="131" hits="4"/>
                <line number="132" hits="0"/>
                <line number="133" hits="0"/>
                <line number="137" hits="4"/>
                <line number="139" hits="4"/>
                <line number="140" hits="0"/>
                <line number="144" hits="4"/>
                <line number="147" hits="4"/>
                <line number="148" hits="4"/>
                <line number="151" hits="4"/>
                <line number="152" hits="4"/>
                <line number="154" hits="4"/>
                <line number="155" hits="3"/>
                <line number="156" hits="3"/>
                <line number="158" hits="3"/>
                <line number="160" hits="3"/>
                <line number="164" hits="1"/>
                <line number="165" hits="1"/>
                <line number="166" hits="1"/>
                <line number="167" hits="1"/>
                <line number="168" hits="1"/>
                <line number="170" hits="1"/>
                <line number="173" hits="1"/>
                <line number="174" hits="0"/>
                <line number="175" hits="0"/>
                <line number="177" hits="0"/>
                <line number="179" hits="0"/>
                <line number="182" hits="1"/>
                <line number="183" hits="1"/>
                <line number="184" hits="1"/>
                <line number="185" hits="1"/>
                <line number="186" hits="1"/>
                <line number="187" hits="1"/>
                <line number="188" hits="1"/>
                <line number="189" hits="1"/>
                <line number="190" hits="1"/>
                <line number="191" hits="1"/>
                <line number="194" hits="1"/>
                <line number="196" hits="1"/>
                <line number="197" hits="0"/>
                <line number="198" hits="0"/>
                <line number="199" hits="0"/>
                <line number="201" hits="0"/>
                <line number="203" hits="0"/>
              </lines>
            </method>
            <method name="stop" signature="" line-rate="1" branch-rate="0" complexity="1">
              <lines>
                <line number="209" hits="1"/>
              </lines>
            </method>
            <method name="writePidFile" signature="string $pidFile" line-rate="1" branch-rate="0" complexity="2">
              <lines>
                <line number="215" hits="1"/>
                <line number="217" hits="1"/>
                <line number="218" hits="1"/>
              </lines>
            </method>
            <method name="processFile" signature="string $path, string $relativePath, int $maxLines, array $config" line-rate="0.68" branch-rate="0" complexity="9">
              <lines>
                <line number="235" hits="1"/>
                <line number="237" hits="1"/>
                <line number="238" hits="0"/>
                <line number="242" hits="1"/>
                <line number="243" hits="0"/>
                <line number="247" hits="1"/>
                <line number="249" hits="1"/>
                <line number="250" hits="1"/>
                <line number="251" hits="1"/>
                <line number="255" hits="1"/>
                <line number="256" hits="1"/>
                <line number="258" hits="1"/>
                <line number="259" hits="0"/>
                <line number="260" hits="0"/>
                <line number="264" hits="1"/>
                <line number="265" hits="1"/>
                <line number="266" hits="1"/>
                <line number="267" hits="1"/>
                <line number="268" hits="1"/>
                <line number="269" hits="1"/>
                <line number="270" hits="1"/>
                <line number="271" hits="0"/>
                <line number="272" hits="0"/>
                <line number="273" hits="0"/>
                <line number="276" hits="0"/>
              </lines>
            </method>
            <method name="scanFiles" signature="string $path, int $maxLines, array $config" line-rate="0.84848484848485" branch-rate="0" complexity="13">
              <lines>
                <line number="291" hits="4"/>
                <line number="292" hits="4"/>
                <line number="293" hits="4"/>
                <line number="295" hits="4"/>
                <line number="296" hits="0"/>
                <line number="300" hits="4"/>
                <line number="301" hits="4"/>
                <line number="302" hits="4"/>
                <line number="303" hits="4"/>
                <line number="305" hits="4"/>
                <line number="306" hits="4"/>
                <line number="309" hits="4"/>
                <line number="310" hits="4"/>
                <line number="312" hits="4"/>
                <line number="314" hits="3"/>
                <line number="315" hits="3"/>
                <line number="319" hits="4"/>
                <line number="320" hits="3"/>
                <line number="324" hits="1"/>
                <line number="326" hits="1"/>
                <line number="327" hits="1"/>
                <line number="329" hits="1"/>
                <line number="330" hits="0"/>
                <line number="335" hits="1"/>
                <line number="337" hits="1"/>
                <line number="338" hits="0"/>
                <line number="339" hits="0"/>
                <line number="342" hits="0"/>
                <line number="346" hits="1"/>
                <line number="348" hits="1"/>
                <line number="349" hits="1"/>
                <line number="350" hits="1"/>
                <line number="355" hits="4"/>
              </lines>
            </method>
            <method name="scanMultiplePaths" signature="array $paths, int $maxLines, array $config" line-rate="0.55" branch-rate="0" complexity="11">
              <lines>
                <line number="369" hits="4"/>
                <line number="370" hits="4"/>
                <line number="373" hits="4"/>
                <line number="375" hits="4"/>
                <line number="377" hits="4"/>
                <line number="378" hits="0"/>
                <line number="379" hits="0"/>
                <line number="382" hits="0"/>
                <line number="386" hits="4"/>
                <line number="387" hits="0"/>
                <line number="388" hits="0"/>
                <line number="391" hits="0"/>
                <line number="396" hits="4"/>
                <line number="398" hits="1"/>
                <line number="399" hits="0"/>
                <line number="400" hits="0"/>
                <line number="403" hits="0"/>
                <line number="406" hits="1"/>
                <line number="407" hits="1"/>
                <line number="411" hits="4"/>
              </lines>
            </method>
          </methods>
          <lines>
            <line number="86" hits="11"/>
            <line number="87" hits="11"/>
            <line number="92" hits="2"/>
            <line number="98" hits="1"/>
            <line number="103" hits="2"/>
            <line number="104" hits="1"/>
            <line number="111" hits="4"/>
            <line number="117" hits="4"/>
            <line number="121" hits="4"/>
            <line number="122" hits="4"/>
            <line number="124" hits="4"/>
            <line number="125" hits="0"/>
            <line number="129" hits="4"/>
            <line number="131" hits="4"/>
            <line number="132" hits="0"/>
            <line number="133" hits="0"/>
            <line number="137" hits="4"/>
            <line number="139" hits="4"/>
            <line number="140" hits="0"/>
            <line number="144" hits="4"/>
            <line number="147" hits="4"/>
            <line number="148" hits="4"/>
            <line number="151" hits="4"/>
            <line number="152" hits="4"/>
            <line number="154" hits="4"/>
            <line number="155" hits="3"/>
            <line number="156" hits="3"/>
            <line number="158" hits="3"/>
            <line number="160" hits="3"/>
            <line number="164" hits="1"/>
            <line number="165" hits="1"/>
            <line number="166" hits="1"/>
            <line number="167" hits="1"/>
            <line number="168" hits="1"/>
            <line number="170" hits="1"/>
            <line number="173" hits="1"/>
            <line number="174" hits="0"/>
            <line number="175" hits="0"/>
            <line number="177" hits="0"/>
            <line number="179" hits="0"/>
            <line number="182" hits="1"/>
            <line number="183" hits="1"/>
            <line number="184" hits="1"/>
            <line number="185" hits="1"/>
            <line number="186" hits="1"/>
            <line number="187" hits="1"/>
            <line number="188" hits="1"/>
            <line number="189" hits="1"/>
            <line number="190" hits="1"/>
            <line number="191" hits="1"/>
            <line number="194" hits="1"/>
            <line number="196" hits="1"/>
            <line number="197" hits="0"/>
            <line number="198" hits="0"/>
            <line number="199" hits="0"/>
            <line number="201" hits="0"/>
            <line number="203" hits="0"/>
            <line number="209" hits="1"/>
            <line number="215" hits="1"/>
            <line number="217" hits="1"/>
            <line number="218" hits="1"/>
            <line number="235" hits="1"/>
            <line number="237" hits="1"/>
            <line number="238" hits="0"/>
            <line number="242" hits="1"/>
            <line number="243" hits="0"/>
            <line number="247" hits="1"/>
            <line number="249" hits="1"/>
            <line number="250" hits="1"/>
            <line number="251" hits="1"/>
            <line number="255" hits="1"/>
            <line number="256" hits="1"/>
            <line number="258" hits="1"/>
            <line number="259" hits="0"/>
            <line number="260" hits="0"/>
            <line number="264" hits="1"/>
            <line number="265" hits="1"/>
            <line number="266" hits="1"/>
            <line number="267" hits="1"/>
            <line number="268" hits="1"/>
            <line number="269" hits="1"/>
            <line number="270" hits="1"/>
            <line number="271" hits="0"/>
            <line number="272" hits="0"/>
            <line number="273" hits="0"/>
            <line number="276" hits="0"/>
            <line number="291" hits="4"/>
            <line number="292" hits="4"/>
            <line number="293" hits="4"/>
            <line number="295" hits="4"/>
            <line number="296" hits="0"/>
            <line number="300" hits="4"/>
            <line number="301" hits="4"/>
            <line number="302" hits="4"/>
            <line number="303" hits="4"/>
            <line number="305" hits="4"/>
            <line number="306" hits="4"/>
            <line number="309" hits="4"/>
            <line number="310" hits="4"/>
            <line number="312" hits="4"/>
            <line number="314" hits="3"/>
            <line number="315" hits="3"/>
            <line number="319" hits="4"/>
            <line number="320" hits="3"/>
            <line number="324" hits="1"/>
            <line number="326" hits="1"/>
            <line number="327" hits="1"/>
            <line number="329" hits="1"/>
            <line number="330" hits="0"/>
            <line number="335" hits="1"/>
            <line number="337" hits="1"/>
            <line number="338" hits="0"/>
            <line number="339" hits="0"/>
            <line number="342" hits="0"/>
            <line number="346" hits="1"/>
            <line number="348" hits="1"/>
            <line number="349" hits="1"/>
            <line number="350" hits="1"/>
            <line number="355" hits="4"/>
            <line number="369" hits="4"/>
            <line number="370" hits="4"/>
            <line number="373" hits="4"/>
            <line number="375" hits="4"/>
            <line number="377" hits="4"/>
            <line number="378" hits="0"/>
            <line number="379" hits="0"/>
            <line number="382" hits="0"/>
            <line number="386" hits="4"/>
            <line number="387" hits="0"/>
            <line number="388" hits="0"/>
            <line number="391" hits="0"/>
            <line number="396" hits="4"/>
            <line number="398" hits="1"/>
            <line number="399" hits="0"/>
            <line number="400" hits="0"/>
            <line number="403" hits="0"/>
            <line number="406" hits="1"/>
            <line number="407" hits="1"/>
            <line number="411" hits="4"/>
          </lines>
        </class>
      </classes>
    </package>
    <package name="Util/ContentProcessor.php" line-rate="0.16355140186916" branch-rate="0" complexity="112">
      <classes>
        <class name="ValksorDev\Snapshot\Util\ContentProcessor" filename="Util/ContentProcessor.php" line-rate="0.16355140186916" branch-rate="0" complexity="112">
          <methods>
            <method name="processContent" signature="string $content, string $extension, bool $keepEmptyLines" line-rate="0.33333333333333" branch-rate="0" complexity="11">
              <lines>
                <line number="54" hits="1"/>
                <line number="55" hits="1"/>
                <line number="56" hits="0"/>
                <line number="57" hits="0"/>
                <line number="58" hits="0"/>
                <line number="59" hits="0"/>
                <line number="60" hits="0"/>
                <line number="61" hits="0"/>
                <line number="62" hits="0"/>
                <line number="63" hits="0"/>
                <line number="64" hits="1"/>
                <line number="65" hits="1"/>
              </lines>
            </method>
            <method name="processCssContent" signature="string $content, bool $keepEmptyLines" line-rate="0" branch-rate="0" complexity="9">
              <lines>
                <line number="76" hits="0"/>
                <line number="77" hits="0"/>
                <line number="78" hits="0"/>
                <line number="80" hits="0"/>
                <line number="81" hits="0"/>
                <line number="82" hits="0"/>
                <line number="84" hits="0"/>
                <line number="85" hits="0"/>
                <line number="86" hits="0"/>
                <line number="88" hits="0"/>
                <line number="89" hits="0"/>
                <line number="91" hits="0"/>
                <line number="95" hits="0"/>
                <line number="96" hits="0"/>
                <line number="98" hits="0"/>
                <line number="99" hits="0"/>
                <line number="100" hits="0"/>
                <line number="103" hits="0"/>
                <line number="105" hits="0"/>
                <line number="106" hits="0"/>
                <line number="107" hits="0"/>
                <line number="108" hits="0"/>
                <line number="111" hits="0"/>
                <line number="114" hits="0"/>
              </lines>
            </method>
            <method name="processGenericContent" signature="string $content, bool $keepEmptyLines" line-rate="0" branch-rate="0" complexity="6">
              <lines>
                <line number="124" hits="0"/>
                <line number="125" hits="0"/>
                <line number="127" hits="0"/>
                <line number="129" hits="0"/>
                <line number="130" hits="0"/>
                <line number="131" hits="0"/>
                <line number="133" hits="0"/>
                <line number="135" hits="0"/>
                <line number="136" hits="0"/>
                <line number="137" hits="0"/>
                <line number="138" hits="0"/>
                <line number="141" hits="0"/>
                <line number="144" hits="0"/>
              </lines>
            </method>
            <method name="processHtmlContent" signature="string $content, bool $keepEmptyLines" line-rate="0" branch-rate="0" complexity="2">
              <lines>
                <line number="155" hits="0"/>
                <line number="157" hits="0"/>
                <line number="158" hits="0"/>
                <line number="161" hits="0"/>
              </lines>
            </method>
            <method name="processJavaScriptContent" signature="string $content, bool $keepEmptyLines" line-rate="0" branch-rate="0" complexity="28">
              <lines>
                <line number="171" hits="0"/>
                <line number="172" hits="0"/>
                <line number="173" hits="0"/>
                <line number="175" hits="0"/>
                <line number="176" hits="0"/>
                <line number="177" hits="0"/>
                <line number="178" hits="0"/>
                <line number="179" hits="0"/>
                <line number="181" hits="0"/>
                <line number="182" hits="0"/>
                <line number="185" hits="0"/>
                <line number="186" hits="0"/>
                <line number="187" hits="0"/>
                <line number="188" hits="0"/>
                <line number="190" hits="0"/>
                <line number="193" hits="0"/>
                <line number="194" hits="0"/>
                <line number="195" hits="0"/>
                <line number="196" hits="0"/>
                <line number="198" hits="0"/>
                <line number="202" hits="0"/>
                <line number="203" hits="0"/>
                <line number="205" hits="0"/>
                <line number="209" hits="0"/>
                <line number="210" hits="0"/>
                <line number="211" hits="0"/>
                <line number="213" hits="0"/>
                <line number="217" hits="0"/>
                <line number="218" hits="0"/>
                <line number="220" hits="0"/>
                <line number="224" hits="0"/>
                <line number="225" hits="0"/>
                <line number="227" hits="0"/>
                <line number="231" hits="0"/>
                <line number="232" hits="0"/>
                <line number="233" hits="0"/>
                <line number="235" hits="0"/>
                <line number="237" hits="0"/>
                <line number="238" hits="0"/>
                <line number="239" hits="0"/>
                <line number="240" hits="0"/>
                <line number="241" hits="0"/>
                <line number="242" hits="0"/>
                <line number="243" hits="0"/>
                <line number="246" hits="0"/>
                <line number="247" hits="0"/>
                <line number="249" hits="0"/>
                <line number="252" hits="0"/>
                <line number="255" hits="0"/>
                <line number="259" hits="0"/>
                <line number="260" hits="0"/>
                <line number="264" hits="0"/>
                <line number="266" hits="0"/>
                <line number="267" hits="0"/>
                <line number="268" hits="0"/>
                <line number="269" hits="0"/>
                <line number="272" hits="0"/>
                <line number="275" hits="0"/>
              </lines>
            </method>
            <method name="processPhpContent" signature="string $content, bool $keepEmptyLines" line-rate="0.88571428571429" branch-rate="0" complexity="19">
              <lines>
                <line number="286" hits="1"/>
                <line number="289" hits="1"/>
                <line number="290" hits="1"/>
                <line number="292" hits="1"/>
                <line number="293" hits="1"/>
                <line number="294" hits="1"/>
                <line number="295" hits="1"/>
                <line number="296" hits="1"/>
                <line number="298" hits="1"/>
                <line number="299" hits="1"/>
                <line number="302" hits="1"/>
                <line number="303" hits="1"/>
                <line number="304" hits="1"/>
                <line number="305" hits="1"/>
                <line number="307" hits="1"/>
                <line number="310" hits="1"/>
                <line number="311" hits="1"/>
                <line number="312" hits="1"/>
                <line number="313" hits="1"/>
                <line number="315" hits="1"/>
                <line number="319" hits="1"/>
                <line number="320" hits="1"/>
                <line number="322" hits="1"/>
                <line number="326" hits="1"/>
                <line number="327" hits="1"/>
                <line number="328" hits="0"/>
                <line number="330" hits="0"/>
                <line number="333" hits="1"/>
                <line number="337" hits="1"/>
                <line number="339" hits="1"/>
                <line number="340" hits="0"/>
                <line number="341" hits="1"/>
                <line number="343" hits="0"/>
                <line number="346" hits="1"/>
                <line number="349" hits="1"/>
              </lines>
            </method>
            <method name="processPythonContent" signature="string $content, bool $keepEmptyLines" line-rate="0" branch-rate="0" complexity="21">
              <lines>
                <line number="359" hits="0"/>
                <line number="360" hits="0"/>
                <line number="362" hits="0"/>
                <line number="363" hits="0"/>
                <line number="364" hits="0"/>
                <line number="365" hits="0"/>
                <line number="366" hits="0"/>
                <line number="367" hits="0"/>
                <line number="369" hits="0"/>
                <line number="370" hits="0"/>
                <line number="373" hits="0"/>
                <line number="375" hits="0"/>
                <line number="376" hits="0"/>
                <line number="377" hits="0"/>
                <line number="379" hits="0"/>
                <line number="381" hits="0"/>
                <line number="382" hits="0"/>
                <line number="383" hits="0"/>
                <line number="385" hits="0"/>
                <line number="388" hits="0"/>
                <line number="389" hits="0"/>
                <line number="390" hits="0"/>
                <line number="391" hits="0"/>
                <line number="393" hits="0"/>
                <line number="397" hits="0"/>
                <line number="398" hits="0"/>
                <line number="400" hits="0"/>
                <line number="404" hits="0"/>
                <line number="405" hits="0"/>
                <line number="407" hits="0"/>
                <line number="410" hits="0"/>
                <line number="413" hits="0"/>
                <line number="415" hits="0"/>
                <line number="416" hits="0"/>
                <line number="417" hits="0"/>
                <line number="418" hits="0"/>
                <line number="421" hits="0"/>
                <line number="424" hits="0"/>
              </lines>
            </method>
            <method name="processShellContent" signature="string $content, bool $keepEmptyLines" line-rate="0" branch-rate="0" complexity="7">
              <lines>
                <line number="434" hits="0"/>
                <line number="435" hits="0"/>
                <line number="437" hits="0"/>
                <line number="439" hits="0"/>
                <line number="440" hits="0"/>
                <line number="441" hits="0"/>
                <line number="444" hits="0"/>
                <line number="446" hits="0"/>
                <line number="447" hits="0"/>
                <line number="448" hits="0"/>
                <line number="449" hits="0"/>
                <line number="452" hits="0"/>
                <line number="455" hits="0"/>
              </lines>
            </method>
            <method name="processXmlContent" signature="string $content, bool $keepEmptyLines" line-rate="0" branch-rate="0" complexity="2">
              <lines>
                <line number="466" hits="0"/>
                <line number="468" hits="0"/>
                <line number="469" hits="0"/>
                <line number="472" hits="0"/>
              </lines>
            </method>
            <method name="processYamlContent" signature="string $content, bool $keepEmptyLines" line-rate="0" branch-rate="0" complexity="7">
              <lines>
                <line number="482" hits="0"/>
                <line number="483" hits="0"/>
                <line number="485" hits="0"/>
                <line number="487" hits="0"/>
                <line number="488" hits="0"/>
                <line number="489" hits="0"/>
                <line number="492" hits="0"/>
                <line number="494" hits="0"/>
                <line number="495" hits="0"/>
                <line number="496" hits="0"/>
                <line number="497" hits="0"/>
                <line number="500" hits="0"/>
                <line number="503" hits="0"/>
              </lines>
            </method>
          </methods>
          <lines>
            <line number="54" hits="1"/>
            <line number="55" hits="1"/>
            <line number="56" hits="0"/>
            <line number="57" hits="0"/>
            <line number="58" hits="0"/>
            <line number="59" hits="0"/>
            <line number="60" hits="0"/>
            <line number="61" hits="0"/>
            <line number="62" hits="0"/>
            <line number="63" hits="0"/>
            <line number="64" hits="1"/>
            <line number="65" hits="1"/>
            <line number="76" hits="0"/>
            <line number="77" hits="0"/>
            <line number="78" hits="0"/>
            <line number="80" hits="0"/>
            <line number="81" hits="0"/>
            <line number="82" hits="0"/>
            <line number="84" hits="0"/>
            <line number="85" hits="0"/>
            <line number="86" hits="0"/>
            <line number="88" hits="0"/>
            <line number="89" hits="0"/>
            <line number="91" hits="0"/>
            <line number="95" hits="0"/>
            <line number="96" hits="0"/>
            <line number="98" hits="0"/>
            <line number="99" hits="0"/>
            <line number="100" hits="0"/>
            <line number="103" hits="0"/>
            <line number="105" hits="0"/>
            <line number="106" hits="0"/>
            <line number="107" hits="0"/>
            <line number="108" hits="0"/>
            <line number="111" hits="0"/>
            <line number="114" hits="0"/>
            <line number="124" hits="0"/>
            <line number="125" hits="0"/>
            <line number="127" hits="0"/>
            <line number="129" hits="0"/>
            <line number="130" hits="0"/>
            <line number="131" hits="0"/>
            <line number="133" hits="0"/>
            <line number="135" hits="0"/>
            <line number="136" hits="0"/>
            <line number="137" hits="0"/>
            <line number="138" hits="0"/>
            <line number="141" hits="0"/>
            <line number="144" hits="0"/>
            <line number="155" hits="0"/>
            <line number="157" hits="0"/>
            <line number="158" hits="0"/>
            <line number="161" hits="0"/>
            <line number="171" hits="0"/>
            <line number="172" hits="0"/>
            <line number="173" hits="0"/>
            <line number="175" hits="0"/>
            <line number="176" hits="0"/>
            <line number="177" hits="0"/>
            <line number="178" hits="0"/>
            <line number="179" hits="0"/>
            <line number="181" hits="0"/>
            <line number="182" hits="0"/>
            <line number="185" hits="0"/>
            <line number="186" hits="0"/>
            <line number="187" hits="0"/>
            <line number="188" hits="0"/>
            <line number="190" hits="0"/>
            <line number="193" hits="0"/>
            <line number="194" hits="0"/>
            <line number="195" hits="0"/>
            <line number="196" hits="0"/>
            <line number="198" hits="0"/>
            <line number="202" hits="0"/>
            <line number="203" hits="0"/>
            <line number="205" hits="0"/>
            <line number="209" hits="0"/>
            <line number="210" hits="0"/>
            <line number="211" hits="0"/>
            <line number="213" hits="0"/>
            <line number="217" hits="0"/>
            <line number="218" hits="0"/>
            <line number="220" hits="0"/>
            <line number="224" hits="0"/>
            <line number="225" hits="0"/>
            <line number="227" hits="0"/>
            <line number="231" hits="0"/>
            <line number="232" hits="0"/>
            <line number="233" hits="0"/>
            <line number="235" hits="0"/>
            <line number="237" hits="0"/>
            <line number="238" hits="0"/>
            <line number="239" hits="0"/>
            <line number="240" hits="0"/>
            <line number="241" hits="0"/>
            <line number="242" hits="0"/>
            <line number="243" hits="0"/>
            <line number="246" hits="0"/>
            <line number="247" hits="0"/>
            <line number="249" hits="0"/>
            <line number="252" hits="0"/>
            <line number="255" hits="0"/>
            <line number="259" hits="0"/>
            <line number="260" hits="0"/>
            <line number="264" hits="0"/>
            <line number="266" hits="0"/>
            <line number="267" hits="0"/>
            <line number="268" hits="0"/>
            <line number="269" hits="0"/>
            <line number="272" hits="0"/>
            <line number="275" hits="0"/>
            <line number="286" hits="1"/>
            <line number="289" hits="1"/>
            <line number="290" hits="1"/>
            <line number="292" hits="1"/>
            <line number="293" hits="1"/>
            <line number="294" hits="1"/>
            <line number="295" hits="1"/>
            <line number="296" hits="1"/>
            <line number="298" hits="1"/>
            <line number="299" hits="1"/>
            <line number="302" hits="1"/>
            <line number="303" hits="1"/>
            <line number="304" hits="1"/>
            <line number="305" hits="1"/>
            <line number="307" hits="1"/>
            <line number="310" hits="1"/>
            <line number="311" hits="1"/>
            <line number="312" hits="1"/>
            <line number="313" hits="1"/>
            <line number="315" hits="1"/>
            <line number="319" hits="1"/>
            <line number="320" hits="1"/>
            <line number="322" hits="1"/>
            <line number="326" hits="1"/>
            <line number="327" hits="1"/>
            <line number="328" hits="0"/>
            <line number="330" hits="0"/>
            <line number="333" hits="1"/>
            <line number="337" hits="1"/>
            <line number="339" hits="1"/>
            <line number="340" hits="0"/>
            <line number="341" hits="1"/>
            <line number="343" hits="0"/>
            <line number="346" hits="1"/>
            <line number="349" hits="1"/>
            <line number="359" hits="0"/>
            <line number="360" hits="0"/>
            <line number="362" hits="0"/>
            <line number="363" hits="0"/>
            <line number="364" hits="0"/>
            <line number="365" hits="0"/>
            <line number="366" hits="0"/>
            <line number="367" hits="0"/>
            <line number="369" hits="0"/>
            <line number="370" hits="0"/>
            <line number="373" hits="0"/>
            <line number="375" hits="0"/>
            <line number="376" hits="0"/>
            <line number="377" hits="0"/>
            <line number="379" hits="0"/>
            <line number="381" hits="0"/>
            <line number="382" hits="0"/>
            <line number="383" hits="0"/>
            <line number="385" hits="0"/>
            <line number="388" hits="0"/>
            <line number="389" hits="0"/>
            <line number="390" hits="0"/>
            <line number="391" hits="0"/>
            <line number="393" hits="0"/>
            <line number="397" hits="0"/>
            <line number="398" hits="0"/>
            <line number="400" hits="0"/>
            <line number="404" hits="0"/>
            <line number="405" hits="0"/>
            <line number="407" hits="0"/>
            <line number="410" hits="0"/>
            <line number="413" hits="0"/>
            <line number="415" hits="0"/>
            <line number="416" hits="0"/>
            <line number="417" hits="0"/>
            <line number="418" hits="0"/>
            <line number="421" hits="0"/>
            <line number="424" hits="0"/>
            <line number="434" hits="0"/>
            <line number="435" hits="0"/>
            <line number="437" hits="0"/>
            <line number="439" hits="0"/>
            <line number="440" hits="0"/>
            <line number="441" hits="0"/>
            <line number="444" hits="0"/>
            <line number="446" hits="0"/>
            <line number="447" hits="0"/>
            <line number="448" hits="0"/>
            <line number="449" hits="0"/>
            <line number="452" hits="0"/>
            <line number="455" hits="0"/>
            <line number="466" hits="0"/>
            <line number="468" hits="0"/>
            <line number="469" hits="0"/>
            <line number="472" hits="0"/>
            <line number="482" hits="0"/>
            <line number="483" hits="0"/>
            <line number="485" hits="0"/>
            <line number="487" hits="0"/>
            <line number="488" hits="0"/>
            <line number="489" hits="0"/>
            <line number="492" hits="0"/>
            <line number="494" hits="0"/>
            <line number="495" hits="0"/>
            <line number="496" hits="0"/>
            <line number="497" hits="0"/>
            <line number="500" hits="0"/>
            <line number="503" hits="0"/>
          </lines>
        </class>
      </classes>
    </package>
    <package name="Util/OutputGenerator.php" line-rate="0.57142857142857" branch-rate="0" complexity="111">
      <classes>
        <class name="ValksorDev\Snapshot\Util\OutputGenerator" filename="Util/OutputGenerator.php" line-rate="0.57142857142857" branch-rate="0" complexity="111">
          <methods>
            <method name="generate" signature="string $projectName, array $files, array $stats" line-rate="1" branch-rate="0" complexity="1">
              <lines>
                <line number="88" hits="8"/>
                <line number="91" hits="8"/>
                <line number="94" hits="8"/>
                <line number="97" hits="8"/>
                <line number="100" hits="8"/>
                <line number="103" hits="8"/>
                <line number="105" hits="8"/>
              </lines>
            </method>
            <method name="generateFileContents" signature="array $files" line-rate="1" branch-rate="0" complexity="3">
              <lines>
                <line number="114" hits="8"/>
                <line number="115" hits="8"/>
                <line number="116" hits="8"/>
                <line number="119" hits="8"/>
                <line number="122" hits="8"/>
                <line number="123" hits="8"/>
                <line number="125" hits="8"/>
                <line number="126" hits="5"/>
                <line number="127" hits="5"/>
                <line number="128" hits="5"/>
                <line number="130" hits="5"/>
                <line number="131" hits="5"/>
                <line number="132" hits="5"/>
                <line number="133" hits="5"/>
                <line number="134" hits="5"/>
                <line number="135" hits="5"/>
                <line number="136" hits="5"/>
                <line number="140" hits="8"/>
              </lines>
            </method>
            <method name="generateHeader" signature="string $projectName" line-rate="1" branch-rate="0" complexity="1">
              <lines>
                <line number="149" hits="8"/>
                <line number="150" hits="8"/>
                <line number="151" hits="8"/>
                <line number="152" hits="8"/>
                <line number="153" hits="8"/>
                <line number="155" hits="8"/>
              </lines>
            </method>
            <method name="generateMetadata" signature="array $stats" line-rate="1" branch-rate="0" complexity="1">
              <lines>
                <line number="166" hits="8"/>
                <line number="167" hits="8"/>
                <line number="169" hits="8"/>
                <line number="170" hits="8"/>
                <line number="171" hits="8"/>
                <line number="172" hits="8"/>
                <line number="173" hits="8"/>
                <line number="174" hits="8"/>
                <line number="175" hits="8"/>
                <line number="177" hits="8"/>
                <line number="178" hits="8"/>
                <line number="179" hits="8"/>
                <line number="181" hits="8"/>
              </lines>
            </method>
            <method name="generateProjectStructure" signature="array $files" line-rate="1" branch-rate="0" complexity="5">
              <lines>
                <line number="190" hits="8"/>
                <line number="191" hits="8"/>
                <line number="192" hits="8"/>
                <line number="193" hits="8"/>
                <line number="195" hits="8"/>
                <line number="197" hits="8"/>
                <line number="198" hits="5"/>
                <line number="199" hits="5"/>
                <line number="201" hits="5"/>
                <line number="202" hits="5"/>
                <line number="204" hits="5"/>
                <line number="205" hits="5"/>
                <line number="206" hits="5"/>
                <line number="207" hits="5"/>
                <line number="208" hits="5"/>
                <line number="209" hits="5"/>
                <line number="214" hits="8"/>
                <line number="215" hits="8"/>
                <line number="217" hits="8"/>
              </lines>
            </method>
            <method name="generateSummary" signature="array $files, array $stats" line-rate="1" branch-rate="0" complexity="3">
              <lines>
                <line number="227" hits="8"/>
                <line number="228" hits="8"/>
                <line number="229" hits="8"/>
                <line number="230" hits="8"/>
                <line number="231" hits="8"/>
                <line number="232" hits="8"/>
                <line number="233" hits="8"/>
                <line number="234" hits="8"/>
                <line number="237" hits="8"/>
                <line number="238" hits="8"/>
                <line number="239" hits="8"/>
                <line number="240" hits="8"/>
                <line number="242" hits="8"/>
                <line number="243" hits="8"/>
                <line number="245" hits="8"/>
                <line number="246" hits="5"/>
                <line number="247" hits="5"/>
                <line number="248" hits="5"/>
                <line number="249" hits="5"/>
                <line number="250" hits="5"/>
                <line number="253" hits="8"/>
                <line number="255" hits="8"/>
                <line number="256" hits="5"/>
                <line number="257" hits="5"/>
                <line number="260" hits="8"/>
                <line number="262" hits="8"/>
              </lines>
            </method>
            <method name="getExtensionLanguage" signature="string $ext" line-rate="0.12244897959184" branch-rate="0" complexity="48">
              <lines>
                <line number="276" hits="5"/>
                <line number="277" hits="5"/>
                <line number="278" hits="0"/>
                <line number="279" hits="0"/>
                <line number="280" hits="0"/>
                <line number="281" hits="0"/>
                <line number="282" hits="0"/>
                <line number="283" hits="0"/>
                <line number="284" hits="0"/>
                <line number="285" hits="0"/>
                <line number="286" hits="0"/>
                <line number="287" hits="0"/>
                <line number="288" hits="1"/>
                <line number="289" hits="1"/>
                <line number="290" hits="0"/>
                <line number="291" hits="0"/>
                <line number="292" hits="0"/>
                <line number="293" hits="0"/>
                <line number="294" hits="0"/>
                <line number="295" hits="0"/>
                <line number="296" hits="0"/>
                <line number="297" hits="0"/>
                <line number="298" hits="0"/>
                <line number="299" hits="0"/>
                <line number="300" hits="0"/>
                <line number="301" hits="0"/>
                <line number="302" hits="0"/>
                <line number="303" hits="0"/>
                <line number="304" hits="0"/>
                <line number="305" hits="0"/>
                <line number="306" hits="0"/>
                <line number="307" hits="0"/>
                <line number="308" hits="0"/>
                <line number="309" hits="0"/>
                <line number="310" hits="0"/>
                <line number="311" hits="0"/>
                <line number="312" hits="0"/>
                <line number="313" hits="0"/>
                <line number="314" hits="0"/>
                <line number="315" hits="0"/>
                <line number="316" hits="0"/>
                <line number="317" hits="0"/>
                <line number="318" hits="0"/>
                <line number="319" hits="0"/>
                <line number="320" hits="0"/>
                <line number="321" hits="0"/>
                <line number="322" hits="0"/>
                <line number="323" hits="5"/>
                <line number="324" hits="5"/>
              </lines>
            </method>
            <method name="getFileExtension" signature="string $path" line-rate="0.19607843137255" branch-rate="0" complexity="46">
              <lines>
                <line number="338" hits="5"/>
                <line number="339" hits="5"/>
                <line number="341" hits="5"/>
                <line number="342" hits="0"/>
                <line number="345" hits="5"/>
                <line number="348" hits="5"/>
                <line number="349" hits="0"/>
                <line number="350" hits="0"/>
                <line number="351" hits="0"/>
                <line number="352" hits="0"/>
                <line number="353" hits="0"/>
                <line number="354" hits="5"/>
                <line number="355" hits="0"/>
                <line number="356" hits="0"/>
                <line number="357" hits="0"/>
                <line number="358" hits="0"/>
                <line number="359" hits="0"/>
                <line number="360" hits="0"/>
                <line number="361" hits="0"/>
                <line number="362" hits="1"/>
                <line number="363" hits="1"/>
                <line number="364" hits="0"/>
                <line number="365" hits="0"/>
                <line number="366" hits="0"/>
                <line number="367" hits="0"/>
                <line number="368" hits="0"/>
                <line number="369" hits="0"/>
                <line number="370" hits="0"/>
                <line number="371" hits="0"/>
                <line number="372" hits="0"/>
                <line number="373" hits="0"/>
                <line number="374" hits="0"/>
                <line number="375" hits="0"/>
                <line number="376" hits="0"/>
                <line number="377" hits="0"/>
                <line number="378" hits="0"/>
                <line number="379" hits="0"/>
                <line number="380" hits="0"/>
                <line number="381" hits="0"/>
                <line number="382" hits="0"/>
                <line number="383" hits="0"/>
                <line number="384" hits="0"/>
                <line number="385" hits="0"/>
                <line number="386" hits="0"/>
                <line number="387" hits="0"/>
                <line number="388" hits="0"/>
                <line number="389" hits="0"/>
                <line number="390" hits="0"/>
                <line number="391" hits="0"/>
                <line number="392" hits="5"/>
                <line number="393" hits="5"/>
              </lines>
            </method>
            <method name="groupFilesByExtension" signature="array $files" line-rate="1" branch-rate="0" complexity="3">
              <lines>
                <line number="404" hits="8"/>
                <line number="406" hits="8"/>
                <line number="407" hits="5"/>
                <line number="409" hits="5"/>
                <line number="410" hits="5"/>
                <line number="412" hits="5"/>
                <line number="415" hits="8"/>
              </lines>
            </method>
          </methods>
          <lines>
            <line number="88" hits="8"/>
            <line number="91" hits="8"/>
            <line number="94" hits="8"/>
            <line number="97" hits="8"/>
            <line number="100" hits="8"/>
            <line number="103" hits="8"/>
            <line number="105" hits="8"/>
            <line number="114" hits="8"/>
            <line number="115" hits="8"/>
            <line number="116" hits="8"/>
            <line number="119" hits="8"/>
            <line number="122" hits="8"/>
            <line number="123" hits="8"/>
            <line number="125" hits="8"/>
            <line number="126" hits="5"/>
            <line number="127" hits="5"/>
            <line number="128" hits="5"/>
            <line number="130" hits="5"/>
            <line number="131" hits="5"/>
            <line number="132" hits="5"/>
            <line number="133" hits="5"/>
            <line number="134" hits="5"/>
            <line number="135" hits="5"/>
            <line number="136" hits="5"/>
            <line number="140" hits="8"/>
            <line number="149" hits="8"/>
            <line number="150" hits="8"/>
            <line number="151" hits="8"/>
            <line number="152" hits="8"/>
            <line number="153" hits="8"/>
            <line number="155" hits="8"/>
            <line number="166" hits="8"/>
            <line number="167" hits="8"/>
            <line number="169" hits="8"/>
            <line number="170" hits="8"/>
            <line number="171" hits="8"/>
            <line number="172" hits="8"/>
            <line number="173" hits="8"/>
            <line number="174" hits="8"/>
            <line number="175" hits="8"/>
            <line number="177" hits="8"/>
            <line number="178" hits="8"/>
            <line number="179" hits="8"/>
            <line number="181" hits="8"/>
            <line number="190" hits="8"/>
            <line number="191" hits="8"/>
            <line number="192" hits="8"/>
            <line number="193" hits="8"/>
            <line number="195" hits="8"/>
            <line number="197" hits="8"/>
            <line number="198" hits="5"/>
            <line number="199" hits="5"/>
            <line number="201" hits="5"/>
            <line number="202" hits="5"/>
            <line number="204" hits="5"/>
            <line number="205" hits="5"/>
            <line number="206" hits="5"/>
            <line number="207" hits="5"/>
            <line number="208" hits="5"/>
            <line number="209" hits="5"/>
            <line number="214" hits="8"/>
            <line number="215" hits="8"/>
            <line number="217" hits="8"/>
            <line number="227" hits="8"/>
            <line number="228" hits="8"/>
            <line number="229" hits="8"/>
            <line number="230" hits="8"/>
            <line number="231" hits="8"/>
            <line number="232" hits="8"/>
            <line number="233" hits="8"/>
            <line number="234" hits="8"/>
            <line number="237" hits="8"/>
            <line number="238" hits="8"/>
            <line number="239" hits="8"/>
            <line number="240" hits="8"/>
            <line number="242" hits="8"/>
            <line number="243" hits="8"/>
            <line number="245" hits="8"/>
            <line number="246" hits="5"/>
            <line number="247" hits="5"/>
            <line number="248" hits="5"/>
            <line number="249" hits="5"/>
            <line number="250" hits="5"/>
            <line number="253" hits="8"/>
            <line number="255" hits="8"/>
            <line number="256" hits="5"/>
            <line number="257" hits="5"/>
            <line number="260" hits="8"/>
            <line number="262" hits="8"/>
            <line number="276" hits="5"/>
            <line number="277" hits="5"/>
            <line number="278" hits="0"/>
            <line number="279" hits="0"/>
            <line number="280" hits="0"/>
            <line number="281" hits="0"/>
            <line number="282" hits="0"/>
            <line number="283" hits="0"/>
            <line number="284" hits="0"/>
            <line number="285" hits="0"/>
            <line number="286" hits="0"/>
            <line number="287" hits="0"/>
            <line number="288" hits="1"/>
            <line number="289" hits="1"/>
            <line number="290" hits="0"/>
            <line number="291" hits="0"/>
            <line number="292" hits="0"/>
            <line number="293" hits="0"/>
            <line number="294" hits="0"/>
            <line number="295" hits="0"/>
            <line number="296" hits="0"/>
            <line number="297" hits="0"/>
            <line number="298" hits="0"/>
            <line number="299" hits="0"/>
            <line number="300" hits="0"/>
            <line number="301" hits="0"/>
            <line number="302" hits="0"/>
            <line number="303" hits="0"/>
            <line number="304" hits="0"/>
            <line number="305" hits="0"/>
            <line number="306" hits="0"/>
            <line number="307" hits="0"/>
            <line number="308" hits="0"/>
            <line number="309" hits="0"/>
            <line number="310" hits="0"/>
            <line number="311" hits="0"/>
            <line number="312" hits="0"/>
            <line number="313" hits="0"/>
            <line number="314" hits="0"/>
            <line number="315" hits="0"/>
            <line number="316" hits="0"/>
            <line number="317" hits="0"/>
            <line number="318" hits="0"/>
            <line number="319" hits="0"/>
            <line number="320" hits="0"/>
            <line number="321" hits="0"/>
            <line number="322" hits="0"/>
            <line number="323" hits="5"/>
            <line number="324" hits="5"/>
            <line number="338" hits="5"/>
            <line number="339" hits="5"/>
            <line number="341" hits="5"/>
            <line number="342" hits="0"/>
            <line number="345" hits="5"/>
            <line number="348" hits="5"/>
            <line number="349" hits="0"/>
            <line number="350" hits="0"/>
            <line number="351" hits="0"/>
            <line number="352" hits="0"/>
            <line number="353" hits="0"/>
            <line number="354" hits="5"/>
            <line number="355" hits="0"/>
            <line number="356" hits="0"/>
            <line number="357" hits="0"/>
            <line number="358" hits="0"/>
            <line number="359" hits="0"/>
            <line number="360" hits="0"/>
            <line number="361" hits="0"/>
            <line number="362" hits="1"/>
            <line number="363" hits="1"/>
            <line number="364" hits="0"/>
            <line number="365" hits="0"/>
            <line number="366" hits="0"/>
            <line number="367" hits="0"/>
            <line number="368" hits="0"/>
            <line number="369" hits="0"/>
            <line number="370" hits="0"/>
            <line number="371" hits="0"/>
            <line number="372" hits="0"/>
            <line number="373" hits="0"/>
            <line number="374" hits="0"/>
            <line number="375" hits="0"/>
            <line number="376" hits="0"/>
            <line number="377" hits="0"/>
            <line number="378" hits="0"/>
            <line number="379" hits="0"/>
            <line number="380" hits="0"/>
            <line number="381" hits="0"/>
            <line number="382" hits="0"/>
            <line number="383" hits="0"/>
            <line number="384" hits="0"/>
            <line number="385" hits="0"/>
            <line number="386" hits="0"/>
            <line number="387" hits="0"/>
            <line number="388" hits="0"/>
            <line number="389" hits="0"/>
            <line number="390" hits="0"/>
            <line number="391" hits="0"/>
            <line number="392" hits="5"/>
            <line number="393" hits="5"/>
            <line number="404" hits="8"/>
            <line number="406" hits="8"/>
            <line number="407" hits="5"/>
            <line number="409" hits="5"/>
            <line number="410" hits="5"/>
            <line number="412" hits="5"/>
            <line number="415" hits="8"/>
          </lines>
        </class>
      </classes>
    </package>
  </packages>
</coverage>
