<?xml version="1.0" encoding="UTF-8"?>
<testsuites>
  <testsuite name="/var/www/html/valksor-dev/src/ValksorDev/Snapshot/phpunit.xml" tests="24" assertions="104" errors="0" failures="0" skipped="0" time="0.001000">
    <testsuite name="ValksorDev Snapshot Unit" tests="19" assertions="94" errors="0" failures="0" skipped="0" time="0.001000">
      <testsuite name="ValksorDev\Snapshot\Tests\Unit\OutputGeneratorTest" file="/var/www/html/valksor-dev/src/ValksorDev/Snapshot/Tests/Unit/OutputGeneratorTest.php" tests="7" assertions="46" errors="0" failures="0" skipped="0" time="0.001000">
        <testcase name="testGenerateFileSizeFormatting" file="/var/www/html/valksor-dev/src/ValksorDev/Snapshot/Tests/Unit/OutputGeneratorTest.php" line="31" class="ValksorDev\Snapshot\Tests\Unit\OutputGeneratorTest" classname="ValksorDev.Snapshot.Tests.Unit.OutputGeneratorTest" assertions="2" time="0.001000"/>
        <testcase name="testGenerateWithEmptyFileList" file="/var/www/html/valksor-dev/src/ValksorDev/Snapshot/Tests/Unit/OutputGeneratorTest.php" line="48" class="ValksorDev\Snapshot\Tests\Unit\OutputGeneratorTest" classname="ValksorDev.Snapshot.Tests.Unit.OutputGeneratorTest" assertions="7" time="0.001000"/>
        <testcase name="testGenerateWithFileBreakdownTable" file="/var/www/html/valksor-dev/src/ValksorDev/Snapshot/Tests/Unit/OutputGeneratorTest.php" line="70" class="ValksorDev\Snapshot\Tests\Unit\OutputGeneratorTest" classname="ValksorDev.Snapshot.Tests.Unit.OutputGeneratorTest" assertions="4" time="0.001000"/>
        <testcase name="testGenerateWithLargeFileSize" file="/var/www/html/valksor-dev/src/ValksorDev/Snapshot/Tests/Unit/OutputGeneratorTest.php" line="103" class="ValksorDev\Snapshot\Tests\Unit\OutputGeneratorTest" classname="ValksorDev.Snapshot.Tests.Unit.OutputGeneratorTest" assertions="2" time="0.001000"/>
        <testcase name="testGenerateWithLongContent" file="/var/www/html/valksor-dev/src/ValksorDev/Snapshot/Tests/Unit/OutputGeneratorTest.php" line="120" class="ValksorDev\Snapshot\Tests\Unit\OutputGeneratorTest" classname="ValksorDev.Snapshot.Tests.Unit.OutputGeneratorTest" assertions="6" time="0.001000"/>
        <testcase name="testGenerateWithMultipleFiles" file="/var/www/html/valksor-dev/src/ValksorDev/Snapshot/Tests/Unit/OutputGeneratorTest.php" line="150" class="ValksorDev\Snapshot\Tests\Unit\OutputGeneratorTest" classname="ValksorDev.Snapshot.Tests.Unit.OutputGeneratorTest" assertions="13" time="0.001000"/>
        <testcase name="testGenerateWithSingleFile" file="/var/www/html/valksor-dev/src/ValksorDev/Snapshot/Tests/Unit/OutputGeneratorTest.php" line="192" class="ValksorDev\Snapshot\Tests\Unit\OutputGeneratorTest" classname="ValksorDev.Snapshot.Tests.Unit.OutputGeneratorTest" assertions="12" time="0.001000"/>
      </testsuite>
      <testsuite name="ValksorDev\Snapshot\Tests\Unit\SnapshotConfigurationTest" file="/var/www/html/valksor-dev/src/ValksorDev/Snapshot/Tests/Unit/SnapshotConfigurationTest.php" tests="6" assertions="39" errors="0" failures="0" skipped="0" time="0.001000">
        <testcase name="testConfigurationMethodsExist" file="/var/www/html/valksor-dev/src/ValksorDev/Snapshot/Tests/Unit/SnapshotConfigurationTest.php" line="27" class="ValksorDev\Snapshot\Tests\Unit\SnapshotConfigurationTest" classname="ValksorDev.Snapshot.Tests.Unit.SnapshotConfigurationTest" assertions="3" time="0.001000"/>
        <testcase name="testDefaultConfigurationValues" file="/var/www/html/valksor-dev/src/ValksorDev/Snapshot/Tests/Unit/SnapshotConfigurationTest.php" line="35" class="ValksorDev\Snapshot\Tests\Unit\SnapshotConfigurationTest" classname="ValksorDev.Snapshot.Tests.Unit.SnapshotConfigurationTest" assertions="10" time="0.001000"/>
        <testcase name="testDefaultExcludePatterns" file="/var/www/html/valksor-dev/src/ValksorDev/Snapshot/Tests/Unit/SnapshotConfigurationTest.php" line="53" class="ValksorDev\Snapshot\Tests\Unit\SnapshotConfigurationTest" classname="ValksorDev.Snapshot.Tests.Unit.SnapshotConfigurationTest" assertions="9" time="0.001000"/>
        <testcase name="testDefaultValuesAreSensible" file="/var/www/html/valksor-dev/src/ValksorDev/Snapshot/Tests/Unit/SnapshotConfigurationTest.php" line="69" class="ValksorDev\Snapshot\Tests\Unit\SnapshotConfigurationTest" classname="ValksorDev.Snapshot.Tests.Unit.SnapshotConfigurationTest" assertions="6" time="0.001000"/>
        <testcase name="testGetDefaultsMethod" file="/var/www/html/valksor-dev/src/ValksorDev/Snapshot/Tests/Unit/SnapshotConfigurationTest.php" line="83" class="ValksorDev\Snapshot\Tests\Unit\SnapshotConfigurationTest" classname="ValksorDev.Snapshot.Tests.Unit.SnapshotConfigurationTest" assertions="10" time="0.001000"/>
        <testcase name="testGetDefaultsMethodReturnsStaticArray" file="/var/www/html/valksor-dev/src/ValksorDev/Snapshot/Tests/Unit/SnapshotConfigurationTest.php" line="99" class="ValksorDev\Snapshot\Tests\Unit\SnapshotConfigurationTest" classname="ValksorDev.Snapshot.Tests.Unit.SnapshotConfigurationTest" assertions="1" time="0.001000"/>
      </testsuite>
      <testsuite name="ValksorDev\Snapshot\Tests\Unit\SnapshotServiceTest" file="/var/www/html/valksor-dev/src/ValksorDev/Snapshot/Tests/Unit/SnapshotServiceTest.php" tests="6" assertions="9" errors="0" failures="0" skipped="0" time="0.001000">
        <testcase name="testIsRunningReturnsFalseInitially" file="/var/www/html/valksor-dev/src/ValksorDev/Snapshot/Tests/Unit/SnapshotServiceTest.php" line="28" class="ValksorDev\Snapshot\Tests\Unit\SnapshotServiceTest" classname="ValksorDev.Snapshot.Tests.Unit.SnapshotServiceTest" assertions="1" time="0.001000"/>
        <testcase name="testReloadDoesNothing" file="/var/www/html/valksor-dev/src/ValksorDev/Snapshot/Tests/Unit/SnapshotServiceTest.php" line="33" class="ValksorDev\Snapshot\Tests\Unit\SnapshotServiceTest" classname="ValksorDev.Snapshot.Tests.Unit.SnapshotServiceTest" assertions="1" time="0.001000"/>
        <testcase name="testRemovePidFile" file="/var/www/html/valksor-dev/src/ValksorDev/Snapshot/Tests/Unit/SnapshotServiceTest.php" line="40" class="ValksorDev\Snapshot\Tests\Unit\SnapshotServiceTest" classname="ValksorDev.Snapshot.Tests.Unit.SnapshotServiceTest" assertions="2" time="0.001000"/>
        <testcase name="testRemovePidFileDoesNotFailIfFileDoesNotExist" file="/var/www/html/valksor-dev/src/ValksorDev/Snapshot/Tests/Unit/SnapshotServiceTest.php" line="52" class="ValksorDev\Snapshot\Tests\Unit\SnapshotServiceTest" classname="ValksorDev.Snapshot.Tests.Unit.SnapshotServiceTest" assertions="1" time="0.001000"/>
        <testcase name="testStopSetsRunningToFalse" file="/var/www/html/valksor-dev/src/ValksorDev/Snapshot/Tests/Unit/SnapshotServiceTest.php" line="61" class="ValksorDev\Snapshot\Tests\Unit\SnapshotServiceTest" classname="ValksorDev.Snapshot.Tests.Unit.SnapshotServiceTest" assertions="1" time="0.001000"/>
        <testcase name="testWritePidFile" file="/var/www/html/valksor-dev/src/ValksorDev/Snapshot/Tests/Unit/SnapshotServiceTest.php" line="69" class="ValksorDev\Snapshot\Tests\Unit\SnapshotServiceTest" classname="ValksorDev.Snapshot.Tests.Unit.SnapshotServiceTest" assertions="3" time="0.001000"/>
      </testsuite>
    </testsuite>
    <testsuite name="ValksorDev Snapshot Integration" tests="5" assertions="10" errors="0" failures="0" skipped="0" time="0.001000">
      <testsuite name="ValksorDev\Snapshot\Tests\Integration\SnapshotGenerateCommandTest" file="/var/www/html/valksor-dev/src/ValksorDev/Snapshot/Tests/Integration/SnapshotGenerateCommandTest.php" tests="5" assertions="10" errors="0" failures="0" skipped="0" time="0.001000">
        <testcase name="testCommandExists" file="/var/www/html/valksor-dev/src/ValksorDev/Snapshot/Tests/Integration/SnapshotGenerateCommandTest.php" line="34" class="ValksorDev\Snapshot\Tests\Integration\SnapshotGenerateCommandTest" classname="ValksorDev.Snapshot.Tests.Integration.SnapshotGenerateCommandTest" assertions="2" time="0.001000"/>
        <testcase name="testCommandWithArguments" file="/var/www/html/valksor-dev/src/ValksorDev/Snapshot/Tests/Integration/SnapshotGenerateCommandTest.php" line="40" class="ValksorDev\Snapshot\Tests\Integration\SnapshotGenerateCommandTest" classname="ValksorDev.Snapshot.Tests.Integration.SnapshotGenerateCommandTest" assertions="2" time="0.001000"/>
        <testcase name="testCommandWithMaxOptions" file="/var/www/html/valksor-dev/src/ValksorDev/Snapshot/Tests/Integration/SnapshotGenerateCommandTest.php" line="57" class="ValksorDev\Snapshot\Tests\Integration\SnapshotGenerateCommandTest" classname="ValksorDev.Snapshot.Tests.Integration.SnapshotGenerateCommandTest" assertions="2" time="0.001000"/>
        <testcase name="testCommandWithOutputOption" file="/var/www/html/valksor-dev/src/ValksorDev/Snapshot/Tests/Integration/SnapshotGenerateCommandTest.php" line="80" class="ValksorDev\Snapshot\Tests\Integration\SnapshotGenerateCommandTest" classname="ValksorDev.Snapshot.Tests.Integration.SnapshotGenerateCommandTest" assertions="2" time="0.001000"/>
        <testcase name="testCommandWithoutArguments" file="/var/www/html/valksor-dev/src/ValksorDev/Snapshot/Tests/Integration/SnapshotGenerateCommandTest.php" line="107" class="ValksorDev\Snapshot\Tests\Integration\SnapshotGenerateCommandTest" classname="ValksorDev.Snapshot.Tests.Integration.SnapshotGenerateCommandTest" assertions="2" time="0.001000"/>
      </testsuite>
    </testsuite>
  </testsuite>
</testsuites>
