<?xml version="1.0" encoding="UTF-8"?>
<testsuites>
  <testsuite name="/var/www/html/valksor-dev/src/ValksorDev/Snapshot/phpunit.xml" tests="42" assertions="170" errors="0" failures="0" skipped="0" time="0.001000">
    <testsuite name="ValksorDev Snapshot Unit" tests="38" assertions="156" errors="0" failures="0" skipped="0" time="0.001000">
      <testsuite name="ValksorDev\Snapshot\Tests\Unit\ContentProcessorTest" file="/var/www/html/valksor-dev/src/ValksorDev/Snapshot/Tests/Unit/ContentProcessorTest.php" tests="17" assertions="46" errors="0" failures="0" skipped="0" time="0.001000">
        <testcase name="testCssBlockCommentsAreStripped" file="/var/www/html/valksor-dev/src/ValksorDev/Snapshot/Tests/Unit/ContentProcessorTest.php" line="29" class="ValksorDev\Snapshot\Tests\Unit\ContentProcessorTest" classname="ValksorDev.Snapshot.Tests.Unit.ContentProcessorTest" assertions="3" time="0.001000"/>
        <testcase name="testGenericStrippingIsUsedForUnknownExtensions" file="/var/www/html/valksor-dev/src/ValksorDev/Snapshot/Tests/Unit/ContentProcessorTest.php" line="39" class="ValksorDev\Snapshot\Tests\Unit\ContentProcessorTest" classname="ValksorDev.Snapshot.Tests.Unit.ContentProcessorTest" assertions="5" time="0.001000"/>
        <testcase name="testHtmlCommentsAreStripped" file="/var/www/html/valksor-dev/src/ValksorDev/Snapshot/Tests/Unit/ContentProcessorTest.php" line="52" class="ValksorDev\Snapshot\Tests\Unit\ContentProcessorTest" classname="ValksorDev.Snapshot.Tests.Unit.ContentProcessorTest" assertions="3" time="0.001000"/>
        <testcase name="testJavaScriptCommentsAreStripped" file="/var/www/html/valksor-dev/src/ValksorDev/Snapshot/Tests/Unit/ContentProcessorTest.php" line="62" class="ValksorDev\Snapshot\Tests\Unit\ContentProcessorTest" classname="ValksorDev.Snapshot.Tests.Unit.ContentProcessorTest" assertions="4" time="0.001000"/>
        <testcase name="testJavaScriptDoubleSlashInStringIsKept" file="/var/www/html/valksor-dev/src/ValksorDev/Snapshot/Tests/Unit/ContentProcessorTest.php" line="73" class="ValksorDev\Snapshot\Tests\Unit\ContentProcessorTest" classname="ValksorDev.Snapshot.Tests.Unit.ContentProcessorTest" assertions="1" time="0.001000"/>
        <testcase name="testJsonIsReturnedUnchanged" file="/var/www/html/valksor-dev/src/ValksorDev/Snapshot/Tests/Unit/ContentProcessorTest.php" line="81" class="ValksorDev\Snapshot\Tests\Unit\ContentProcessorTest" classname="ValksorDev.Snapshot.Tests.Unit.ContentProcessorTest" assertions="1" time="0.001000"/>
        <testcase name="testMultiLinePhpCommentsAreCollapsed" file="/var/www/html/valksor-dev/src/ValksorDev/Snapshot/Tests/Unit/ContentProcessorTest.php" line="88" class="ValksorDev\Snapshot\Tests\Unit\ContentProcessorTest" classname="ValksorDev.Snapshot.Tests.Unit.ContentProcessorTest" assertions="4" time="0.001000"/>
        <testcase name="testPhpBlockCommentMarkerInsideStringIsKept" file="/var/www/html/valksor-dev/src/ValksorDev/Snapshot/Tests/Unit/ContentProcessorTest.php" line="101" class="ValksorDev\Snapshot\Tests\Unit\ContentProcessorTest" classname="ValksorDev.Snapshot.Tests.Unit.ContentProcessorTest" assertions="1" time="0.001000"/>
        <testcase name="testPhpCommentsAreStripped" file="/var/www/html/valksor-dev/src/ValksorDev/Snapshot/Tests/Unit/ContentProcessorTest.php" line="109" class="ValksorDev\Snapshot\Tests\Unit\ContentProcessorTest" classname="ValksorDev.Snapshot.Tests.Unit.ContentProcessorTest" assertions="5" time="0.001000"/>
        <testcase name="testPhpDocBlockIsStripped" file="/var/www/html/valksor-dev/src/ValksorDev/Snapshot/Tests/Unit/ContentProcessorTest.php" line="121" class="ValksorDev\Snapshot\Tests\Unit\ContentProcessorTest" classname="ValksorDev.Snapshot.Tests.Unit.ContentProcessorTest" assertions="2" time="0.001000"/>
        <testcase name="testPhpEightAttributesArePreserved" file="/var/www/html/valksor-dev/src/ValksorDev/Snapshot/Tests/Unit/ContentProcessorTest.php" line="130" class="ValksorDev\Snapshot\Tests\Unit\ContentProcessorTest" classname="ValksorDev.Snapshot.Tests.Unit.ContentProcessorTest" assertions="2" time="0.001000"/>
        <testcase name="testPhpHeredocContentIsPreserved" file="/var/www/html/valksor-dev/src/ValksorDev/Snapshot/Tests/Unit/ContentProcessorTest.php" line="146" class="ValksorDev\Snapshot\Tests\Unit\ContentProcessorTest" classname="ValksorDev.Snapshot.Tests.Unit.ContentProcessorTest" assertions="2" time="0.001000"/>
        <testcase name="testPythonCommentsAreStripped" file="/var/www/html/valksor-dev/src/ValksorDev/Snapshot/Tests/Unit/ContentProcessorTest.php" line="155" class="ValksorDev\Snapshot\Tests\Unit\ContentProcessorTest" classname="ValksorDev.Snapshot.Tests.Unit.ContentProcessorTest" assertions="2" time="0.001000"/>
        <testcase name="testShellCommentsAreStripped" file="/var/www/html/valksor-dev/src/ValksorDev/Snapshot/Tests/Unit/ContentProcessorTest.php" line="164" class="ValksorDev\Snapshot\Tests\Unit\ContentProcessorTest" classname="ValksorDev.Snapshot.Tests.Unit.ContentProcessorTest" assertions="4" time="0.001000"/>
        <testcase name="testWhitespaceOnlyLinesAreBlanked" file="/var/www/html/valksor-dev/src/ValksorDev/Snapshot/Tests/Unit/ContentProcessorTest.php" line="175" class="ValksorDev\Snapshot\Tests\Unit\ContentProcessorTest" classname="ValksorDev.Snapshot.Tests.Unit.ContentProcessorTest" assertions="1" time="0.001000"/>
        <testcase name="testXmlCommentsAreStripped" file="/var/www/html/valksor-dev/src/ValksorDev/Snapshot/Tests/Unit/ContentProcessorTest.php" line="185" class="ValksorDev\Snapshot\Tests\Unit\ContentProcessorTest" classname="ValksorDev.Snapshot.Tests.Unit.ContentProcessorTest" assertions="2" time="0.001000"/>
        <testcase name="testYamlCommentsAreStripped" file="/var/www/html/valksor-dev/src/ValksorDev/Snapshot/Tests/Unit/ContentProcessorTest.php" line="194" class="ValksorDev\Snapshot\Tests\Unit\ContentProcessorTest" classname="ValksorDev.Snapshot.Tests.Unit.ContentProcessorTest" assertions="4" time="0.001000"/>
      </testsuite>
      <testsuite name="ValksorDev\Snapshot\Tests\Unit\OutputGeneratorTest" file="/var/www/html/valksor-dev/src/ValksorDev/Snapshot/Tests/Unit/OutputGeneratorTest.php" tests="7" assertions="46" errors="0" failures="0" skipped="0" time="0.001000">
        <testcase name="testGenerateFileSizeFormatting" file="/var/www/html/valksor-dev/src/ValksorDev/Snapshot/Tests/Unit/OutputGeneratorTest.php" line="31" class="ValksorDev\Snapshot\Tests\Unit\OutputGeneratorTest" classname="ValksorDev.Snapshot.Tests.Unit.OutputGeneratorTest" assertions="2" time="0.001000"/>
        <testcase name="testGenerateWithEmptyFileList" file="/var/www/html/valksor-dev/src/ValksorDev/Snapshot/Tests/Unit/OutputGeneratorTest.php" line="48" class="ValksorDev\Snapshot\Tests\Unit\OutputGeneratorTest" classname="ValksorDev.Snapshot.Tests.Unit.OutputGeneratorTest" assertions="7" time="0.001000"/>
        <testcase name="testGenerateWithFileBreakdownTable" file="/var/www/html/valksor-dev/src/ValksorDev/Snapshot/Tests/Unit/OutputGeneratorTest.php" line="70" class="ValksorDev\Snapshot\Tests\Unit\OutputGeneratorTest" classname="ValksorDev.Snapshot.Tests.Unit.OutputGeneratorTest" assertions="4" time="0.001000"/>
        <testcase name="testGenerateWithLargeFileSize" file="/var/www/html/valksor-dev/src/ValksorDev/Snapshot/Tests/Unit/OutputGeneratorTest.php" line="103" class="ValksorDev\Snapshot\Tests\Unit\OutputGeneratorTest" classname="ValksorDev.Snapshot.Tests.Unit.OutputGeneratorTest" assertions="2" time="0.001000"/>
        <testcase name="testGenerateWithLongContent" file="/var/www/html/valksor-dev/src/ValksorDev/Snapshot/Tests/Unit/OutputGeneratorTest.php" line="120" class="ValksorDev\Snapshot\Tests\Unit\OutputGeneratorTest" classname="ValksorDev.Snapshot.Tests.Unit.OutputGeneratorTest" assertions="6" time="0.001000"/>
        <testcase name="testGenerateWithMultipleFiles" file="/var/www/html/valksor-dev/src/ValksorDev/Snapshot/Tests/Unit/OutputGeneratorTest.php" line="150" class="ValksorDev\Snapshot\Tests\Unit\OutputGeneratorTest" classname="ValksorDev.Snapshot.Tests.Unit.OutputGeneratorTest" assertions="13" time="0.001000"/>
        <testcase name="testGenerateWithSingleFile" file="/var/www/html/valksor-dev/src/ValksorDev/Snapshot/Tests/Unit/OutputGeneratorTest.php" line="192" class="ValksorDev\Snapshot\Tests\Unit\OutputGeneratorTest" classname="ValksorDev.Snapshot.Tests.Unit.OutputGeneratorTest" assertions="12" time="0.001000"/>
      </testsuite>
      <testsuite name="ValksorDev\Snapshot\Tests\Unit\SnapshotConfigurationTest" file="/var/www/html/valksor-dev/src/ValksorDev/Snapshot/Tests/Unit/SnapshotConfigurationTest.php" tests="6" assertions="39" errors="0" failures="0" skipped="0" time="0.001000">
        <testcase name="testConfigurationMethodsExist" file="/var/www/html/valksor-dev/src/ValksorDev/Snapshot/Tests/Unit/SnapshotConfigurationTest.php" line="27" class="ValksorDev\Snapshot\Tests\Unit\SnapshotConfigurationTest" classname="ValksorDev.Snapshot.Tests.Unit.SnapshotConfigurationTest" assertions="3" time="0.001000"/>
        <testcase name="testDefaultConfigurationValues" file="/var/www/html/valksor-dev/src/ValksorDev/Snapshot/Tests/Unit/SnapshotConfigurationTest.php" line="35" class="ValksorDev\Snapshot\Tests\Unit\SnapshotConfigurationTest" classname="ValksorDev.Snapshot.Tests.Unit.SnapshotConfigurationTest" assertions="10" time="0.001000"/>
        <testcase name="testDefaultExcludePatterns" file="/var/www/html/valksor-dev/src/ValksorDev/Snapshot/Tests/Unit/SnapshotConfigurationTest.php" line="53" class="ValksorDev\Snapshot\Tests\Unit\SnapshotConfigurationTest" classname="ValksorDev.Snapshot.Tests.Unit.SnapshotConfigurationTest" assertions="9" time="0.001000"/>
        <testcase name="testDefaultValuesAreSensible" file="/var/www/html/valksor-dev/src/ValksorDev/Snapshot/Tests/Unit/SnapshotConfigurationTest.php" line="69" class="ValksorDev\Snapshot\Tests\Unit\SnapshotConfigurationTest" classname="ValksorDev.Snapshot.Tests.Unit.SnapshotConfigurationTest" assertions="6" time="0.001000"/>
        <testcase name="testGetDefaultsMethod" file="/var/www/html/valksor-dev/src/ValksorDev/Snapshot/Tests/Unit/SnapshotConfigurationTest.php" line="83" class="ValksorDev\Snapshot\Tests\Unit\SnapshotConfigurationTest" classname="ValksorDev.Snapshot.Tests.Unit.SnapshotConfigurationTest" assertions="10" time="0.001000"/>
        <testcase name="testGetDefaultsMethodReturnsStaticArray" file="/var/www/html/valksor-dev/src/ValksorDev/Snapshot/Tests/Unit/SnapshotConfigurationTest.php" line="99" class="ValksorDev\Snapshot\Tests\Unit\SnapshotConfigurationTest" classname="ValksorDev.Snapshot.Tests.Unit.SnapshotConfigurationTest" assertions="1" time="0.001000"/>
      </testsuite>
      <testsuite name="ValksorDev\Snapshot\Tests\Unit\SnapshotServiceTest" file="/var/www/html/valksor-dev/src/ValksorDev/Snapshot/Tests/Unit/SnapshotServiceTest.php" tests="8" assertions="25" errors="0" failures="0" skipped="0" time="0.001000">
        <testcase name="testAnchoredGlobExcludeDoesNotPruneNestedDirectories" file="/var/www/html/valksor-dev/src/ValksorDev/Snapshot/Tests/Unit/SnapshotServiceTest.php" line="33" class="ValksorDev\Snapshot\Tests\Unit\SnapshotServiceTest" classname="ValksorDev.Snapshot.Tests.Unit.SnapshotServiceTest" assertions="4" time="0.001000"/>
        <testcase name="testCliMaxFilesOverridesConfiguredValue" file="/var/www/html/valksor-dev/src/ValksorDev/Snapshot/Tests/Unit/SnapshotServiceTest.php" line="56" class="ValksorDev\Snapshot\Tests\Unit\SnapshotServiceTest" classname="ValksorDev.Snapshot.Tests.Unit.SnapshotServiceTest" assertions="2" time="0.001000"/>
        <testcase name="testGeneratesSnapshotContainingScannedFiles" file="/var/www/html/valksor-dev/src/ValksorDev/Snapshot/Tests/Unit/SnapshotServiceTest.php" line="72" class="ValksorDev\Snapshot\Tests\Unit\SnapshotServiceTest" classname="ValksorDev.Snapshot.Tests.Unit.SnapshotServiceTest" assertions="4" time="0.001000"/>
        <testcase name="testIgnoredDirectoriesArePrunedWithoutDroppingSiblings" file="/var/www/html/valksor-dev/src/ValksorDev/Snapshot/Tests/Unit/SnapshotServiceTest.php" line="86" class="ValksorDev\Snapshot\Tests\Unit\SnapshotServiceTest" classname="ValksorDev.Snapshot.Tests.Unit.SnapshotServiceTest" assertions="5" time="0.001000"/>
        <testcase name="testMaxFileSizeExcludesLargeFiles" file="/var/www/html/valksor-dev/src/ValksorDev/Snapshot/Tests/Unit/SnapshotServiceTest.php" line="104" class="ValksorDev\Snapshot\Tests\Unit\SnapshotServiceTest" classname="ValksorDev.Snapshot.Tests.Unit.SnapshotServiceTest" assertions="4" time="0.001000"/>
        <testcase name="testMaxLinesTruncatesContent" file="/var/www/html/valksor-dev/src/ValksorDev/Snapshot/Tests/Unit/SnapshotServiceTest.php" line="121" class="ValksorDev\Snapshot\Tests\Unit\SnapshotServiceTest" classname="ValksorDev.Snapshot.Tests.Unit.SnapshotServiceTest" assertions="2" time="0.001000"/>
        <testcase name="testReturnsZeroWhenNoFilesFound" file="/var/www/html/valksor-dev/src/ValksorDev/Snapshot/Tests/Unit/SnapshotServiceTest.php" line="137" class="ValksorDev\Snapshot\Tests\Unit\SnapshotServiceTest" classname="ValksorDev.Snapshot.Tests.Unit.SnapshotServiceTest" assertions="1" time="0.001000"/>
        <testcase name="testStripCommentsRemovesPhpComments" file="/var/www/html/valksor-dev/src/ValksorDev/Snapshot/Tests/Unit/SnapshotServiceTest.php" line="150" class="ValksorDev\Snapshot\Tests\Unit\SnapshotServiceTest" classname="ValksorDev.Snapshot.Tests.Unit.SnapshotServiceTest" assertions="3" time="0.001000"/>
      </testsuite>
    </testsuite>
    <testsuite name="ValksorDev Snapshot Integration" tests="4" assertions="14" errors="0" failures="0" skipped="0" time="0.001000">
      <testsuite name="ValksorDev\Snapshot\Tests\Integration\SnapshotGenerateCommandTest" file="/var/www/html/valksor-dev/src/ValksorDev/Snapshot/Tests/Integration/SnapshotGenerateCommandTest.php" tests="4" assertions="14" errors="0" failures="0" skipped="0" time="0.001000">
        <testcase name="testCommandExists" file="/var/www/html/valksor-dev/src/ValksorDev/Snapshot/Tests/Integration/SnapshotGenerateCommandTest.php" line="50" class="ValksorDev\Snapshot\Tests\Integration\SnapshotGenerateCommandTest" classname="ValksorDev.Snapshot.Tests.Integration.SnapshotGenerateCommandTest" assertions="2" time="0.001000"/>
        <testcase name="testGeneratesSnapshotWithExpectedSections" file="/var/www/html/valksor-dev/src/ValksorDev/Snapshot/Tests/Integration/SnapshotGenerateCommandTest.php" line="56" class="ValksorDev\Snapshot\Tests\Integration\SnapshotGenerateCommandTest" classname="ValksorDev.Snapshot.Tests.Integration.SnapshotGenerateCommandTest" assertions="8" time="0.001000"/>
        <testcase name="testMaxFilesLimitIsApplied" file="/var/www/html/valksor-dev/src/ValksorDev/Snapshot/Tests/Integration/SnapshotGenerateCommandTest.php" line="76" class="ValksorDev\Snapshot\Tests\Integration\SnapshotGenerateCommandTest" classname="ValksorDev.Snapshot.Tests.Integration.SnapshotGenerateCommandTest" assertions="2" time="0.001000"/>
        <testcase name="testWarnsWhenNoFilesFound" file="/var/www/html/valksor-dev/src/ValksorDev/Snapshot/Tests/Integration/SnapshotGenerateCommandTest.php" line="92" class="ValksorDev\Snapshot\Tests\Integration\SnapshotGenerateCommandTest" classname="ValksorDev.Snapshot.Tests.Integration.SnapshotGenerateCommandTest" assertions="2" time="0.001000"/>
      </testsuite>
    </testsuite>
  </testsuite>
</testsuites>
