<?xml version="1.0" encoding="UTF-8"?>
<testsuites>
  <testsuite name="/var/www/html/valksor-dev/phpunit.xml" tests="218" assertions="454" errors="0" failures="0" skipped="1" time="31.739445">
    <testsuite name="Valksor Complete" tests="218" assertions="454" errors="0" failures="0" skipped="1" time="31.739445">
      <testsuite name="ValksorDev\Build\Tests\AbstractCommandTest" file="/var/www/html/valksor-dev/src/ValksorDev/Build/Tests/AbstractCommandTest.php" tests="5" assertions="6" errors="0" failures="0" skipped="0" time="0.008168">
        <testcase name="testCommandInheritance" file="/var/www/html/valksor-dev/src/ValksorDev/Build/Tests/AbstractCommandTest.php" line="31" class="ValksorDev\Build\Tests\AbstractCommandTest" classname="ValksorDev.Build.Tests.AbstractCommandTest" assertions="2" time="0.006750"/>
        <testcase name="testGetProviderRegistry" file="/var/www/html/valksor-dev/src/ValksorDev/Build/Tests/AbstractCommandTest.php" line="45" class="ValksorDev\Build\Tests\AbstractCommandTest" classname="ValksorDev.Build.Tests.AbstractCommandTest" assertions="1" time="0.000474"/>
        <testcase name="testWithDifferentProviderRegistry" file="/var/www/html/valksor-dev/src/ValksorDev/Build/Tests/AbstractCommandTest.php" line="57" class="ValksorDev\Build\Tests\AbstractCommandTest" classname="ValksorDev.Build.Tests.AbstractCommandTest" assertions="1" time="0.000319"/>
        <testcase name="testWithEmptyParameterBag" file="/var/www/html/valksor-dev/src/ValksorDev/Build/Tests/AbstractCommandTest.php" line="71" class="ValksorDev\Build\Tests\AbstractCommandTest" classname="ValksorDev.Build.Tests.AbstractCommandTest" assertions="1" time="0.000308"/>
        <testcase name="testWithProductionEnvironment" file="/var/www/html/valksor-dev/src/ValksorDev/Build/Tests/AbstractCommandTest.php" line="83" class="ValksorDev\Build\Tests\AbstractCommandTest" classname="ValksorDev.Build.Tests.AbstractCommandTest" assertions="1" time="0.000316"/>
      </testsuite>
      <testsuite name="ValksorDev\Build\Tests\BinaryAssetManagerTest" file="/var/www/html/valksor-dev/src/ValksorDev/Build/Tests/BinaryAssetManagerTest.php" tests="20" assertions="31" errors="0" failures="0" skipped="0" time="27.226635">
        <testcase name="testAssetsPresent" file="/var/www/html/valksor-dev/src/ValksorDev/Build/Tests/BinaryAssetManagerTest.php" line="35" class="ValksorDev\Build\Tests\BinaryAssetManagerTest" classname="ValksorDev.Build.Tests.BinaryAssetManagerTest" assertions="3" time="0.002034"/>
        <testcase name="testBackwardCompatibility" file="/var/www/html/valksor-dev/src/ValksorDev/Build/Tests/BinaryAssetManagerTest.php" line="68" class="ValksorDev\Build\Tests\BinaryAssetManagerTest" classname="ValksorDev.Build.Tests.BinaryAssetManagerTest" assertions="0" time="0.000401"/>
        <testcase name="testCommitStrategyWithoutCommitRef" file="/var/www/html/valksor-dev/src/ValksorDev/Build/Tests/BinaryAssetManagerTest.php" line="78" class="ValksorDev\Build\Tests\BinaryAssetManagerTest" classname="ValksorDev.Build.Tests.BinaryAssetManagerTest" assertions="0" time="0.000461"/>
        <testcase name="testConstructorWithCommitStrategy" file="/var/www/html/valksor-dev/src/ValksorDev/Build/Tests/BinaryAssetManagerTest.php" line="86" class="ValksorDev\Build\Tests\BinaryAssetManagerTest" classname="ValksorDev.Build.Tests.BinaryAssetManagerTest" assertions="0" time="0.000345"/>
        <testcase name="testConstructorWithTagStrategy" file="/var/www/html/valksor-dev/src/ValksorDev/Build/Tests/BinaryAssetManagerTest.php" line="94" class="ValksorDev\Build\Tests\BinaryAssetManagerTest" classname="ValksorDev.Build.Tests.BinaryAssetManagerTest" assertions="0" time="0.000351"/>
        <testcase name="testConstructorWithValidConfig" file="/var/www/html/valksor-dev/src/ValksorDev/Build/Tests/BinaryAssetManagerTest.php" line="99" class="ValksorDev\Build\Tests\BinaryAssetManagerTest" classname="ValksorDev.Build.Tests.BinaryAssetManagerTest" assertions="0" time="0.000407"/>
        <testcase name="testEnsureDirectory" file="/var/www/html/valksor-dev/src/ValksorDev/Build/Tests/BinaryAssetManagerTest.php" line="107" class="ValksorDev\Build\Tests\BinaryAssetManagerTest" classname="ValksorDev.Build.Tests.BinaryAssetManagerTest" assertions="3" time="0.001105"/>
        <testcase name="testEnsureLatestWithCommitStrategy" file="/var/www/html/valksor-dev/src/ValksorDev/Build/Tests/BinaryAssetManagerTest.php" line="135" class="ValksorDev\Build\Tests\BinaryAssetManagerTest" classname="ValksorDev.Build.Tests.BinaryAssetManagerTest" assertions="2" time="0.266015"/>
        <testcase name="testEnsureLatestWithExistingCurrentVersion" file="/var/www/html/valksor-dev/src/ValksorDev/Build/Tests/BinaryAssetManagerTest.php" line="160" class="ValksorDev\Build\Tests\BinaryAssetManagerTest" classname="ValksorDev.Build.Tests.BinaryAssetManagerTest" assertions="1" time="6.554011"/>
        <testcase name="testEnsureLatestWithGithubZipSource" file="/var/www/html/valksor-dev/src/ValksorDev/Build/Tests/BinaryAssetManagerTest.php" line="191" class="ValksorDev\Build\Tests\BinaryAssetManagerTest" classname="ValksorDev.Build.Tests.BinaryAssetManagerTest" assertions="1" time="6.449626"/>
        <testcase name="testEnsureLatestWithNoExistingAssets" file="/var/www/html/valksor-dev/src/ValksorDev/Build/Tests/BinaryAssetManagerTest.php" line="211" class="ValksorDev\Build\Tests\BinaryAssetManagerTest" classname="ValksorDev.Build.Tests.BinaryAssetManagerTest" assertions="1" time="6.420391"/>
        <testcase name="testEnsureLatestWithNpmSource" file="/var/www/html/valksor-dev/src/ValksorDev/Build/Tests/BinaryAssetManagerTest.php" line="234" class="ValksorDev\Build\Tests\BinaryAssetManagerTest" classname="ValksorDev.Build.Tests.BinaryAssetManagerTest" assertions="1" time="0.342161"/>
        <testcase name="testEnsureLatestWithTagStrategy" file="/var/www/html/valksor-dev/src/ValksorDev/Build/Tests/BinaryAssetManagerTest.php" line="254" class="ValksorDev\Build\Tests\BinaryAssetManagerTest" classname="ValksorDev.Build.Tests.BinaryAssetManagerTest" assertions="2" time="0.269228"/>
        <testcase name="testFetchLatestCommitWithInvalidGithubResponse" file="/var/www/html/valksor-dev/src/ValksorDev/Build/Tests/BinaryAssetManagerTest.php" line="278" class="ValksorDev\Build\Tests\BinaryAssetManagerTest" classname="ValksorDev.Build.Tests.BinaryAssetManagerTest" assertions="2" time="0.129616"/>
        <testcase name="testFetchLatestTagWithInvalidGithubResponse" file="/var/www/html/valksor-dev/src/ValksorDev/Build/Tests/BinaryAssetManagerTest.php" line="302" class="ValksorDev\Build\Tests\BinaryAssetManagerTest" classname="ValksorDev.Build.Tests.BinaryAssetManagerTest" assertions="2" time="0.138371"/>
        <testcase name="testGetDefaultBranchWithInvalidGithubResponse" file="/var/www/html/valksor-dev/src/ValksorDev/Build/Tests/BinaryAssetManagerTest.php" line="325" class="ValksorDev\Build\Tests\BinaryAssetManagerTest" classname="ValksorDev.Build.Tests.BinaryAssetManagerTest" assertions="2" time="0.267032"/>
        <testcase name="testGetLatestReleaseWithInvalidGithubResponse" file="/var/www/html/valksor-dev/src/ValksorDev/Build/Tests/BinaryAssetManagerTest.php" line="349" class="ValksorDev\Build\Tests\BinaryAssetManagerTest" classname="ValksorDev.Build.Tests.BinaryAssetManagerTest" assertions="1" time="6.382711"/>
        <testcase name="testLogFunctionality" file="/var/www/html/valksor-dev/src/ValksorDev/Build/Tests/BinaryAssetManagerTest.php" line="371" class="ValksorDev\Build\Tests\BinaryAssetManagerTest" classname="ValksorDev.Build.Tests.BinaryAssetManagerTest" assertions="2" time="0.000854"/>
        <testcase name="testVersionFileOperations" file="/var/www/html/valksor-dev/src/ValksorDev/Build/Tests/BinaryAssetManagerTest.php" line="402" class="ValksorDev\Build\Tests\BinaryAssetManagerTest" classname="ValksorDev.Build.Tests.BinaryAssetManagerTest" assertions="4" time="0.000850"/>
        <testcase name="testWriteVersionFile" file="/var/www/html/valksor-dev/src/ValksorDev/Build/Tests/BinaryAssetManagerTest.php" line="445" class="ValksorDev\Build\Tests\BinaryAssetManagerTest" classname="ValksorDev.Build.Tests.BinaryAssetManagerTest" assertions="4" time="0.000665"/>
      </testsuite>
      <testsuite name="ValksorDev\Build\Tests\BinaryEnsureCommandTest" file="/var/www/html/valksor-dev/src/ValksorDev/Build/Tests/BinaryEnsureCommandTest.php" tests="6" assertions="9" errors="0" failures="0" skipped="0" time="0.088117">
        <testcase name="testCommandConfiguration" file="/var/www/html/valksor-dev/src/ValksorDev/Build/Tests/BinaryEnsureCommandTest.php" line="37" class="ValksorDev\Build\Tests\BinaryEnsureCommandTest" classname="ValksorDev.Build.Tests.BinaryEnsureCommandTest" assertions="2" time="0.005821"/>
        <testcase name="testCommandExecutionRequiresValidTool" file="/var/www/html/valksor-dev/src/ValksorDev/Build/Tests/BinaryEnsureCommandTest.php" line="46" class="ValksorDev\Build\Tests\BinaryEnsureCommandTest" classname="ValksorDev.Build.Tests.BinaryEnsureCommandTest" assertions="1" time="0.059349"/>
        <testcase name="testCommandExecutionWithValidTool" file="/var/www/html/valksor-dev/src/ValksorDev/Build/Tests/BinaryEnsureCommandTest.php" line="61" class="ValksorDev\Build\Tests\BinaryEnsureCommandTest" classname="ValksorDev.Build.Tests.BinaryEnsureCommandTest" assertions="1" time="0.001787"/>
        <testcase name="testCommandHasRequiredToolArgument" file="/var/www/html/valksor-dev/src/ValksorDev/Build/Tests/BinaryEnsureCommandTest.php" line="74" class="ValksorDev\Build\Tests\BinaryEnsureCommandTest" classname="ValksorDev.Build.Tests.BinaryEnsureCommandTest" assertions="2" time="0.000462"/>
        <testcase name="testCommandInApplication" file="/var/www/html/valksor-dev/src/ValksorDev/Build/Tests/BinaryEnsureCommandTest.php" line="81" class="ValksorDev\Build\Tests\BinaryEnsureCommandTest" classname="ValksorDev.Build.Tests.BinaryEnsureCommandTest" assertions="1" time="0.017646"/>
        <testcase name="testConfigureWithAvailableBinaries" file="/var/www/html/valksor-dev/src/ValksorDev/Build/Tests/BinaryEnsureCommandTest.php" line="90" class="ValksorDev\Build\Tests\BinaryEnsureCommandTest" classname="ValksorDev.Build.Tests.BinaryEnsureCommandTest" assertions="2" time="0.003053"/>
      </testsuite>
      <testsuite name="ValksorDev\Build\Tests\BinaryRegistryTest" file="/var/www/html/valksor-dev/src/ValksorDev/Build/Tests/BinaryRegistryTest.php" tests="7" assertions="15" errors="0" failures="0" skipped="0" time="0.003630">
        <testcase name="testGetAvailableNames" file="/var/www/html/valksor-dev/src/ValksorDev/Build/Tests/BinaryRegistryTest.php" line="30" class="ValksorDev\Build\Tests\BinaryRegistryTest" classname="ValksorDev.Build.Tests.BinaryRegistryTest" assertions="2" time="0.000970"/>
        <testcase name="testGetExistingProvider" file="/var/www/html/valksor-dev/src/ValksorDev/Build/Tests/BinaryRegistryTest.php" line="37" class="ValksorDev\Build\Tests\BinaryRegistryTest" classname="ValksorDev.Build.Tests.BinaryRegistryTest" assertions="1" time="0.000405"/>
        <testcase name="testGetNonExistentProviderThrowsException" file="/var/www/html/valksor-dev/src/ValksorDev/Build/Tests/BinaryRegistryTest.php" line="43" class="ValksorDev\Build\Tests\BinaryRegistryTest" classname="ValksorDev.Build.Tests.BinaryRegistryTest" assertions="2" time="0.000470"/>
        <testcase name="testHasProvider" file="/var/www/html/valksor-dev/src/ValksorDev/Build/Tests/BinaryRegistryTest.php" line="51" class="ValksorDev\Build\Tests\BinaryRegistryTest" classname="ValksorDev.Build.Tests.BinaryRegistryTest" assertions="2" time="0.000375"/>
        <testcase name="testMultipleProvidersRegistration" file="/var/www/html/valksor-dev/src/ValksorDev/Build/Tests/BinaryRegistryTest.php" line="57" class="ValksorDev\Build\Tests\BinaryRegistryTest" classname="ValksorDev.Build.Tests.BinaryRegistryTest" assertions="3" time="0.000515"/>
        <testcase name="testProviderOverride" file="/var/www/html/valksor-dev/src/ValksorDev/Build/Tests/BinaryRegistryTest.php" line="72" class="ValksorDev\Build\Tests\BinaryRegistryTest" classname="ValksorDev.Build.Tests.BinaryRegistryTest" assertions="3" time="0.000490"/>
        <testcase name="testRegisterProvider" file="/var/www/html/valksor-dev/src/ValksorDev/Build/Tests/BinaryRegistryTest.php" line="84" class="ValksorDev\Build\Tests\BinaryRegistryTest" classname="ValksorDev.Build.Tests.BinaryRegistryTest" assertions="2" time="0.000406"/>
      </testsuite>
      <testsuite name="ValksorDev\Build\Tests\DevCommandTest" file="/var/www/html/valksor-dev/src/ValksorDev/Build/Tests/DevCommandTest.php" tests="8" assertions="6" errors="0" failures="0" skipped="0" time="0.012694">
        <testcase name="testCommandConfiguration" file="/var/www/html/valksor-dev/src/ValksorDev/Build/Tests/DevCommandTest.php" line="37" class="ValksorDev\Build\Tests\DevCommandTest" classname="ValksorDev.Build.Tests.DevCommandTest" assertions="2" time="0.002357"/>
        <testcase name="testCommandDescription" file="/var/www/html/valksor-dev/src/ValksorDev/Build/Tests/DevCommandTest.php" line="46" class="ValksorDev\Build\Tests\DevCommandTest" classname="ValksorDev.Build.Tests.DevCommandTest" assertions="1" time="0.000354"/>
        <testcase name="testCommandExecution" file="/var/www/html/valksor-dev/src/ValksorDev/Build/Tests/DevCommandTest.php" line="56" class="ValksorDev\Build\Tests\DevCommandTest" classname="ValksorDev.Build.Tests.DevCommandTest" assertions="1" time="0.007576"/>
        <testcase name="testCommandName" file="/var/www/html/valksor-dev/src/ValksorDev/Build/Tests/DevCommandTest.php" line="75" class="ValksorDev\Build\Tests\DevCommandTest" classname="ValksorDev.Build.Tests.DevCommandTest" assertions="1" time="0.000342"/>
        <testcase name="testGetProviderRegistry" file="/var/www/html/valksor-dev/src/ValksorDev/Build/Tests/DevCommandTest.php" line="85" class="ValksorDev\Build\Tests\DevCommandTest" classname="ValksorDev.Build.Tests.DevCommandTest" assertions="1" time="0.000493"/>
        <testcase name="testWithDifferentDevService" file="/var/www/html/valksor-dev/src/ValksorDev/Build/Tests/DevCommandTest.php" line="95" class="ValksorDev\Build\Tests\DevCommandTest" classname="ValksorDev.Build.Tests.DevCommandTest" assertions="0" time="0.000552"/>
        <testcase name="testWithEmptyServices" file="/var/www/html/valksor-dev/src/ValksorDev/Build/Tests/DevCommandTest.php" line="108" class="ValksorDev\Build\Tests\DevCommandTest" classname="ValksorDev.Build.Tests.DevCommandTest" assertions="0" time="0.000693"/>
        <testcase name="testWithProductionEnvironment" file="/var/www/html/valksor-dev/src/ValksorDev/Build/Tests/DevCommandTest.php" line="121" class="ValksorDev\Build\Tests\DevCommandTest" classname="ValksorDev.Build.Tests.DevCommandTest" assertions="0" time="0.000325"/>
      </testsuite>
      <testsuite name="ValksorDev\Build\Tests\DevServiceTest" file="/var/www/html/valksor-dev/src/ValksorDev/Build/Tests/DevServiceTest.php" tests="9" assertions="14" errors="0" failures="0" skipped="0" time="0.006363">
        <testcase name="testGetParameterBag" file="/var/www/html/valksor-dev/src/ValksorDev/Build/Tests/DevServiceTest.php" line="36" class="ValksorDev\Build\Tests\DevServiceTest" classname="ValksorDev.Build.Tests.DevServiceTest" assertions="1" time="0.003142"/>
        <testcase name="testGetProviderRegistry" file="/var/www/html/valksor-dev/src/ValksorDev/Build/Tests/DevServiceTest.php" line="43" class="ValksorDev\Build\Tests\DevServiceTest" classname="ValksorDev.Build.Tests.DevServiceTest" assertions="1" time="0.000363"/>
        <testcase name="testGetServiceName" file="/var/www/html/valksor-dev/src/ValksorDev/Build/Tests/DevServiceTest.php" line="50" class="ValksorDev\Build\Tests\DevServiceTest" classname="ValksorDev.Build.Tests.DevServiceTest" assertions="1" time="0.000418"/>
        <testcase name="testSetIo" file="/var/www/html/valksor-dev/src/ValksorDev/Build/Tests/DevServiceTest.php" line="58" class="ValksorDev\Build\Tests\DevServiceTest" classname="ValksorDev.Build.Tests.DevServiceTest" assertions="1" time="0.000340"/>
        <testcase name="testStart" file="/var/www/html/valksor-dev/src/ValksorDev/Build/Tests/DevServiceTest.php" line="70" class="ValksorDev\Build\Tests\DevServiceTest" classname="ValksorDev.Build.Tests.DevServiceTest" assertions="2" time="0.000368"/>
        <testcase name="testStartWithoutIo" file="/var/www/html/valksor-dev/src/ValksorDev/Build/Tests/DevServiceTest.php" line="87" class="ValksorDev\Build\Tests\DevServiceTest" classname="ValksorDev.Build.Tests.DevServiceTest" assertions="2" time="0.000349"/>
        <testcase name="testStop" file="/var/www/html/valksor-dev/src/ValksorDev/Build/Tests/DevServiceTest.php" line="102" class="ValksorDev\Build\Tests\DevServiceTest" classname="ValksorDev.Build.Tests.DevServiceTest" assertions="2" time="0.000652"/>
        <testcase name="testWithDifferentEnvironment" file="/var/www/html/valksor-dev/src/ValksorDev/Build/Tests/DevServiceTest.php" line="116" class="ValksorDev\Build\Tests\DevServiceTest" classname="ValksorDev.Build.Tests.DevServiceTest" assertions="1" time="0.000314"/>
        <testcase name="testWithEmptyServices" file="/var/www/html/valksor-dev/src/ValksorDev/Build/Tests/DevServiceTest.php" line="134" class="ValksorDev\Build\Tests\DevServiceTest" classname="ValksorDev.Build.Tests.DevServiceTest" assertions="3" time="0.000416"/>
      </testsuite>
      <testsuite name="ValksorDev\Build\Tests\DevWatchCommandTest" file="/var/www/html/valksor-dev/src/ValksorDev/Build/Tests/DevWatchCommandTest.php" tests="9" assertions="9" errors="0" failures="0" skipped="0" time="0.006910">
        <testcase name="testCommandConfiguration" file="/var/www/html/valksor-dev/src/ValksorDev/Build/Tests/DevWatchCommandTest.php" line="39" class="ValksorDev\Build\Tests\DevWatchCommandTest" classname="ValksorDev.Build.Tests.DevWatchCommandTest" assertions="3" time="0.002147"/>
        <testcase name="testCommandDescription" file="/var/www/html/valksor-dev/src/ValksorDev/Build/Tests/DevWatchCommandTest.php" line="52" class="ValksorDev\Build\Tests\DevWatchCommandTest" classname="ValksorDev.Build.Tests.DevWatchCommandTest" assertions="1" time="0.000327"/>
        <testcase name="testCommandExecution" file="/var/www/html/valksor-dev/src/ValksorDev/Build/Tests/DevWatchCommandTest.php" line="62" class="ValksorDev\Build\Tests\DevWatchCommandTest" classname="ValksorDev.Build.Tests.DevWatchCommandTest" assertions="1" time="0.001643"/>
        <testcase name="testCommandName" file="/var/www/html/valksor-dev/src/ValksorDev/Build/Tests/DevWatchCommandTest.php" line="80" class="ValksorDev\Build\Tests\DevWatchCommandTest" classname="ValksorDev.Build.Tests.DevWatchCommandTest" assertions="1" time="0.000330"/>
        <testcase name="testGetProviderRegistry" file="/var/www/html/valksor-dev/src/ValksorDev/Build/Tests/DevWatchCommandTest.php" line="90" class="ValksorDev\Build\Tests\DevWatchCommandTest" classname="ValksorDev.Build.Tests.DevWatchCommandTest" assertions="1" time="0.000487"/>
        <testcase name="testServiceIntegration" file="/var/www/html/valksor-dev/src/ValksorDev/Build/Tests/DevWatchCommandTest.php" line="100" class="ValksorDev\Build\Tests\DevWatchCommandTest" classname="ValksorDev.Build.Tests.DevWatchCommandTest" assertions="2" time="0.000857"/>
        <testcase name="testWithDifferentDevWatchService" file="/var/www/html/valksor-dev/src/ValksorDev/Build/Tests/DevWatchCommandTest.php" line="109" class="ValksorDev\Build\Tests\DevWatchCommandTest" classname="ValksorDev.Build.Tests.DevWatchCommandTest" assertions="0" time="0.000335"/>
        <testcase name="testWithEmptyServices" file="/var/www/html/valksor-dev/src/ValksorDev/Build/Tests/DevWatchCommandTest.php" line="122" class="ValksorDev\Build\Tests\DevWatchCommandTest" classname="ValksorDev.Build.Tests.DevWatchCommandTest" assertions="0" time="0.000406"/>
        <testcase name="testWithProductionEnvironment" file="/var/www/html/valksor-dev/src/ValksorDev/Build/Tests/DevWatchCommandTest.php" line="135" class="ValksorDev\Build\Tests\DevWatchCommandTest" classname="ValksorDev.Build.Tests.DevWatchCommandTest" assertions="0" time="0.000378"/>
      </testsuite>
      <testsuite name="ValksorDev\Build\Tests\DevWatchServiceTest" file="/var/www/html/valksor-dev/src/ValksorDev/Build/Tests/DevWatchServiceTest.php" tests="11" assertions="12" errors="0" failures="0" skipped="0" time="0.266551">
        <testcase name="testGetParameterBag" file="/var/www/html/valksor-dev/src/ValksorDev/Build/Tests/DevWatchServiceTest.php" line="35" class="ValksorDev\Build\Tests\DevWatchServiceTest" classname="ValksorDev.Build.Tests.DevWatchServiceTest" assertions="1" time="0.000392"/>
        <testcase name="testGetProviderRegistry" file="/var/www/html/valksor-dev/src/ValksorDev/Build/Tests/DevWatchServiceTest.php" line="42" class="ValksorDev\Build\Tests\DevWatchServiceTest" classname="ValksorDev.Build.Tests.DevWatchServiceTest" assertions="1" time="0.000351"/>
        <testcase name="testSetIo" file="/var/www/html/valksor-dev/src/ValksorDev/Build/Tests/DevWatchServiceTest.php" line="49" class="ValksorDev\Build\Tests\DevWatchServiceTest" classname="ValksorDev.Build.Tests.DevWatchServiceTest" assertions="1" time="0.000321"/>
        <testcase name="testStart" file="/var/www/html/valksor-dev/src/ValksorDev/Build/Tests/DevWatchServiceTest.php" line="59" class="ValksorDev\Build\Tests\DevWatchServiceTest" classname="ValksorDev.Build.Tests.DevWatchServiceTest" assertions="1" time="0.000390"/>
        <testcase name="testStartWithInitServicesOnly" file="/var/www/html/valksor-dev/src/ValksorDev/Build/Tests/DevWatchServiceTest.php" line="74" class="ValksorDev\Build\Tests\DevWatchServiceTest" classname="ValksorDev.Build.Tests.DevWatchServiceTest" assertions="2" time="0.262678"/>
        <testcase name="testStartWithMissingProviders" file="/var/www/html/valksor-dev/src/ValksorDev/Build/Tests/DevWatchServiceTest.php" line="181" class="ValksorDev\Build\Tests\DevWatchServiceTest" classname="ValksorDev.Build.Tests.DevWatchServiceTest" assertions="1" time="0.000665"/>
        <testcase name="testStartWithoutIo" file="/var/www/html/valksor-dev/src/ValksorDev/Build/Tests/DevWatchServiceTest.php" line="246" class="ValksorDev\Build\Tests\DevWatchServiceTest" classname="ValksorDev.Build.Tests.DevWatchServiceTest" assertions="1" time="0.000351"/>
        <testcase name="testStop" file="/var/www/html/valksor-dev/src/ValksorDev/Build/Tests/DevWatchServiceTest.php" line="259" class="ValksorDev\Build\Tests\DevWatchServiceTest" classname="ValksorDev.Build.Tests.DevWatchServiceTest" assertions="1" time="0.000367"/>
        <testcase name="testWithDifferentEnvironment" file="/var/www/html/valksor-dev/src/ValksorDev/Build/Tests/DevWatchServiceTest.php" line="269" class="ValksorDev\Build\Tests\DevWatchServiceTest" classname="ValksorDev.Build.Tests.DevWatchServiceTest" assertions="1" time="0.000327"/>
        <testcase name="testWithDisabledServices" file="/var/www/html/valksor-dev/src/ValksorDev/Build/Tests/DevWatchServiceTest.php" line="287" class="ValksorDev\Build\Tests\DevWatchServiceTest" classname="ValksorDev.Build.Tests.DevWatchServiceTest" assertions="1" time="0.000362"/>
        <testcase name="testWithEmptyServices" file="/var/www/html/valksor-dev/src/ValksorDev/Build/Tests/DevWatchServiceTest.php" line="320" class="ValksorDev\Build\Tests\DevWatchServiceTest" classname="ValksorDev.Build.Tests.DevWatchServiceTest" assertions="1" time="0.000347"/>
      </testsuite>
      <testsuite name="ValksorDev\Build\Tests\GenericNpmBinaryProviderTest" file="/var/www/html/valksor-dev/src/ValksorDev/Build/Tests/GenericNpmBinaryProviderTest.php" tests="7" assertions="22" errors="0" failures="0" skipped="0" time="0.016371">
        <testcase name="testCreateManager" file="/var/www/html/valksor-dev/src/ValksorDev/Build/Tests/GenericNpmBinaryProviderTest.php" line="43" class="ValksorDev\Build\Tests\GenericNpmBinaryProviderTest" classname="ValksorDev.Build.Tests.GenericNpmBinaryProviderTest" assertions="2" time="0.002511"/>
        <testcase name="testCreateManagerWithRequestedName" file="/var/www/html/valksor-dev/src/ValksorDev/Build/Tests/GenericNpmBinaryProviderTest.php" line="57" class="ValksorDev\Build\Tests\GenericNpmBinaryProviderTest" classname="ValksorDev.Build.Tests.GenericNpmBinaryProviderTest" assertions="2" time="0.005191"/>
        <testcase name="testEnsureAll" file="/var/www/html/valksor-dev/src/ValksorDev/Build/Tests/GenericNpmBinaryProviderTest.php" line="74" class="ValksorDev\Build\Tests\GenericNpmBinaryProviderTest" classname="ValksorDev.Build.Tests.GenericNpmBinaryProviderTest" assertions="2" time="0.003501"/>
        <testcase name="testMultiplePackages" file="/var/www/html/valksor-dev/src/ValksorDev/Build/Tests/GenericNpmBinaryProviderTest.php" line="88" class="ValksorDev\Build\Tests\GenericNpmBinaryProviderTest" classname="ValksorDev.Build.Tests.GenericNpmBinaryProviderTest" assertions="6" time="0.002054"/>
        <testcase name="testPackageDirConversion" file="/var/www/html/valksor-dev/src/ValksorDev/Build/Tests/GenericNpmBinaryProviderTest.php" line="107" class="ValksorDev\Build\Tests\GenericNpmBinaryProviderTest" classname="ValksorDev.Build.Tests.GenericNpmBinaryProviderTest" assertions="4" time="0.000966"/>
        <testcase name="testSinglePackage" file="/var/www/html/valksor-dev/src/ValksorDev/Build/Tests/GenericNpmBinaryProviderTest.php" line="124" class="ValksorDev\Build\Tests\GenericNpmBinaryProviderTest" classname="ValksorDev.Build.Tests.GenericNpmBinaryProviderTest" assertions="5" time="0.001247"/>
        <testcase name="testWhitespaceHandling" file="/var/www/html/valksor-dev/src/ValksorDev/Build/Tests/GenericNpmBinaryProviderTest.php" line="138" class="ValksorDev\Build\Tests\GenericNpmBinaryProviderTest" classname="ValksorDev.Build.Tests.GenericNpmBinaryProviderTest" assertions="1" time="0.000900"/>
      </testsuite>
      <testsuite name="ValksorDev\Build\Tests\HotReloadCommandTest" file="/var/www/html/valksor-dev/src/ValksorDev/Build/Tests/HotReloadCommandTest.php" tests="5" assertions="5" errors="0" failures="0" skipped="0" time="0.011174">
        <testcase name="testCommandConfigure" file="/var/www/html/valksor-dev/src/ValksorDev/Build/Tests/HotReloadCommandTest.php" line="35" class="ValksorDev\Build\Tests\HotReloadCommandTest" classname="ValksorDev.Build.Tests.HotReloadCommandTest" assertions="1" time="0.006638"/>
        <testcase name="testCommandExecution" file="/var/www/html/valksor-dev/src/ValksorDev/Build/Tests/HotReloadCommandTest.php" line="45" class="ValksorDev\Build\Tests\HotReloadCommandTest" classname="ValksorDev.Build.Tests.HotReloadCommandTest" assertions="1" time="0.001584"/>
        <testcase name="testCommandExecutionWithNonInteractiveOption" file="/var/www/html/valksor-dev/src/ValksorDev/Build/Tests/HotReloadCommandTest.php" line="62" class="ValksorDev\Build\Tests\HotReloadCommandTest" classname="ValksorDev.Build.Tests.HotReloadCommandTest" assertions="1" time="0.000344"/>
        <testcase name="testCommandExecutionWithoutWatchOption" file="/var/www/html/valksor-dev/src/ValksorDev/Build/Tests/HotReloadCommandTest.php" line="79" class="ValksorDev\Build\Tests\HotReloadCommandTest" classname="ValksorDev.Build.Tests.HotReloadCommandTest" assertions="1" time="0.001702"/>
        <testcase name="testCommandInApplication" file="/var/www/html/valksor-dev/src/ValksorDev/Build/Tests/HotReloadCommandTest.php" line="93" class="ValksorDev\Build\Tests\HotReloadCommandTest" classname="ValksorDev.Build.Tests.HotReloadCommandTest" assertions="1" time="0.000906"/>
      </testsuite>
      <testsuite name="ValksorDev\Build\Tests\HotReloadServiceTest" file="/var/www/html/valksor-dev/src/ValksorDev/Build/Tests/HotReloadServiceTest.php" tests="8" assertions="9" errors="0" failures="0" skipped="0" time="3.332976">
        <testcase name="testGetServiceName" file="/var/www/html/valksor-dev/src/ValksorDev/Build/Tests/HotReloadServiceTest.php" line="39" class="ValksorDev\Build\Tests\HotReloadServiceTest" classname="ValksorDev.Build.Tests.HotReloadServiceTest" assertions="1" time="0.003921"/>
        <testcase name="testIsRunning" file="/var/www/html/valksor-dev/src/ValksorDev/Build/Tests/HotReloadServiceTest.php" line="44" class="ValksorDev\Build\Tests\HotReloadServiceTest" classname="ValksorDev.Build.Tests.HotReloadServiceTest" assertions="1" time="0.000757"/>
        <testcase name="testStartWithMinimalConfig" file="/var/www/html/valksor-dev/src/ValksorDev/Build/Tests/HotReloadServiceTest.php" line="55" class="ValksorDev\Build\Tests\HotReloadServiceTest" classname="ValksorDev.Build.Tests.HotReloadServiceTest" assertions="2" time="1.107324"/>
        <testcase name="testStartWithNoWatchDirectories" file="/var/www/html/valksor-dev/src/ValksorDev/Build/Tests/HotReloadServiceTest.php" line="86" class="ValksorDev\Build\Tests\HotReloadServiceTest" classname="ValksorDev.Build.Tests.HotReloadServiceTest" assertions="2" time="0.005181"/>
        <testcase name="testStartWithValidConfiguration" file="/var/www/html/valksor-dev/src/ValksorDev/Build/Tests/HotReloadServiceTest.php" line="118" class="ValksorDev\Build\Tests\HotReloadServiceTest" classname="ValksorDev.Build.Tests.HotReloadServiceTest" assertions="1" time="1.104902"/>
        <testcase name="testStop" file="/var/www/html/valksor-dev/src/ValksorDev/Build/Tests/HotReloadServiceTest.php" line="156" class="ValksorDev\Build\Tests\HotReloadServiceTest" classname="ValksorDev.Build.Tests.HotReloadServiceTest" assertions="0" time="0.002417"/>
        <testcase name="testWithDifferentExtensions" file="/var/www/html/valksor-dev/src/ValksorDev/Build/Tests/HotReloadServiceTest.php" line="165" class="ValksorDev\Build\Tests\HotReloadServiceTest" classname="ValksorDev.Build.Tests.HotReloadServiceTest" assertions="2" time="1.106306"/>
        <testcase name="testWithProductionEnvironment" file="/var/www/html/valksor-dev/src/ValksorDev/Build/Tests/HotReloadServiceTest.php" line="200" class="ValksorDev\Build\Tests\HotReloadServiceTest" classname="ValksorDev.Build.Tests.HotReloadServiceTest" assertions="0" time="0.002168"/>
      </testsuite>
      <testsuite name="ValksorDev\Build\Tests\PathFilterTest" file="/var/www/html/valksor-dev/src/ValksorDev/Build/Tests/PathFilterTest.php" tests="2" assertions="14" errors="0" failures="0" skipped="0" time="0.002226">
        <testcase name="testDirectoryFiltering" file="/var/www/html/valksor-dev/src/ValksorDev/Build/Tests/PathFilterTest.php" line="20" class="ValksorDev\Build\Tests\PathFilterTest" classname="ValksorDev.Build.Tests.PathFilterTest" assertions="3" time="0.000970"/>
        <testcase name="testPathFilteringRules" file="/var/www/html/valksor-dev/src/ValksorDev/Build/Tests/PathFilterTest.php" line="29" class="ValksorDev\Build\Tests\PathFilterTest" classname="ValksorDev.Build.Tests.PathFilterTest" assertions="11" time="0.001257"/>
      </testsuite>
      <testsuite name="ValksorDev\Build\Tests\ProcessManagerTest" file="/var/www/html/valksor-dev/src/ValksorDev/Build/Tests/ProcessManagerTest.php" tests="13" assertions="24" errors="0" failures="0" skipped="0" time="0.526640">
        <testcase name="testAddProcess" file="/var/www/html/valksor-dev/src/ValksorDev/Build/Tests/ProcessManagerTest.php" line="29" class="ValksorDev\Build\Tests\ProcessManagerTest" classname="ValksorDev.Build.Tests.ProcessManagerTest" assertions="2" time="0.004789"/>
        <testcase name="testAllProcessesRunning" file="/var/www/html/valksor-dev/src/ValksorDev/Build/Tests/ProcessManagerTest.php" line="40" class="ValksorDev\Build\Tests\ProcessManagerTest" classname="ValksorDev.Build.Tests.ProcessManagerTest" assertions="1" time="0.002426"/>
        <testcase name="testCount" file="/var/www/html/valksor-dev/src/ValksorDev/Build/Tests/ProcessManagerTest.php" line="56" class="ValksorDev\Build\Tests\ProcessManagerTest" classname="ValksorDev.Build.Tests.ProcessManagerTest" assertions="3" time="0.001159"/>
        <testcase name="testDisplayStatusWithoutIo" file="/var/www/html/valksor-dev/src/ValksorDev/Build/Tests/ProcessManagerTest.php" line="73" class="ValksorDev\Build\Tests\ProcessManagerTest" classname="ValksorDev.Build.Tests.ProcessManagerTest" assertions="1" time="0.000667"/>
        <testcase name="testExecuteProcessInteractive" file="/var/www/html/valksor-dev/src/ValksorDev/Build/Tests/ProcessManagerTest.php" line="87" class="ValksorDev\Build\Tests\ProcessManagerTest" classname="ValksorDev.Build.Tests.ProcessManagerTest" assertions="1" time="0.502595"/>
        <testcase name="testGetFailedProcesses" file="/var/www/html/valksor-dev/src/ValksorDev/Build/Tests/ProcessManagerTest.php" line="102" class="ValksorDev\Build\Tests\ProcessManagerTest" classname="ValksorDev.Build.Tests.ProcessManagerTest" assertions="3" time="0.006815"/>
        <testcase name="testGetProcessStatuses" file="/var/www/html/valksor-dev/src/ValksorDev/Build/Tests/ProcessManagerTest.php" line="130" class="ValksorDev\Build\Tests\ProcessManagerTest" classname="ValksorDev.Build.Tests.ProcessManagerTest" assertions="6" time="0.002913"/>
        <testcase name="testHasFailedProcesses" file="/var/www/html/valksor-dev/src/ValksorDev/Build/Tests/ProcessManagerTest.php" line="156" class="ValksorDev\Build\Tests\ProcessManagerTest" classname="ValksorDev.Build.Tests.ProcessManagerTest" assertions="1" time="0.001507"/>
        <testcase name="testNotAllProcessesRunning" file="/var/www/html/valksor-dev/src/ValksorDev/Build/Tests/ProcessManagerTest.php" line="174" class="ValksorDev\Build\Tests\ProcessManagerTest" classname="ValksorDev.Build.Tests.ProcessManagerTest" assertions="1" time="0.001290"/>
        <testcase name="testRemoveProcess" file="/var/www/html/valksor-dev/src/ValksorDev/Build/Tests/ProcessManagerTest.php" line="191" class="ValksorDev\Build\Tests\ProcessManagerTest" classname="ValksorDev.Build.Tests.ProcessManagerTest" assertions="2" time="0.000579"/>
        <testcase name="testShutdownStatus" file="/var/www/html/valksor-dev/src/ValksorDev/Build/Tests/ProcessManagerTest.php" line="203" class="ValksorDev\Build\Tests\ProcessManagerTest" classname="ValksorDev.Build.Tests.ProcessManagerTest" assertions="1" time="0.000568"/>
        <testcase name="testTerminateAll" file="/var/www/html/valksor-dev/src/ValksorDev/Build/Tests/ProcessManagerTest.php" line="211" class="ValksorDev\Build\Tests\ProcessManagerTest" classname="ValksorDev.Build.Tests.ProcessManagerTest" assertions="1" time="0.000628"/>
        <testcase name="testWithSymfonyStyle" file="/var/www/html/valksor-dev/src/ValksorDev/Build/Tests/ProcessManagerTest.php" line="227" class="ValksorDev\Build\Tests\ProcessManagerTest" classname="ValksorDev.Build.Tests.ProcessManagerTest" assertions="1" time="0.000704"/>
      </testsuite>
      <testsuite name="ValksorDev\Build\Tests\ProviderRegistryTest" file="/var/www/html/valksor-dev/src/ValksorDev/Build/Tests/ProviderRegistryTest.php" tests="12" assertions="30" errors="0" failures="0" skipped="0" time="0.009582">
        <testcase name="testGetAvailableNames" file="/var/www/html/valksor-dev/src/ValksorDev/Build/Tests/ProviderRegistryTest.php" line="30" class="ValksorDev\Build\Tests\ProviderRegistryTest" classname="ValksorDev.Build.Tests.ProviderRegistryTest" assertions="3" time="0.001449"/>
        <testcase name="testGetExistingProvider" file="/var/www/html/valksor-dev/src/ValksorDev/Build/Tests/ProviderRegistryTest.php" line="38" class="ValksorDev\Build\Tests\ProviderRegistryTest" classname="ValksorDev.Build.Tests.ProviderRegistryTest" assertions="1" time="0.000558"/>
        <testcase name="testGetNonExistentProviderThrowsException" file="/var/www/html/valksor-dev/src/ValksorDev/Build/Tests/ProviderRegistryTest.php" line="44" class="ValksorDev\Build\Tests\ProviderRegistryTest" classname="ValksorDev.Build.Tests.ProviderRegistryTest" assertions="2" time="0.000618"/>
        <testcase name="testGetProvidersByFlag" file="/var/www/html/valksor-dev/src/ValksorDev/Build/Tests/ProviderRegistryTest.php" line="52" class="ValksorDev\Build\Tests\ProviderRegistryTest" classname="ValksorDev.Build.Tests.ProviderRegistryTest" assertions="6" time="0.000779"/>
        <testcase name="testGetProvidersByFlagSkipsMissingProviders" file="/var/www/html/valksor-dev/src/ValksorDev/Build/Tests/ProviderRegistryTest.php" line="80" class="ValksorDev\Build\Tests\ProviderRegistryTest" classname="ValksorDev.Build.Tests.ProviderRegistryTest" assertions="1" time="0.000685"/>
        <testcase name="testGetProvidersByFlagWithCustomProvider" file="/var/www/html/valksor-dev/src/ValksorDev/Build/Tests/ProviderRegistryTest.php" line="94" class="ValksorDev\Build\Tests\ProviderRegistryTest" classname="ValksorDev.Build.Tests.ProviderRegistryTest" assertions="2" time="0.000667"/>
        <testcase name="testHasProvider" file="/var/www/html/valksor-dev/src/ValksorDev/Build/Tests/ProviderRegistryTest.php" line="109" class="ValksorDev\Build\Tests\ProviderRegistryTest" classname="ValksorDev.Build.Tests.ProviderRegistryTest" assertions="3" time="0.000713"/>
        <testcase name="testMultipleProvidersRegistration" file="/var/www/html/valksor-dev/src/ValksorDev/Build/Tests/ProviderRegistryTest.php" line="116" class="ValksorDev\Build\Tests\ProviderRegistryTest" classname="ValksorDev.Build.Tests.ProviderRegistryTest" assertions="3" time="0.001063"/>
        <testcase name="testProviderDependencyResolution" file="/var/www/html/valksor-dev/src/ValksorDev/Build/Tests/ProviderRegistryTest.php" line="135" class="ValksorDev\Build\Tests\ProviderRegistryTest" classname="ValksorDev.Build.Tests.ProviderRegistryTest" assertions="1" time="0.000866"/>
        <testcase name="testProviderOverride" file="/var/www/html/valksor-dev/src/ValksorDev/Build/Tests/ProviderRegistryTest.php" line="168" class="ValksorDev\Build\Tests\ProviderRegistryTest" classname="ValksorDev.Build.Tests.ProviderRegistryTest" assertions="3" time="0.000907"/>
        <testcase name="testRegisterProvider" file="/var/www/html/valksor-dev/src/ValksorDev/Build/Tests/ProviderRegistryTest.php" line="182" class="ValksorDev\Build\Tests\ProviderRegistryTest" classname="ValksorDev.Build.Tests.ProviderRegistryTest" assertions="2" time="0.000750"/>
        <testcase name="testValidateProviders" file="/var/www/html/valksor-dev/src/ValksorDev/Build/Tests/ProviderRegistryTest.php" line="195" class="ValksorDev\Build\Tests\ProviderRegistryTest" classname="ValksorDev.Build.Tests.ProviderRegistryTest" assertions="3" time="0.000527"/>
      </testsuite>
      <testsuite name="ValksorDev\Build\Tests\RecursiveInotifyWatcherTest" file="/var/www/html/valksor-dev/src/ValksorDev/Build/Tests/RecursiveInotifyWatcherTest.php" tests="12" assertions="10" errors="0" failures="0" skipped="1" time="0.037144">
        <testcase name="testAddDuplicateRoot" file="/var/www/html/valksor-dev/src/ValksorDev/Build/Tests/RecursiveInotifyWatcherTest.php" line="33" class="ValksorDev\Build\Tests\RecursiveInotifyWatcherTest" classname="ValksorDev.Build.Tests.RecursiveInotifyWatcherTest" assertions="1" time="0.004170"/>
        <testcase name="testAddMultipleRoots" file="/var/www/html/valksor-dev/src/ValksorDev/Build/Tests/RecursiveInotifyWatcherTest.php" line="48" class="ValksorDev\Build\Tests\RecursiveInotifyWatcherTest" classname="ValksorDev.Build.Tests.RecursiveInotifyWatcherTest" assertions="1" time="0.001334"/>
        <testcase name="testAddNonExistentRoot" file="/var/www/html/valksor-dev/src/ValksorDev/Build/Tests/RecursiveInotifyWatcherTest.php" line="69" class="ValksorDev\Build\Tests\RecursiveInotifyWatcherTest" classname="ValksorDev.Build.Tests.RecursiveInotifyWatcherTest" assertions="1" time="0.000559"/>
        <testcase name="testAddRoot" file="/var/www/html/valksor-dev/src/ValksorDev/Build/Tests/RecursiveInotifyWatcherTest.php" line="84" class="ValksorDev\Build\Tests\RecursiveInotifyWatcherTest" classname="ValksorDev.Build.Tests.RecursiveInotifyWatcherTest" assertions="1" time="0.004231"/>
        <testcase name="testCallbackInvocation" file="/var/www/html/valksor-dev/src/ValksorDev/Build/Tests/RecursiveInotifyWatcherTest.php" line="98" class="ValksorDev\Build\Tests\RecursiveInotifyWatcherTest" classname="ValksorDev.Build.Tests.RecursiveInotifyWatcherTest" assertions="1" time="0.004905"/>
        <testcase name="testComplexDirectoryStructure" file="/var/www/html/valksor-dev/src/ValksorDev/Build/Tests/RecursiveInotifyWatcherTest.php" line="122" class="ValksorDev\Build\Tests\RecursiveInotifyWatcherTest" classname="ValksorDev.Build.Tests.RecursiveInotifyWatcherTest" assertions="1" time="0.006054"/>
        <testcase name="testConstructorWithInotifyAvailable" file="/var/www/html/valksor-dev/src/ValksorDev/Build/Tests/RecursiveInotifyWatcherTest.php" line="146" class="ValksorDev\Build\Tests\RecursiveInotifyWatcherTest" classname="ValksorDev.Build.Tests.RecursiveInotifyWatcherTest" assertions="0" time="0.000470"/>
        <testcase name="testConstructorWithoutInotify" file="/var/www/html/valksor-dev/src/ValksorDev/Build/Tests/RecursiveInotifyWatcherTest.php" line="157" class="ValksorDev\Build\Tests\RecursiveInotifyWatcherTest" classname="ValksorDev.Build.Tests.RecursiveInotifyWatcherTest" assertions="0" time="0.000522">
          <skipped/>
        </testcase>
        <testcase name="testGetStream" file="/var/www/html/valksor-dev/src/ValksorDev/Build/Tests/RecursiveInotifyWatcherTest.php" line="172" class="ValksorDev\Build\Tests\RecursiveInotifyWatcherTest" classname="ValksorDev.Build.Tests.RecursiveInotifyWatcherTest" assertions="1" time="0.003953"/>
        <testcase name="testPoll" file="/var/www/html/valksor-dev/src/ValksorDev/Build/Tests/RecursiveInotifyWatcherTest.php" line="186" class="ValksorDev\Build\Tests\RecursiveInotifyWatcherTest" classname="ValksorDev.Build.Tests.RecursiveInotifyWatcherTest" assertions="1" time="0.005473"/>
        <testcase name="testStopAndCleanup" file="/var/www/html/valksor-dev/src/ValksorDev/Build/Tests/RecursiveInotifyWatcherTest.php" line="201" class="ValksorDev\Build\Tests\RecursiveInotifyWatcherTest" classname="ValksorDev.Build.Tests.RecursiveInotifyWatcherTest" assertions="1" time="0.004316"/>
        <testcase name="testWithCustomPathFilter" file="/var/www/html/valksor-dev/src/ValksorDev/Build/Tests/RecursiveInotifyWatcherTest.php" line="216" class="ValksorDev\Build\Tests\RecursiveInotifyWatcherTest" classname="ValksorDev.Build.Tests.RecursiveInotifyWatcherTest" assertions="1" time="0.001155"/>
      </testsuite>
      <testsuite name="ValksorDev\Build\Tests\TailwindBuildCommandTest" file="/var/www/html/valksor-dev/src/ValksorDev/Build/Tests/TailwindBuildCommandTest.php" tests="10" assertions="11" errors="0" failures="0" skipped="0" time="0.007830">
        <testcase name="testCommandConfiguration" file="/var/www/html/valksor-dev/src/ValksorDev/Build/Tests/TailwindBuildCommandTest.php" line="39" class="ValksorDev\Build\Tests\TailwindBuildCommandTest" classname="ValksorDev.Build.Tests.TailwindBuildCommandTest" assertions="3" time="0.002479"/>
        <testcase name="testCommandDescription" file="/var/www/html/valksor-dev/src/ValksorDev/Build/Tests/TailwindBuildCommandTest.php" line="52" class="ValksorDev\Build\Tests\TailwindBuildCommandTest" classname="ValksorDev.Build.Tests.TailwindBuildCommandTest" assertions="1" time="0.000449"/>
        <testcase name="testCommandExecution" file="/var/www/html/valksor-dev/src/ValksorDev/Build/Tests/TailwindBuildCommandTest.php" line="62" class="ValksorDev\Build\Tests\TailwindBuildCommandTest" classname="ValksorDev.Build.Tests.TailwindBuildCommandTest" assertions="1" time="0.001548"/>
        <testcase name="testCommandName" file="/var/www/html/valksor-dev/src/ValksorDev/Build/Tests/TailwindBuildCommandTest.php" line="80" class="ValksorDev\Build\Tests\TailwindBuildCommandTest" classname="ValksorDev.Build.Tests.TailwindBuildCommandTest" assertions="1" time="0.000413"/>
        <testcase name="testGetProviderRegistry" file="/var/www/html/valksor-dev/src/ValksorDev/Build/Tests/TailwindBuildCommandTest.php" line="90" class="ValksorDev\Build\Tests\TailwindBuildCommandTest" classname="ValksorDev.Build.Tests.TailwindBuildCommandTest" assertions="1" time="0.000420"/>
        <testcase name="testGetTailwindService" file="/var/www/html/valksor-dev/src/ValksorDev/Build/Tests/TailwindBuildCommandTest.php" line="103" class="ValksorDev\Build\Tests\TailwindBuildCommandTest" classname="ValksorDev.Build.Tests.TailwindBuildCommandTest" assertions="1" time="0.000397"/>
        <testcase name="testServiceIntegration" file="/var/www/html/valksor-dev/src/ValksorDev/Build/Tests/TailwindBuildCommandTest.php" line="113" class="ValksorDev\Build\Tests\TailwindBuildCommandTest" classname="ValksorDev.Build.Tests.TailwindBuildCommandTest" assertions="2" time="0.000971"/>
        <testcase name="testWithDifferentProviderRegistry" file="/var/www/html/valksor-dev/src/ValksorDev/Build/Tests/TailwindBuildCommandTest.php" line="125" class="ValksorDev\Build\Tests\TailwindBuildCommandTest" classname="ValksorDev.Build.Tests.TailwindBuildCommandTest" assertions="1" time="0.000425"/>
        <testcase name="testWithEmptyParameterBag" file="/var/www/html/valksor-dev/src/ValksorDev/Build/Tests/TailwindBuildCommandTest.php" line="135" class="ValksorDev\Build\Tests\TailwindBuildCommandTest" classname="ValksorDev.Build.Tests.TailwindBuildCommandTest" assertions="0" time="0.000386"/>
        <testcase name="testWithProductionEnvironment" file="/var/www/html/valksor-dev/src/ValksorDev/Build/Tests/TailwindBuildCommandTest.php" line="146" class="ValksorDev\Build\Tests\TailwindBuildCommandTest" classname="ValksorDev.Build.Tests.TailwindBuildCommandTest" assertions="0" time="0.000343"/>
      </testsuite>
      <testsuite name="ValksorDev\Build\Tests\TailwindServiceTest" file="/var/www/html/valksor-dev/src/ValksorDev/Build/Tests/TailwindServiceTest.php" tests="11" assertions="18" errors="0" failures="0" skipped="0" time="0.070400">
        <testcase name="testBuildFailure" file="/var/www/html/valksor-dev/src/ValksorDev/Build/Tests/TailwindServiceTest.php" line="37" class="ValksorDev\Build\Tests\TailwindServiceTest" classname="ValksorDev.Build.Tests.TailwindServiceTest" assertions="1" time="0.020612"/>
        <testcase name="testDiscoverSources" file="/var/www/html/valksor-dev/src/ValksorDev/Build/Tests/TailwindServiceTest.php" line="65" class="ValksorDev\Build\Tests\TailwindServiceTest" classname="ValksorDev.Build.Tests.TailwindServiceTest" assertions="5" time="0.012726"/>
        <testcase name="testGetServiceName" file="/var/www/html/valksor-dev/src/ValksorDev/Build/Tests/TailwindServiceTest.php" line="97" class="ValksorDev\Build\Tests\TailwindServiceTest" classname="ValksorDev.Build.Tests.TailwindServiceTest" assertions="1" time="0.001637"/>
        <testcase name="testSetActiveAppId" file="/var/www/html/valksor-dev/src/ValksorDev/Build/Tests/TailwindServiceTest.php" line="102" class="ValksorDev\Build\Tests\TailwindServiceTest" classname="ValksorDev.Build.Tests.TailwindServiceTest" assertions="1" time="0.001227"/>
        <testcase name="testStart" file="/var/www/html/valksor-dev/src/ValksorDev/Build/Tests/TailwindServiceTest.php" line="113" class="ValksorDev\Build\Tests\TailwindServiceTest" classname="ValksorDev.Build.Tests.TailwindServiceTest" assertions="1" time="0.009497"/>
        <testcase name="testStartWithMinify" file="/var/www/html/valksor-dev/src/ValksorDev/Build/Tests/TailwindServiceTest.php" line="149" class="ValksorDev\Build\Tests\TailwindServiceTest" classname="ValksorDev.Build.Tests.TailwindServiceTest" assertions="1" time="0.009640"/>
        <testcase name="testStartWithNoSources" file="/var/www/html/valksor-dev/src/ValksorDev/Build/Tests/TailwindServiceTest.php" line="183" class="ValksorDev\Build\Tests\TailwindServiceTest" classname="ValksorDev.Build.Tests.TailwindServiceTest" assertions="1" time="0.001664"/>
        <testcase name="testStartWithWatchMode" file="/var/www/html/valksor-dev/src/ValksorDev/Build/Tests/TailwindServiceTest.php" line="198" class="ValksorDev\Build\Tests\TailwindServiceTest" classname="ValksorDev.Build.Tests.TailwindServiceTest" assertions="1" time="0.009720"/>
        <testcase name="testStop" file="/var/www/html/valksor-dev/src/ValksorDev/Build/Tests/TailwindServiceTest.php" line="237" class="ValksorDev\Build\Tests\TailwindServiceTest" classname="ValksorDev.Build.Tests.TailwindServiceTest" assertions="3" time="0.001190"/>
        <testcase name="testWithDifferentAppId" file="/var/www/html/valksor-dev/src/ValksorDev/Build/Tests/TailwindServiceTest.php" line="254" class="ValksorDev\Build\Tests\TailwindServiceTest" classname="ValksorDev.Build.Tests.TailwindServiceTest" assertions="3" time="0.001129"/>
        <testcase name="testWithProductionEnvironment" file="/var/www/html/valksor-dev/src/ValksorDev/Build/Tests/TailwindServiceTest.php" line="269" class="ValksorDev\Build\Tests\TailwindServiceTest" classname="ValksorDev.Build.Tests.TailwindServiceTest" assertions="0" time="0.001357"/>
      </testsuite>
      <testsuite name="ValksorDev\PhpCsFixerCustomFixers\Tests\AnalyzerTest" file="/var/www/html/valksor-dev/src/ValksorDev/PhpCsFixerCustomFixers/Tests/AnalyzerTest.php" tests="4" assertions="6" errors="0" failures="0" skipped="0" time="0.027523">
        <testcase name="testGetClosingCurlyBracketMatchesOpening" file="/var/www/html/valksor-dev/src/ValksorDev/PhpCsFixerCustomFixers/Tests/AnalyzerTest.php" line="22" class="ValksorDev\PhpCsFixerCustomFixers\Tests\AnalyzerTest" classname="ValksorDev.PhpCsFixerCustomFixers.Tests.AnalyzerTest" assertions="2" time="0.025022"/>
        <testcase name="testGetClosingParenthesisMatchesOpening" file="/var/www/html/valksor-dev/src/ValksorDev/PhpCsFixerCustomFixers/Tests/AnalyzerTest.php" line="34" class="ValksorDev\PhpCsFixerCustomFixers\Tests\AnalyzerTest" classname="ValksorDev.PhpCsFixerCustomFixers.Tests.AnalyzerTest" assertions="2" time="0.000587"/>
        <testcase name="testMagicCallDelegatesToTokensAnalyzer" file="/var/www/html/valksor-dev/src/ValksorDev/PhpCsFixerCustomFixers/Tests/AnalyzerTest.php" line="46" class="ValksorDev\PhpCsFixerCustomFixers\Tests\AnalyzerTest" classname="ValksorDev.PhpCsFixerCustomFixers.Tests.AnalyzerTest" assertions="1" time="0.000739"/>
        <testcase name="testMagicCallThrowsForUnknownMethod" file="/var/www/html/valksor-dev/src/ValksorDev/PhpCsFixerCustomFixers/Tests/AnalyzerTest.php" line="55" class="ValksorDev\PhpCsFixerCustomFixers\Tests\AnalyzerTest" classname="ValksorDev.PhpCsFixerCustomFixers.Tests.AnalyzerTest" assertions="1" time="0.001175"/>
      </testsuite>
      <testsuite name="ValksorDev\PhpCsFixerCustomFixers\Tests\DeclareAfterOpeningTagFixerTest" file="/var/www/html/valksor-dev/src/ValksorDev/PhpCsFixerCustomFixers/Tests/DeclareAfterOpeningTagFixerTest.php" tests="3" assertions="3" errors="0" failures="0" skipped="0" time="0.004641">
        <testcase name="testMovesDeclareToOpeningTagLine" file="/var/www/html/valksor-dev/src/ValksorDev/PhpCsFixerCustomFixers/Tests/DeclareAfterOpeningTagFixerTest.php" line="19" class="ValksorDev\PhpCsFixerCustomFixers\Tests\DeclareAfterOpeningTagFixerTest" classname="ValksorDev.PhpCsFixerCustomFixers.Tests.DeclareAfterOpeningTagFixerTest" assertions="1" time="0.003731"/>
        <testcase name="testSkipsWhenDeclareAlreadyInline" file="/var/www/html/valksor-dev/src/ValksorDev/PhpCsFixerCustomFixers/Tests/DeclareAfterOpeningTagFixerTest.php" line="38" class="ValksorDev\PhpCsFixerCustomFixers\Tests\DeclareAfterOpeningTagFixerTest" classname="ValksorDev.PhpCsFixerCustomFixers.Tests.DeclareAfterOpeningTagFixerTest" assertions="1" time="0.000423"/>
        <testcase name="testSkipsWhenDeclareIsNotStrictTypes" file="/var/www/html/valksor-dev/src/ValksorDev/PhpCsFixerCustomFixers/Tests/DeclareAfterOpeningTagFixerTest.php" line="49" class="ValksorDev\PhpCsFixerCustomFixers\Tests\DeclareAfterOpeningTagFixerTest" classname="ValksorDev.PhpCsFixerCustomFixers.Tests.DeclareAfterOpeningTagFixerTest" assertions="1" time="0.000487"/>
      </testsuite>
      <testsuite name="ValksorDev\PhpCsFixerCustomFixers\Tests\DoctrineMigrationsFixerTest" file="/var/www/html/valksor-dev/src/ValksorDev/PhpCsFixerCustomFixers/Tests/DoctrineMigrationsFixerTest.php" tests="1" assertions="1" errors="0" failures="0" skipped="0" time="0.005078">
        <testcase name="testRemovesAutoGeneratedComments" file="/var/www/html/valksor-dev/src/ValksorDev/PhpCsFixerCustomFixers/Tests/DoctrineMigrationsFixerTest.php" line="26" class="ValksorDev\PhpCsFixerCustomFixers\Tests\DoctrineMigrationsFixerTest" classname="ValksorDev.PhpCsFixerCustomFixers.Tests.DoctrineMigrationsFixerTest" assertions="1" time="0.005078"/>
      </testsuite>
      <testsuite name="ValksorDev\PhpCsFixerCustomFixers\Tests\FixersTest" file="/var/www/html/valksor-dev/src/ValksorDev/PhpCsFixerCustomFixers/Tests/FixersTest.php" tests="2" assertions="18" errors="0" failures="0" skipped="0" time="0.011083">
        <testcase name="testGetFixersReturnsNamesIndexedByFixerName" file="/var/www/html/valksor-dev/src/ValksorDev/PhpCsFixerCustomFixers/Tests/FixersTest.php" line="23" class="ValksorDev\PhpCsFixerCustomFixers\Tests\FixersTest" classname="ValksorDev.PhpCsFixerCustomFixers.Tests.FixersTest" assertions="9" time="0.010013"/>
        <testcase name="testIteratorReturnsCustomFixerInstances" file="/var/www/html/valksor-dev/src/ValksorDev/PhpCsFixerCustomFixers/Tests/FixersTest.php" line="49" class="ValksorDev\PhpCsFixerCustomFixers\Tests\FixersTest" classname="ValksorDev.PhpCsFixerCustomFixers.Tests.FixersTest" assertions="9" time="0.001070"/>
      </testsuite>
      <testsuite name="ValksorDev\PhpCsFixerCustomFixers\Tests\LineBreakBetweenMethodArgumentsFixerTest" file="/var/www/html/valksor-dev/src/ValksorDev/PhpCsFixerCustomFixers/Tests/LineBreakBetweenMethodArgumentsFixerTest.php" tests="2" assertions="2" errors="0" failures="0" skipped="0" time="0.002781">
        <testcase name="testMergesEmptyArgumentList" file="/var/www/html/valksor-dev/src/ValksorDev/PhpCsFixerCustomFixers/Tests/LineBreakBetweenMethodArgumentsFixerTest.php" line="19" class="ValksorDev\PhpCsFixerCustomFixers\Tests\LineBreakBetweenMethodArgumentsFixerTest" classname="ValksorDev.PhpCsFixerCustomFixers.Tests.LineBreakBetweenMethodArgumentsFixerTest" assertions="1" time="0.000975"/>
        <testcase name="testSplitsArgumentsToSeparateLines" file="/var/www/html/valksor-dev/src/ValksorDev/PhpCsFixerCustomFixers/Tests/LineBreakBetweenMethodArgumentsFixerTest.php" line="44" class="ValksorDev\PhpCsFixerCustomFixers\Tests\LineBreakBetweenMethodArgumentsFixerTest" classname="ValksorDev.PhpCsFixerCustomFixers.Tests.LineBreakBetweenMethodArgumentsFixerTest" assertions="1" time="0.001805"/>
      </testsuite>
      <testsuite name="ValksorDev\PhpCsFixerCustomFixers\Tests\LineBreakBetweenStatementsFixerTest" file="/var/www/html/valksor-dev/src/ValksorDev/PhpCsFixerCustomFixers/Tests/LineBreakBetweenStatementsFixerTest.php" tests="1" assertions="1" errors="0" failures="0" skipped="0" time="0.002340">
        <testcase name="testAddsEmptyLineBetweenHandledStatements" file="/var/www/html/valksor-dev/src/ValksorDev/PhpCsFixerCustomFixers/Tests/LineBreakBetweenStatementsFixerTest.php" line="19" class="ValksorDev\PhpCsFixerCustomFixers\Tests\LineBreakBetweenStatementsFixerTest" classname="ValksorDev.PhpCsFixerCustomFixers.Tests.LineBreakBetweenStatementsFixerTest" assertions="1" time="0.002340"/>
      </testsuite>
      <testsuite name="ValksorDev\PhpCsFixerCustomFixers\Tests\NoUselessDirnameCallFixerTest" file="/var/www/html/valksor-dev/src/ValksorDev/PhpCsFixerCustomFixers/Tests/NoUselessDirnameCallFixerTest.php" tests="1" assertions="1" errors="0" failures="0" skipped="0" time="0.004723">
        <testcase name="testRewritesDirnameCalls" file="/var/www/html/valksor-dev/src/ValksorDev/PhpCsFixerCustomFixers/Tests/NoUselessDirnameCallFixerTest.php" line="19" class="ValksorDev\PhpCsFixerCustomFixers\Tests\NoUselessDirnameCallFixerTest" classname="ValksorDev.PhpCsFixerCustomFixers.Tests.NoUselessDirnameCallFixerTest" assertions="1" time="0.004723"/>
      </testsuite>
      <testsuite name="ValksorDev\PhpCsFixerCustomFixers\Tests\NoUselessStrlenFixerTest" file="/var/www/html/valksor-dev/src/ValksorDev/PhpCsFixerCustomFixers/Tests/NoUselessStrlenFixerTest.php" tests="3" assertions="3" errors="0" failures="0" skipped="0" time="0.003490">
        <testsuite name="ValksorDev\PhpCsFixerCustomFixers\Tests\NoUselessStrlenFixerTest::testConvertsStrlenComparisons" tests="3" assertions="3" errors="0" failures="0" skipped="0" time="0.003490">
          <testcase name="testConvertsStrlenComparisons with data set &quot;comparison on right&quot;" file="/var/www/html/valksor-dev/src/ValksorDev/PhpCsFixerCustomFixers/Tests/NoUselessStrlenFixerTest.php" line="21" class="ValksorDev\PhpCsFixerCustomFixers\Tests\NoUselessStrlenFixerTest" classname="ValksorDev.PhpCsFixerCustomFixers.Tests.NoUselessStrlenFixerTest" assertions="1" time="0.001657"/>
          <testcase name="testConvertsStrlenComparisons with data set &quot;comparison on left&quot;" file="/var/www/html/valksor-dev/src/ValksorDev/PhpCsFixerCustomFixers/Tests/NoUselessStrlenFixerTest.php" line="21" class="ValksorDev\PhpCsFixerCustomFixers\Tests\NoUselessStrlenFixerTest" classname="ValksorDev.PhpCsFixerCustomFixers.Tests.NoUselessStrlenFixerTest" assertions="1" time="0.000827"/>
          <testcase name="testConvertsStrlenComparisons with data set &quot;multibyte function&quot;" file="/var/www/html/valksor-dev/src/ValksorDev/PhpCsFixerCustomFixers/Tests/NoUselessStrlenFixerTest.php" line="21" class="ValksorDev\PhpCsFixerCustomFixers\Tests\NoUselessStrlenFixerTest" classname="ValksorDev.PhpCsFixerCustomFixers.Tests.NoUselessStrlenFixerTest" assertions="1" time="0.001006"/>
        </testsuite>
      </testsuite>
      <testsuite name="ValksorDev\PhpCsFixerCustomFixers\Tests\PromotedConstructorPropertyFixerTest" file="/var/www/html/valksor-dev/src/ValksorDev/PhpCsFixerCustomFixers/Tests/PromotedConstructorPropertyFixerTest.php" tests="4" assertions="4" errors="0" failures="0" skipped="0" time="0.010298">
        <testcase name="testDoesNotChangeAlreadyPromotedProperty" file="/var/www/html/valksor-dev/src/ValksorDev/PhpCsFixerCustomFixers/Tests/PromotedConstructorPropertyFixerTest.php" line="19" class="ValksorDev\PhpCsFixerCustomFixers\Tests\PromotedConstructorPropertyFixerTest" classname="ValksorDev.PhpCsFixerCustomFixers.Tests.PromotedConstructorPropertyFixerTest" assertions="1" time="0.002185"/>
        <testcase name="testPromotesConstructorProperty" file="/var/www/html/valksor-dev/src/ValksorDev/PhpCsFixerCustomFixers/Tests/PromotedConstructorPropertyFixerTest.php" line="34" class="ValksorDev\PhpCsFixerCustomFixers\Tests\PromotedConstructorPropertyFixerTest" classname="ValksorDev.PhpCsFixerCustomFixers.Tests.PromotedConstructorPropertyFixerTest" assertions="1" time="0.001932"/>
        <testcase name="testPromotesMultipleConstructorProperties" file="/var/www/html/valksor-dev/src/ValksorDev/PhpCsFixerCustomFixers/Tests/PromotedConstructorPropertyFixerTest.php" line="63" class="ValksorDev\PhpCsFixerCustomFixers\Tests\PromotedConstructorPropertyFixerTest" classname="ValksorDev.PhpCsFixerCustomFixers.Tests.PromotedConstructorPropertyFixerTest" assertions="1" time="0.003608"/>
        <testcase name="testPromotesNullableConstructorProperty" file="/var/www/html/valksor-dev/src/ValksorDev/PhpCsFixerCustomFixers/Tests/PromotedConstructorPropertyFixerTest.php" line="94" class="ValksorDev\PhpCsFixerCustomFixers\Tests\PromotedConstructorPropertyFixerTest" classname="ValksorDev.PhpCsFixerCustomFixers.Tests.PromotedConstructorPropertyFixerTest" assertions="1" time="0.002572"/>
      </testsuite>
      <testsuite name="ValksorDev\Snapshot\Tests\Integration\SnapshotGenerateCommandTest" file="/var/www/html/valksor-dev/src/ValksorDev/SnapShot/Tests/Integration/SnapshotGenerateCommandTest.php" tests="4" assertions="14" errors="0" failures="0" skipped="0" time="0.018068">
        <testcase name="testCommandExists" file="/var/www/html/valksor-dev/src/ValksorDev/SnapShot/Tests/Integration/SnapshotGenerateCommandTest.php" line="50" class="ValksorDev\Snapshot\Tests\Integration\SnapshotGenerateCommandTest" classname="ValksorDev.Snapshot.Tests.Integration.SnapshotGenerateCommandTest" assertions="2" time="0.003991"/>
        <testcase name="testGeneratesSnapshotWithExpectedSections" file="/var/www/html/valksor-dev/src/ValksorDev/SnapShot/Tests/Integration/SnapshotGenerateCommandTest.php" line="56" class="ValksorDev\Snapshot\Tests\Integration\SnapshotGenerateCommandTest" classname="ValksorDev.Snapshot.Tests.Integration.SnapshotGenerateCommandTest" assertions="8" time="0.010522"/>
        <testcase name="testMaxFilesLimitIsApplied" file="/var/www/html/valksor-dev/src/ValksorDev/SnapShot/Tests/Integration/SnapshotGenerateCommandTest.php" line="76" class="ValksorDev\Snapshot\Tests\Integration\SnapshotGenerateCommandTest" classname="ValksorDev.Snapshot.Tests.Integration.SnapshotGenerateCommandTest" assertions="2" time="0.002262"/>
        <testcase name="testWarnsWhenNoFilesFound" file="/var/www/html/valksor-dev/src/ValksorDev/SnapShot/Tests/Integration/SnapshotGenerateCommandTest.php" line="92" class="ValksorDev\Snapshot\Tests\Integration\SnapshotGenerateCommandTest" classname="ValksorDev.Snapshot.Tests.Integration.SnapshotGenerateCommandTest" assertions="2" time="0.001294"/>
      </testsuite>
      <testsuite name="ValksorDev\Snapshot\Tests\Unit\ContentProcessorTest" file="/var/www/html/valksor-dev/src/ValksorDev/SnapShot/Tests/Unit/ContentProcessorTest.php" tests="17" assertions="46" errors="0" failures="0" skipped="0" time="0.004460">
        <testcase name="testCssBlockCommentsAreStripped" file="/var/www/html/valksor-dev/src/ValksorDev/SnapShot/Tests/Unit/ContentProcessorTest.php" line="29" class="ValksorDev\Snapshot\Tests\Unit\ContentProcessorTest" classname="ValksorDev.Snapshot.Tests.Unit.ContentProcessorTest" assertions="3" time="0.000397"/>
        <testcase name="testGenericStrippingIsUsedForUnknownExtensions" file="/var/www/html/valksor-dev/src/ValksorDev/SnapShot/Tests/Unit/ContentProcessorTest.php" line="39" class="ValksorDev\Snapshot\Tests\Unit\ContentProcessorTest" classname="ValksorDev.Snapshot.Tests.Unit.ContentProcessorTest" assertions="5" time="0.000347"/>
        <testcase name="testHtmlCommentsAreStripped" file="/var/www/html/valksor-dev/src/ValksorDev/SnapShot/Tests/Unit/ContentProcessorTest.php" line="52" class="ValksorDev\Snapshot\Tests\Unit\ContentProcessorTest" classname="ValksorDev.Snapshot.Tests.Unit.ContentProcessorTest" assertions="3" time="0.000381"/>
        <testcase name="testJavaScriptCommentsAreStripped" file="/var/www/html/valksor-dev/src/ValksorDev/SnapShot/Tests/Unit/ContentProcessorTest.php" line="62" class="ValksorDev\Snapshot\Tests\Unit\ContentProcessorTest" classname="ValksorDev.Snapshot.Tests.Unit.ContentProcessorTest" assertions="4" time="0.000363"/>
        <testcase name="testJavaScriptDoubleSlashInStringIsKept" file="/var/www/html/valksor-dev/src/ValksorDev/SnapShot/Tests/Unit/ContentProcessorTest.php" line="73" class="ValksorDev\Snapshot\Tests\Unit\ContentProcessorTest" classname="ValksorDev.Snapshot.Tests.Unit.ContentProcessorTest" assertions="1" time="0.000241"/>
        <testcase name="testJsonIsReturnedUnchanged" file="/var/www/html/valksor-dev/src/ValksorDev/SnapShot/Tests/Unit/ContentProcessorTest.php" line="81" class="ValksorDev\Snapshot\Tests\Unit\ContentProcessorTest" classname="ValksorDev.Snapshot.Tests.Unit.ContentProcessorTest" assertions="1" time="0.000202"/>
        <testcase name="testMultiLinePhpCommentsAreCollapsed" file="/var/www/html/valksor-dev/src/ValksorDev/SnapShot/Tests/Unit/ContentProcessorTest.php" line="88" class="ValksorDev\Snapshot\Tests\Unit\ContentProcessorTest" classname="ValksorDev.Snapshot.Tests.Unit.ContentProcessorTest" assertions="4" time="0.000245"/>
        <testcase name="testPhpBlockCommentMarkerInsideStringIsKept" file="/var/www/html/valksor-dev/src/ValksorDev/SnapShot/Tests/Unit/ContentProcessorTest.php" line="101" class="ValksorDev\Snapshot\Tests\Unit\ContentProcessorTest" classname="ValksorDev.Snapshot.Tests.Unit.ContentProcessorTest" assertions="1" time="0.000209"/>
        <testcase name="testPhpCommentsAreStripped" file="/var/www/html/valksor-dev/src/ValksorDev/SnapShot/Tests/Unit/ContentProcessorTest.php" line="109" class="ValksorDev\Snapshot\Tests\Unit\ContentProcessorTest" classname="ValksorDev.Snapshot.Tests.Unit.ContentProcessorTest" assertions="5" time="0.000239"/>
        <testcase name="testPhpDocBlockIsStripped" file="/var/www/html/valksor-dev/src/ValksorDev/SnapShot/Tests/Unit/ContentProcessorTest.php" line="121" class="ValksorDev\Snapshot\Tests\Unit\ContentProcessorTest" classname="ValksorDev.Snapshot.Tests.Unit.ContentProcessorTest" assertions="2" time="0.000206"/>
        <testcase name="testPhpEightAttributesArePreserved" file="/var/www/html/valksor-dev/src/ValksorDev/SnapShot/Tests/Unit/ContentProcessorTest.php" line="130" class="ValksorDev\Snapshot\Tests\Unit\ContentProcessorTest" classname="ValksorDev.Snapshot.Tests.Unit.ContentProcessorTest" assertions="2" time="0.000223"/>
        <testcase name="testPhpHeredocContentIsPreserved" file="/var/www/html/valksor-dev/src/ValksorDev/SnapShot/Tests/Unit/ContentProcessorTest.php" line="146" class="ValksorDev\Snapshot\Tests\Unit\ContentProcessorTest" classname="ValksorDev.Snapshot.Tests.Unit.ContentProcessorTest" assertions="2" time="0.000239"/>
        <testcase name="testPythonCommentsAreStripped" file="/var/www/html/valksor-dev/src/ValksorDev/SnapShot/Tests/Unit/ContentProcessorTest.php" line="155" class="ValksorDev\Snapshot\Tests\Unit\ContentProcessorTest" classname="ValksorDev.Snapshot.Tests.Unit.ContentProcessorTest" assertions="2" time="0.000202"/>
        <testcase name="testShellCommentsAreStripped" file="/var/www/html/valksor-dev/src/ValksorDev/SnapShot/Tests/Unit/ContentProcessorTest.php" line="164" class="ValksorDev\Snapshot\Tests\Unit\ContentProcessorTest" classname="ValksorDev.Snapshot.Tests.Unit.ContentProcessorTest" assertions="4" time="0.000248"/>
        <testcase name="testWhitespaceOnlyLinesAreBlanked" file="/var/www/html/valksor-dev/src/ValksorDev/SnapShot/Tests/Unit/ContentProcessorTest.php" line="175" class="ValksorDev\Snapshot\Tests\Unit\ContentProcessorTest" classname="ValksorDev.Snapshot.Tests.Unit.ContentProcessorTest" assertions="1" time="0.000209"/>
        <testcase name="testXmlCommentsAreStripped" file="/var/www/html/valksor-dev/src/ValksorDev/SnapShot/Tests/Unit/ContentProcessorTest.php" line="185" class="ValksorDev\Snapshot\Tests\Unit\ContentProcessorTest" classname="ValksorDev.Snapshot.Tests.Unit.ContentProcessorTest" assertions="2" time="0.000270"/>
        <testcase name="testYamlCommentsAreStripped" file="/var/www/html/valksor-dev/src/ValksorDev/SnapShot/Tests/Unit/ContentProcessorTest.php" line="194" class="ValksorDev\Snapshot\Tests\Unit\ContentProcessorTest" classname="ValksorDev.Snapshot.Tests.Unit.ContentProcessorTest" assertions="4" time="0.000238"/>
      </testsuite>
      <testsuite name="ValksorDev\Snapshot\Tests\Unit\OutputGeneratorTest" file="/var/www/html/valksor-dev/src/ValksorDev/SnapShot/Tests/Unit/OutputGeneratorTest.php" tests="7" assertions="46" errors="0" failures="0" skipped="0" time="0.002117">
        <testcase name="testGenerateFileSizeFormatting" file="/var/www/html/valksor-dev/src/ValksorDev/SnapShot/Tests/Unit/OutputGeneratorTest.php" line="31" class="ValksorDev\Snapshot\Tests\Unit\OutputGeneratorTest" classname="ValksorDev.Snapshot.Tests.Unit.OutputGeneratorTest" assertions="2" time="0.000229"/>
        <testcase name="testGenerateWithEmptyFileList" file="/var/www/html/valksor-dev/src/ValksorDev/SnapShot/Tests/Unit/OutputGeneratorTest.php" line="48" class="ValksorDev\Snapshot\Tests\Unit\OutputGeneratorTest" classname="ValksorDev.Snapshot.Tests.Unit.OutputGeneratorTest" assertions="7" time="0.000245"/>
        <testcase name="testGenerateWithFileBreakdownTable" file="/var/www/html/valksor-dev/src/ValksorDev/SnapShot/Tests/Unit/OutputGeneratorTest.php" line="70" class="ValksorDev\Snapshot\Tests\Unit\OutputGeneratorTest" classname="ValksorDev.Snapshot.Tests.Unit.OutputGeneratorTest" assertions="4" time="0.000245"/>
        <testcase name="testGenerateWithLargeFileSize" file="/var/www/html/valksor-dev/src/ValksorDev/SnapShot/Tests/Unit/OutputGeneratorTest.php" line="103" class="ValksorDev\Snapshot\Tests\Unit\OutputGeneratorTest" classname="ValksorDev.Snapshot.Tests.Unit.OutputGeneratorTest" assertions="2" time="0.000216"/>
        <testcase name="testGenerateWithLongContent" file="/var/www/html/valksor-dev/src/ValksorDev/SnapShot/Tests/Unit/OutputGeneratorTest.php" line="120" class="ValksorDev\Snapshot\Tests\Unit\OutputGeneratorTest" classname="ValksorDev.Snapshot.Tests.Unit.OutputGeneratorTest" assertions="6" time="0.000239"/>
        <testcase name="testGenerateWithMultipleFiles" file="/var/www/html/valksor-dev/src/ValksorDev/SnapShot/Tests/Unit/OutputGeneratorTest.php" line="150" class="ValksorDev\Snapshot\Tests\Unit\OutputGeneratorTest" classname="ValksorDev.Snapshot.Tests.Unit.OutputGeneratorTest" assertions="13" time="0.000590"/>
        <testcase name="testGenerateWithSingleFile" file="/var/www/html/valksor-dev/src/ValksorDev/SnapShot/Tests/Unit/OutputGeneratorTest.php" line="192" class="ValksorDev\Snapshot\Tests\Unit\OutputGeneratorTest" classname="ValksorDev.Snapshot.Tests.Unit.OutputGeneratorTest" assertions="12" time="0.000354"/>
      </testsuite>
      <testsuite name="ValksorDev\Snapshot\Tests\Unit\SnapshotConfigurationTest" file="/var/www/html/valksor-dev/src/ValksorDev/SnapShot/Tests/Unit/SnapshotConfigurationTest.php" tests="6" assertions="39" errors="0" failures="0" skipped="0" time="0.003809">
        <testcase name="testConfigurationMethodsExist" file="/var/www/html/valksor-dev/src/ValksorDev/SnapShot/Tests/Unit/SnapshotConfigurationTest.php" line="27" class="ValksorDev\Snapshot\Tests\Unit\SnapshotConfigurationTest" classname="ValksorDev.Snapshot.Tests.Unit.SnapshotConfigurationTest" assertions="3" time="0.002331"/>
        <testcase name="testDefaultConfigurationValues" file="/var/www/html/valksor-dev/src/ValksorDev/SnapShot/Tests/Unit/SnapshotConfigurationTest.php" line="35" class="ValksorDev\Snapshot\Tests\Unit\SnapshotConfigurationTest" classname="ValksorDev.Snapshot.Tests.Unit.SnapshotConfigurationTest" assertions="10" time="0.000314"/>
        <testcase name="testDefaultExcludePatterns" file="/var/www/html/valksor-dev/src/ValksorDev/SnapShot/Tests/Unit/SnapshotConfigurationTest.php" line="53" class="ValksorDev\Snapshot\Tests\Unit\SnapshotConfigurationTest" classname="ValksorDev.Snapshot.Tests.Unit.SnapshotConfigurationTest" assertions="9" time="0.000299"/>
        <testcase name="testDefaultValuesAreSensible" file="/var/www/html/valksor-dev/src/ValksorDev/SnapShot/Tests/Unit/SnapshotConfigurationTest.php" line="69" class="ValksorDev\Snapshot\Tests\Unit\SnapshotConfigurationTest" classname="ValksorDev.Snapshot.Tests.Unit.SnapshotConfigurationTest" assertions="6" time="0.000283"/>
        <testcase name="testGetDefaultsMethod" file="/var/www/html/valksor-dev/src/ValksorDev/SnapShot/Tests/Unit/SnapshotConfigurationTest.php" line="83" class="ValksorDev\Snapshot\Tests\Unit\SnapshotConfigurationTest" classname="ValksorDev.Snapshot.Tests.Unit.SnapshotConfigurationTest" assertions="10" time="0.000293"/>
        <testcase name="testGetDefaultsMethodReturnsStaticArray" file="/var/www/html/valksor-dev/src/ValksorDev/SnapShot/Tests/Unit/SnapshotConfigurationTest.php" line="99" class="ValksorDev\Snapshot\Tests\Unit\SnapshotConfigurationTest" classname="ValksorDev.Snapshot.Tests.Unit.SnapshotConfigurationTest" assertions="1" time="0.000287"/>
      </testsuite>
      <testsuite name="ValksorDev\Snapshot\Tests\Unit\SnapshotServiceTest" file="/var/www/html/valksor-dev/src/ValksorDev/SnapShot/Tests/Unit/SnapshotServiceTest.php" tests="8" assertions="25" errors="0" failures="0" skipped="0" time="0.005623">
        <testcase name="testAnchoredGlobExcludeDoesNotPruneNestedDirectories" file="/var/www/html/valksor-dev/src/ValksorDev/SnapShot/Tests/Unit/SnapshotServiceTest.php" line="33" class="ValksorDev\Snapshot\Tests\Unit\SnapshotServiceTest" classname="ValksorDev.Snapshot.Tests.Unit.SnapshotServiceTest" assertions="4" time="0.001687"/>
        <testcase name="testCliMaxFilesOverridesConfiguredValue" file="/var/www/html/valksor-dev/src/ValksorDev/SnapShot/Tests/Unit/SnapshotServiceTest.php" line="56" class="ValksorDev\Snapshot\Tests\Unit\SnapshotServiceTest" classname="ValksorDev.Snapshot.Tests.Unit.SnapshotServiceTest" assertions="2" time="0.000637"/>
        <testcase name="testGeneratesSnapshotContainingScannedFiles" file="/var/www/html/valksor-dev/src/ValksorDev/SnapShot/Tests/Unit/SnapshotServiceTest.php" line="72" class="ValksorDev\Snapshot\Tests\Unit\SnapshotServiceTest" classname="ValksorDev.Snapshot.Tests.Unit.SnapshotServiceTest" assertions="4" time="0.000740"/>
        <testcase name="testIgnoredDirectoriesArePrunedWithoutDroppingSiblings" file="/var/www/html/valksor-dev/src/ValksorDev/SnapShot/Tests/Unit/SnapshotServiceTest.php" line="86" class="ValksorDev\Snapshot\Tests\Unit\SnapshotServiceTest" classname="ValksorDev.Snapshot.Tests.Unit.SnapshotServiceTest" assertions="5" time="0.000731"/>
        <testcase name="testMaxFileSizeExcludesLargeFiles" file="/var/www/html/valksor-dev/src/ValksorDev/SnapShot/Tests/Unit/SnapshotServiceTest.php" line="104" class="ValksorDev\Snapshot\Tests\Unit\SnapshotServiceTest" classname="ValksorDev.Snapshot.Tests.Unit.SnapshotServiceTest" assertions="4" time="0.000505"/>
        <testcase name="testMaxLinesTruncatesContent" file="/var/www/html/valksor-dev/src/ValksorDev/SnapShot/Tests/Unit/SnapshotServiceTest.php" line="121" class="ValksorDev\Snapshot\Tests\Unit\SnapshotServiceTest" classname="ValksorDev.Snapshot.Tests.Unit.SnapshotServiceTest" assertions="2" time="0.000437"/>
        <testcase name="testReturnsZeroWhenNoFilesFound" file="/var/www/html/valksor-dev/src/ValksorDev/SnapShot/Tests/Unit/SnapshotServiceTest.php" line="137" class="ValksorDev\Snapshot\Tests\Unit\SnapshotServiceTest" classname="ValksorDev.Snapshot.Tests.Unit.SnapshotServiceTest" assertions="1" time="0.000333"/>
        <testcase name="testStripCommentsRemovesPhpComments" file="/var/www/html/valksor-dev/src/ValksorDev/SnapShot/Tests/Unit/SnapshotServiceTest.php" line="150" class="ValksorDev\Snapshot\Tests\Unit\SnapshotServiceTest" classname="ValksorDev.Snapshot.Tests.Unit.SnapshotServiceTest" assertions="3" time="0.000553"/>
      </testsuite>
    </testsuite>
  </testsuite>
</testsuites>
