<?xml version="1.0" encoding="UTF-8"?>
<coverage generated="0">
  <project timestamp="0" name="Clover Coverage">
    <package name="ValksorDev\PhpCsFixerCustomFixers\Fixer">
      <file name="/var/www/html/valksor-dev/src/ValksorDev/PhpCsFixerCustomFixers/Fixer/DeclareAfterOpeningTagFixer.php">
        <class name="ValksorDev\PhpCsFixerCustomFixers\Fixer\DeclareAfterOpeningTagFixer" namespace="ValksorDev\PhpCsFixerCustomFixers\Fixer">
          <metrics complexity="11" methods="4" coveredmethods="1" conditionals="0" coveredconditionals="0" statements="35" coveredstatements="14" elements="39" coveredelements="15"/>
        </class>
        <line num="32" type="method" name="applyFix" visibility="public" complexity="8" crap="21.40" count="3"/>
        <line num="36" type="stmt" count="3"/>
        <line num="37" type="stmt" count="0"/>
        <line num="40" type="stmt" count="3"/>
        <line num="42" type="stmt" count="3"/>
        <line num="43" type="stmt" count="3"/>
        <line num="45" type="stmt" count="3"/>
        <line num="46" type="stmt" count="3"/>
        <line num="48" type="stmt" count="3"/>
        <line num="50" type="stmt" count="3"/>
        <line num="51" type="stmt" count="1"/>
        <line num="54" type="stmt" count="2"/>
        <line num="56" type="stmt" count="2"/>
        <line num="57" type="stmt" count="2"/>
        <line num="59" type="stmt" count="2"/>
        <line num="62" type="stmt" count="0"/>
        <line num="63" type="stmt" count="0"/>
        <line num="65" type="stmt" count="0"/>
        <line num="67" type="stmt" count="0"/>
        <line num="68" type="stmt" count="0"/>
        <line num="71" type="stmt" count="0"/>
        <line num="72" type="stmt" count="0"/>
        <line num="74" type="stmt" count="0"/>
        <line num="77" type="stmt" count="0"/>
        <line num="79" type="stmt" count="0"/>
        <line num="80" type="stmt" count="0"/>
        <line num="82" type="stmt" count="0"/>
        <line num="85" type="stmt" count="0"/>
        <line num="86" type="stmt" count="0"/>
        <line num="88" type="stmt" count="0"/>
        <line num="91" type="stmt" count="0"/>
        <line num="92" type="stmt" count="0"/>
        <line num="94" type="stmt" count="0"/>
        <line num="97" type="method" name="getDocumentation" visibility="public" complexity="1" crap="2" count="0"/>
        <line num="99" type="stmt" count="0"/>
        <line num="102" type="method" name="getSampleCode" visibility="public" complexity="1" crap="2" count="0"/>
        <line num="104" type="stmt" count="0"/>
        <line num="107" type="method" name="isCandidate" visibility="public" complexity="1" crap="1" count="3"/>
        <line num="110" type="stmt" count="3"/>
        <metrics loc="113" ncloc="104" classes="1" methods="4" coveredmethods="1" conditionals="0" coveredconditionals="0" statements="35" coveredstatements="14" elements="39" coveredelements="15"/>
      </file>
      <file name="/var/www/html/valksor-dev/src/ValksorDev/PhpCsFixerCustomFixers/Fixer/DoctrineMigrationsFixer.php">
        <class name="ValksorDev\PhpCsFixerCustomFixers\Fixer\DoctrineMigrationsFixer" namespace="ValksorDev\PhpCsFixerCustomFixers\Fixer">
          <metrics complexity="11" methods="4" coveredmethods="2" conditionals="0" coveredconditionals="0" statements="22" coveredstatements="19" elements="26" coveredelements="21"/>
        </class>
        <line num="31" type="method" name="getDocumentation" visibility="public" complexity="1" crap="2" count="0"/>
        <line num="33" type="stmt" count="0"/>
        <line num="69" type="method" name="isCandidate" visibility="public" complexity="2" crap="2" count="1"/>
        <line num="72" type="stmt" count="1"/>
        <line num="75" type="method" name="applyFix" visibility="protected" complexity="1" crap="1" count="1"/>
        <line num="79" type="stmt" count="1"/>
        <line num="82" type="method" name="removeUselessComments" visibility="private" complexity="6" crap="6.04" count="1"/>
        <line num="85" type="stmt" count="1"/>
        <line num="86" type="stmt" count="1"/>
        <line num="87" type="stmt" count="1"/>
        <line num="88" type="stmt" count="1"/>
        <line num="89" type="stmt" count="1"/>
        <line num="91" type="stmt" count="1"/>
        <line num="92" type="stmt" count="1"/>
        <line num="93" type="stmt" count="1"/>
        <line num="95" type="stmt" count="1"/>
        <line num="96" type="stmt" count="1"/>
        <line num="97" type="stmt" count="1"/>
        <line num="98" type="stmt" count="1"/>
        <line num="102" type="stmt" count="1"/>
        <line num="103" type="stmt" count="0"/>
        <line num="106" type="stmt" count="1"/>
        <line num="107" type="stmt" count="1"/>
        <line num="108" type="stmt" count="1"/>
        <line num="110" type="stmt" count="1"/>
        <line num="113" type="stmt" count="0"/>
        <metrics loc="117" ncloc="108" classes="1" methods="4" coveredmethods="2" conditionals="0" coveredconditionals="0" statements="22" coveredstatements="19" elements="26" coveredelements="21"/>
      </file>
      <file name="/var/www/html/valksor-dev/src/ValksorDev/PhpCsFixerCustomFixers/Fixer/LineBreakBetweenMethodArgumentsFixer.php">
        <class name="ValksorDev\PhpCsFixerCustomFixers\Fixer\LineBreakBetweenMethodArgumentsFixer" namespace="ValksorDev\PhpCsFixerCustomFixers\Fixer">
          <metrics complexity="25" methods="4" coveredmethods="1" conditionals="0" coveredconditionals="0" statements="64" coveredstatements="48" elements="68" coveredelements="49"/>
        </class>
        <line num="35" type="method" name="getDocumentation" visibility="public" complexity="1" crap="2" count="0"/>
        <line num="37" type="stmt" count="0"/>
        <line num="71" type="method" name="applyFix" visibility="protected" complexity="8" crap="10.69" count="2"/>
        <line num="75" type="stmt" count="2"/>
        <line num="77" type="stmt" count="2"/>
        <line num="78" type="stmt" count="2"/>
        <line num="79" type="stmt" count="2"/>
        <line num="81" type="stmt" count="2"/>
        <line num="82" type="stmt" count="0"/>
        <line num="85" type="stmt" count="2"/>
        <line num="86" type="stmt" count="0"/>
        <line num="89" type="stmt" count="2"/>
        <line num="90" type="stmt" count="2"/>
        <line num="92" type="stmt" count="2"/>
        <line num="93" type="stmt" count="0"/>
        <line num="96" type="stmt" count="2"/>
        <line num="97" type="stmt" count="1"/>
        <line num="99" type="stmt" count="1"/>
        <line num="102" type="stmt" count="1"/>
        <line num="103" type="stmt" count="1"/>
        <line num="105" type="stmt" count="1"/>
        <line num="108" type="stmt" count="0"/>
        <line num="109" type="stmt" count="0"/>
        <line num="111" type="stmt" count="0"/>
        <line num="112" type="stmt" count="0"/>
        <line num="114" type="stmt" count="0"/>
        <line num="122" type="method" name="mergeArgs" visibility="private" complexity="3" crap="3" count="2"/>
        <line num="126" type="stmt" count="2"/>
        <line num="127" type="stmt" count="2"/>
        <line num="129" type="stmt" count="2"/>
        <line num="130" type="stmt" count="2"/>
        <line num="133" type="stmt" count="2"/>
        <line num="134" type="stmt" count="2"/>
        <line num="136" type="stmt" count="2"/>
        <line num="138" type="stmt" count="2"/>
        <line num="139" type="stmt" count="2"/>
        <line num="140" type="stmt" count="2"/>
        <line num="147" type="method" name="splitArgs" visibility="private" complexity="12" crap="13.83" count="1"/>
        <line num="151" type="stmt" count="1"/>
        <line num="153" type="stmt" count="1"/>
        <line num="154" type="stmt" count="1"/>
        <line num="156" type="stmt" count="1"/>
        <line num="157" type="stmt" count="0"/>
        <line num="160" type="stmt" count="1"/>
        <line num="161" type="stmt" count="1"/>
        <line num="162" type="stmt" count="1"/>
        <line num="165" type="stmt" count="1"/>
        <line num="166" type="stmt" count="0"/>
        <line num="168" type="stmt" count="0"/>
        <line num="170" type="stmt" count="0"/>
        <line num="171" type="stmt" count="0"/>
        <line num="175" type="stmt" count="1"/>
        <line num="176" type="stmt" count="1"/>
        <line num="178" type="stmt" count="1"/>
        <line num="179" type="stmt" count="1"/>
        <line num="180" type="stmt" count="0"/>
        <line num="183" type="stmt" count="1"/>
        <line num="184" type="stmt" count="0"/>
        <line num="187" type="stmt" count="1"/>
        <line num="188" type="stmt" count="1"/>
        <line num="192" type="stmt" count="1"/>
        <line num="194" type="stmt" count="1"/>
        <line num="195" type="stmt" count="1"/>
        <line num="197" type="stmt" count="1"/>
        <line num="198" type="stmt" count="1"/>
        <line num="199" type="stmt" count="1"/>
        <line num="200" type="stmt" count="1"/>
        <line num="202" type="stmt" count="1"/>
        <metrics loc="206" ncloc="188" classes="1" methods="4" coveredmethods="1" conditionals="0" coveredconditionals="0" statements="64" coveredstatements="48" elements="68" coveredelements="49"/>
      </file>
      <file name="/var/www/html/valksor-dev/src/ValksorDev/PhpCsFixerCustomFixers/Fixer/LineBreakBetweenStatementsFixer.php">
        <class name="ValksorDev\PhpCsFixerCustomFixers\Fixer\LineBreakBetweenStatementsFixer" namespace="ValksorDev\PhpCsFixerCustomFixers\Fixer">
          <metrics complexity="19" methods="6" coveredmethods="1" conditionals="0" coveredconditionals="0" statements="43" coveredstatements="33" elements="49" coveredelements="34"/>
        </class>
        <line num="50" type="method" name="getDocumentation" visibility="public" complexity="1" crap="2" count="0"/>
        <line num="52" type="stmt" count="0"/>
        <line num="87" type="method" name="applyFix" visibility="protected" complexity="4" crap="4" count="1"/>
        <line num="91" type="stmt" count="1"/>
        <line num="92" type="stmt" count="1"/>
        <line num="93" type="stmt" count="1"/>
        <line num="94" type="stmt" count="1"/>
        <line num="95" type="stmt" count="1"/>
        <line num="99" type="method" name="ensureNumberOfBreaks" visibility="private" complexity="3" crap="3.02" count="1"/>
        <line num="102" type="stmt" count="1"/>
        <line num="103" type="stmt" count="1"/>
        <line num="104" type="stmt" count="1"/>
        <line num="106" type="stmt" count="1"/>
        <line num="107" type="stmt" count="0"/>
        <line num="110" type="stmt" count="1"/>
        <line num="111" type="stmt" count="1"/>
        <line num="114" type="stmt" count="1"/>
        <line num="117" type="method" name="fixSpaces" visibility="private" complexity="4" crap="4.13" count="1"/>
        <line num="121" type="stmt" count="1"/>
        <line num="123" type="stmt" count="1"/>
        <line num="124" type="stmt" count="0"/>
        <line num="127" type="stmt" count="1"/>
        <line num="129" type="stmt" count="1"/>
        <line num="130" type="stmt" count="0"/>
        <line num="133" type="stmt" count="1"/>
        <line num="135" type="stmt" count="1"/>
        <line num="136" type="stmt" count="1"/>
        <line num="139" type="stmt" count="1"/>
        <line num="145" type="method" name="handleCommon" visibility="private" complexity="4" crap="4.05" count="1"/>
        <line num="149" type="stmt" count="1"/>
        <line num="150" type="stmt" count="1"/>
        <line num="151" type="stmt" count="1"/>
        <line num="152" type="stmt" count="1"/>
        <line num="154" type="stmt" count="1"/>
        <line num="155" type="stmt" count="0"/>
        <line num="158" type="stmt" count="1"/>
        <line num="160" type="stmt" count="1"/>
        <line num="162" type="stmt" count="1"/>
        <line num="163" type="stmt" count="0"/>
        <line num="166" type="stmt" count="1"/>
        <line num="167" type="stmt" count="1"/>
        <line num="168" type="stmt" count="1"/>
        <line num="169" type="stmt" count="1"/>
        <line num="176" type="method" name="handleDo" visibility="private" complexity="2" crap="4.05" count="1"/>
        <line num="180" type="stmt" count="1"/>
        <line num="181" type="stmt" count="0"/>
        <line num="182" type="stmt" count="0"/>
        <line num="183" type="stmt" count="0"/>
        <line num="184" type="stmt" count="0"/>
        <metrics loc="188" ncloc="170" classes="1" methods="6" coveredmethods="1" conditionals="0" coveredconditionals="0" statements="43" coveredstatements="33" elements="49" coveredelements="34"/>
      </file>
      <file name="/var/www/html/valksor-dev/src/ValksorDev/PhpCsFixerCustomFixers/Fixer/NoUselessDirnameCallFixer.php">
        <class name="ValksorDev\PhpCsFixerCustomFixers\Fixer\NoUselessDirnameCallFixer" namespace="ValksorDev\PhpCsFixerCustomFixers\Fixer">
          <metrics complexity="22" methods="6" coveredmethods="1" conditionals="0" coveredconditionals="0" statements="67" coveredstatements="53" elements="73" coveredelements="54"/>
        </class>
        <line num="34" type="method" name="applyFix" visibility="public" complexity="7" crap="7.18" count="1"/>
        <line num="38" type="stmt" count="1"/>
        <line num="39" type="stmt" count="1"/>
        <line num="40" type="stmt" count="1"/>
        <line num="43" type="stmt" count="1"/>
        <line num="45" type="stmt" count="1"/>
        <line num="46" type="stmt" count="0"/>
        <line num="49" type="stmt" count="1"/>
        <line num="51" type="stmt" count="1"/>
        <line num="52" type="stmt" count="0"/>
        <line num="55" type="stmt" count="1"/>
        <line num="56" type="stmt" count="1"/>
        <line num="57" type="stmt" count="1"/>
        <line num="59" type="stmt" count="1"/>
        <line num="65" type="method" name="getDocumentation" visibility="public" complexity="1" crap="2" count="0"/>
        <line num="67" type="stmt" count="0"/>
        <line num="70" type="method" name="getSampleCode" visibility="public" complexity="1" crap="2" count="0"/>
        <line num="72" type="stmt" count="0"/>
        <line num="74" type="stmt" count="0"/>
        <line num="77" type="method" name="isCandidate" visibility="public" complexity="1" crap="1" count="1"/>
        <line num="80" type="stmt" count="1"/>
        <line num="83" type="method" name="getNextTokensUpdates" visibility="private" complexity="7" crap="7.32" count="1"/>
        <line num="87" type="stmt" count="1"/>
        <line num="88" type="stmt" count="1"/>
        <line num="90" type="stmt" count="1"/>
        <line num="91" type="stmt" count="1"/>
        <line num="93" type="stmt" count="1"/>
        <line num="94" type="stmt" count="1"/>
        <line num="95" type="stmt" count="1"/>
        <line num="96" type="stmt" count="1"/>
        <line num="98" type="stmt" count="1"/>
        <line num="99" type="stmt" count="1"/>
        <line num="100" type="stmt" count="1"/>
        <line num="101" type="stmt" count="1"/>
        <line num="102" type="stmt" count="1"/>
        <line num="106" type="stmt" count="1"/>
        <line num="107" type="stmt" count="0"/>
        <line num="108" type="stmt" count="0"/>
        <line num="109" type="stmt" count="0"/>
        <line num="111" type="stmt" count="1"/>
        <line num="113" type="stmt" count="1"/>
        <line num="114" type="stmt" count="0"/>
        <line num="116" type="stmt" count="1"/>
        <line num="118" type="stmt" count="1"/>
        <line num="119" type="stmt" count="1"/>
        <line num="121" type="stmt" count="1"/>
        <line num="122" type="stmt" count="0"/>
        <line num="125" type="stmt" count="1"/>
        <line num="126" type="stmt" count="1"/>
        <line num="128" type="stmt" count="1"/>
        <line num="129" type="stmt" count="0"/>
        <line num="132" type="stmt" count="1"/>
        <line num="133" type="stmt" count="1"/>
        <line num="135" type="stmt" count="1"/>
        <line num="138" type="method" name="getPrevTokensUpdates" visibility="private" complexity="5" crap="5.12" count="1"/>
        <line num="142" type="stmt" count="1"/>
        <line num="144" type="stmt" count="1"/>
        <line num="145" type="stmt" count="1"/>
        <line num="147" type="stmt" count="1"/>
        <line num="148" type="stmt" count="0"/>
        <line num="150" type="stmt" count="1"/>
        <line num="152" type="stmt" count="1"/>
        <line num="153" type="stmt" count="1"/>
        <line num="155" type="stmt" count="1"/>
        <line num="156" type="stmt" count="0"/>
        <line num="159" type="stmt" count="1"/>
        <line num="160" type="stmt" count="0"/>
        <line num="162" type="stmt" count="1"/>
        <line num="164" type="stmt" count="1"/>
        <line num="165" type="stmt" count="1"/>
        <line num="167" type="stmt" count="1"/>
        <line num="168" type="stmt" count="1"/>
        <line num="171" type="stmt" count="1"/>
        <metrics loc="174" ncloc="165" classes="1" methods="6" coveredmethods="1" conditionals="0" coveredconditionals="0" statements="67" coveredstatements="53" elements="73" coveredelements="54"/>
      </file>
      <file name="/var/www/html/valksor-dev/src/ValksorDev/PhpCsFixerCustomFixers/Fixer/NoUselessStrlenFixer.php">
        <class name="ValksorDev\PhpCsFixerCustomFixers\Fixer\NoUselessStrlenFixer" namespace="ValksorDev\PhpCsFixerCustomFixers\Fixer">
          <metrics complexity="27" methods="9" coveredmethods="2" conditionals="0" coveredconditionals="0" statements="68" coveredstatements="55" elements="77" coveredelements="57"/>
        </class>
        <line num="36" type="method" name="applyFix" visibility="public" complexity="7" crap="7.35" count="3"/>
        <line num="40" type="stmt" count="3"/>
        <line num="41" type="stmt" count="3"/>
        <line num="43" type="stmt" count="3"/>
        <line num="44" type="stmt" count="3"/>
        <line num="45" type="stmt" count="3"/>
        <line num="48" type="stmt" count="3"/>
        <line num="49" type="stmt" count="0"/>
        <line num="52" type="stmt" count="3"/>
        <line num="53" type="stmt" count="3"/>
        <line num="55" type="stmt" count="3"/>
        <line num="57" type="stmt" count="3"/>
        <line num="58" type="stmt" count="0"/>
        <line num="61" type="stmt" count="3"/>
        <line num="62" type="stmt" count="3"/>
        <line num="63" type="stmt" count="3"/>
        <line num="64" type="stmt" count="3"/>
        <line num="65" type="stmt" count="3"/>
        <line num="67" type="stmt" count="3"/>
        <line num="68" type="stmt" count="3"/>
        <line num="70" type="stmt" count="3"/>
        <line num="72" type="stmt" count="3"/>
        <line num="73" type="stmt" count="0"/>
        <line num="74" type="stmt" count="0"/>
        <line num="77" type="stmt" count="3"/>
        <line num="78" type="stmt" count="0"/>
        <line num="81" type="stmt" count="3"/>
        <line num="85" type="method" name="getDocumentation" visibility="public" complexity="1" crap="2" count="0"/>
        <line num="87" type="stmt" count="0"/>
        <line num="90" type="method" name="getSampleCode" visibility="public" complexity="1" crap="2" count="0"/>
        <line num="92" type="stmt" count="0"/>
        <line num="95" type="stmt" count="0"/>
        <line num="98" type="method" name="isCandidate" visibility="public" complexity="2" crap="2" count="3"/>
        <line num="101" type="stmt" count="3"/>
        <line num="104" type="method" name="isRisky" visibility="public" complexity="1" crap="2" count="0"/>
        <line num="106" type="stmt" count="0"/>
        <line num="109" type="method" name="removeTokenAndSiblingWhitespace" visibility="private" complexity="3" crap="3.14" count="3"/>
        <line num="113" type="stmt" count="3"/>
        <line num="114" type="stmt" count="3"/>
        <line num="116" type="stmt" count="3"/>
        <line num="117" type="stmt" count="0"/>
        <line num="122" type="method" name="transformCondition" visibility="private" complexity="2" crap="2" count="3"/>
        <line num="127" type="stmt" count="3"/>
        <line num="128" type="stmt" count="1"/>
        <line num="131" type="stmt" count="2"/>
        <line num="134" type="method" name="transformConditionLeft" visibility="private" complexity="5" crap="5.01" count="3"/>
        <line num="138" type="stmt" count="3"/>
        <line num="139" type="stmt" count="3"/>
        <line num="141" type="stmt" count="3"/>
        <line num="143" type="stmt" count="3"/>
        <line num="144" type="stmt" count="1"/>
        <line num="145" type="stmt" count="2"/>
        <line num="146" type="stmt" count="2"/>
        <line num="149" type="stmt" count="1"/>
        <line num="150" type="stmt" count="1"/>
        <line num="152" type="stmt" count="1"/>
        <line num="153" type="stmt" count="0"/>
        <line num="156" type="stmt" count="1"/>
        <line num="157" type="stmt" count="1"/>
        <line num="160" type="stmt" count="1"/>
        <line num="162" type="stmt" count="1"/>
        <line num="165" type="method" name="transformConditionRight" visibility="private" complexity="5" crap="5.06" count="2"/>
        <line num="169" type="stmt" count="2"/>
        <line num="170" type="stmt" count="2"/>
        <line num="172" type="stmt" count="2"/>
        <line num="174" type="stmt" count="2"/>
        <line num="175" type="stmt" count="1"/>
        <line num="176" type="stmt" count="1"/>
        <line num="177" type="stmt" count="0"/>
        <line num="180" type="stmt" count="2"/>
        <line num="181" type="stmt" count="2"/>
        <line num="183" type="stmt" count="2"/>
        <line num="184" type="stmt" count="0"/>
        <line num="187" type="stmt" count="2"/>
        <line num="188" type="stmt" count="1"/>
        <line num="191" type="stmt" count="2"/>
        <line num="193" type="stmt" count="2"/>
        <metrics loc="196" ncloc="187" classes="1" methods="9" coveredmethods="2" conditionals="0" coveredconditionals="0" statements="68" coveredstatements="55" elements="77" coveredelements="57"/>
      </file>
      <file name="/var/www/html/valksor-dev/src/ValksorDev/PhpCsFixerCustomFixers/Fixer/PromotedConstructorPropertyFixer.php">
        <class name="ValksorDev\PhpCsFixerCustomFixers\Fixer\PromotedConstructorPropertyFixer" namespace="ValksorDev\PhpCsFixerCustomFixers\Fixer">
          <metrics complexity="59" methods="16" coveredmethods="3" conditionals="0" coveredconditionals="0" statements="168" coveredstatements="123" elements="184" coveredelements="126"/>
        </class>
        <line num="50" type="method" name="applyFix" visibility="public" complexity="5" crap="5.01" count="1"/>
        <line num="54" type="stmt" count="1"/>
        <line num="55" type="stmt" count="1"/>
        <line num="57" type="stmt" count="1"/>
        <line num="58" type="stmt" count="1"/>
        <line num="59" type="stmt" count="1"/>
        <line num="62" type="stmt" count="1"/>
        <line num="64" type="stmt" count="1"/>
        <line num="65" type="stmt" count="0"/>
        <line num="68" type="stmt" count="1"/>
        <line num="71" type="stmt" count="1"/>
        <line num="73" type="stmt" count="1"/>
        <line num="74" type="stmt" count="1"/>
        <line num="78" type="method" name="getDocumentation" visibility="public" complexity="1" crap="2" count="0"/>
        <line num="80" type="stmt" count="0"/>
        <line num="83" type="method" name="getSampleCode" visibility="public" complexity="1" crap="2" count="0"/>
        <line num="85" type="stmt" count="0"/>
        <line num="92" type="stmt" count="0"/>
        <line num="95" type="method" name="isCandidate" visibility="public" complexity="1" crap="1" count="1"/>
        <line num="98" type="stmt" count="1"/>
        <line num="101" type="method" name="getClassProperties" visibility="private" complexity="4" crap="4.03" count="1"/>
        <line num="105" type="stmt" count="1"/>
        <line num="107" type="stmt" count="1"/>
        <line num="108" type="stmt" count="1"/>
        <line num="109" type="stmt" count="0"/>
        <line num="112" type="stmt" count="1"/>
        <line num="113" type="stmt" count="1"/>
        <line num="116" type="stmt" count="1"/>
        <line num="119" type="stmt" count="1"/>
        <line num="122" type="method" name="getPropertyIndex" visibility="private" complexity="3" crap="3.14" count="1"/>
        <line num="127" type="stmt" count="1"/>
        <line num="128" type="stmt" count="1"/>
        <line num="130" type="stmt" count="1"/>
        <line num="132" type="stmt" count="1"/>
        <line num="133" type="stmt" count="1"/>
        <line num="134" type="stmt" count="0"/>
        <line num="137" type="stmt" count="1"/>
        <line num="140" type="stmt" count="0"/>
        <line num="143" type="method" name="getTokenOfKindSibling" visibility="private" complexity="4" crap="4.59" count="1"/>
        <line num="149" type="stmt" count="1"/>
        <line num="151" type="stmt" count="1"/>
        <line num="152" type="stmt" count="1"/>
        <line num="154" type="stmt" count="1"/>
        <line num="155" type="stmt" count="0"/>
        <line num="156" type="stmt" count="0"/>
        <line num="158" type="stmt" count="0"/>
        <line num="162" type="stmt" count="1"/>
        <line num="165" type="stmt" count="1"/>
        <line num="168" type="method" name="getType" visibility="private" complexity="3" crap="3.01" count="1"/>
        <line num="172" type="stmt" count="1"/>
        <line num="173" type="stmt" count="0"/>
        <line num="176" type="stmt" count="1"/>
        <line num="177" type="stmt" count="1"/>
        <line num="179" type="stmt" count="1"/>
        <line num="180" type="stmt" count="1"/>
        <line num="182" type="stmt" count="1"/>
        <line num="184" type="stmt" count="1"/>
        <line num="185" type="stmt" count="1"/>
        <line num="187" type="stmt" count="1"/>
        <line num="188" type="stmt" count="1"/>
        <line num="191" type="stmt" count="1"/>
        <line num="194" type="method" name="isDoctrineEntity" visibility="private" complexity="5" crap="12.41" count="1"/>
        <line num="198" type="stmt" count="1"/>
        <line num="199" type="stmt" count="1"/>
        <line num="201" type="stmt" count="1"/>
        <line num="202" type="stmt" count="1"/>
        <line num="205" type="stmt" count="0"/>
        <line num="207" type="stmt" count="0"/>
        <line num="208" type="stmt" count="0"/>
        <line num="210" type="stmt" count="0"/>
        <line num="213" type="stmt" count="0"/>
        <line num="214" type="stmt" count="0"/>
        <line num="215" type="stmt" count="0"/>
        <line num="219" type="stmt" count="0"/>
        <line num="222" type="method" name="isPropertyToPromote" visibility="private" complexity="4" crap="10.15" count="1"/>
        <line num="227" type="stmt" count="1"/>
        <line num="228" type="stmt" count="0"/>
        <line num="231" type="stmt" count="1"/>
        <line num="232" type="stmt" count="1"/>
        <line num="235" type="stmt" count="0"/>
        <line num="236" type="stmt" count="0"/>
        <line num="238" type="stmt" count="0"/>
        <line num="240" type="stmt" count="0"/>
        <line num="241" type="stmt" count="0"/>
        <line num="244" type="stmt" count="0"/>
        <line num="246" type="stmt" count="0"/>
        <line num="249" type="method" name="promoteProperties" visibility="private" complexity="7" crap="7.13" count="1"/>
        <line num="254" type="stmt" count="1"/>
        <line num="255" type="stmt" count="1"/>
        <line num="257" type="stmt" count="1"/>
        <line num="258" type="stmt" count="1"/>
        <line num="259" type="stmt" count="1"/>
        <line num="261" type="stmt" count="1"/>
        <line num="262" type="stmt" count="1"/>
        <line num="263" type="stmt" count="0"/>
        <line num="266" type="stmt" count="1"/>
        <line num="268" type="stmt" count="1"/>
        <line num="269" type="stmt" count="0"/>
        <line num="272" type="stmt" count="1"/>
        <line num="273" type="stmt" count="1"/>
        <line num="275" type="stmt" count="1"/>
        <line num="276" type="stmt" count="0"/>
        <line num="279" type="stmt" count="1"/>
        <line num="280" type="stmt" count="1"/>
        <line num="281" type="stmt" count="1"/>
        <line num="283" type="stmt" count="1"/>
        <line num="284" type="stmt" count="0"/>
        <line num="287" type="stmt" count="1"/>
        <line num="289" type="stmt" count="1"/>
        <line num="291" type="stmt" count="1"/>
        <line num="292" type="stmt" count="1"/>
        <line num="293" type="stmt" count="1"/>
        <line num="294" type="stmt" count="1"/>
        <line num="295" type="stmt" count="1"/>
        <line num="296" type="stmt" count="1"/>
        <line num="297" type="stmt" count="1"/>
        <line num="301" type="method" name="removeAssignment" visibility="private" complexity="1" crap="1" count="1"/>
        <line num="305" type="stmt" count="1"/>
        <line num="306" type="stmt" count="1"/>
        <line num="308" type="stmt" count="1"/>
        <line num="309" type="stmt" count="1"/>
        <line num="311" type="stmt" count="1"/>
        <line num="312" type="stmt" count="1"/>
        <line num="315" type="method" name="removePropertyAndReturnTokensToInsert" visibility="private" complexity="6" crap="7.05" count="1"/>
        <line num="319" type="stmt" count="1"/>
        <line num="320" type="stmt" count="0"/>
        <line num="323" type="stmt" count="1"/>
        <line num="324" type="stmt" count="1"/>
        <line num="326" type="stmt" count="1"/>
        <line num="327" type="stmt" count="1"/>
        <line num="329" type="stmt" count="1"/>
        <line num="330" type="stmt" count="1"/>
        <line num="331" type="stmt" count="1"/>
        <line num="333" type="stmt" count="1"/>
        <line num="334" type="stmt" count="0"/>
        <line num="335" type="stmt" count="0"/>
        <line num="336" type="stmt" count="1"/>
        <line num="337" type="stmt" count="0"/>
        <line num="338" type="stmt" count="0"/>
        <line num="339" type="stmt" count="0"/>
        <line num="342" type="stmt" count="1"/>
        <line num="344" type="stmt" count="1"/>
        <line num="345" type="stmt" count="0"/>
        <line num="348" type="stmt" count="1"/>
        <line num="350" type="stmt" count="1"/>
        <line num="351" type="stmt" count="0"/>
        <line num="353" type="stmt" count="1"/>
        <line num="355" type="stmt" count="1"/>
        <line num="356" type="stmt" count="1"/>
        <line num="358" type="stmt" count="1"/>
        <line num="361" type="method" name="renameVariable" visibility="private" complexity="3" crap="3" count="1"/>
        <line num="367" type="stmt" count="1"/>
        <line num="368" type="stmt" count="1"/>
        <line num="369" type="stmt" count="1"/>
        <line num="370" type="stmt" count="1"/>
        <line num="371" type="stmt" count="1"/>
        <line num="372" type="stmt" count="1"/>
        <line num="374" type="stmt" count="1"/>
        <line num="375" type="stmt" count="1"/>
        <line num="376" type="stmt" count="1"/>
        <line num="381" type="method" name="typesAllowPromoting" visibility="private" complexity="4" crap="5.26" count="1"/>
        <line num="385" type="stmt" count="1"/>
        <line num="386" type="stmt" count="0"/>
        <line num="389" type="stmt" count="1"/>
        <line num="390" type="stmt" count="0"/>
        <line num="393" type="stmt" count="1"/>
        <line num="394" type="stmt" count="0"/>
        <line num="397" type="stmt" count="1"/>
        <line num="400" type="method" name="updateParameterSignature" visibility="private" complexity="7" crap="7.39" count="1"/>
        <line num="406" type="stmt" count="1"/>
        <line num="407" type="stmt" count="1"/>
        <line num="409" type="stmt" count="1"/>
        <line num="410" type="stmt" count="1"/>
        <line num="412" type="stmt" count="1"/>
        <line num="413" type="stmt" count="1"/>
        <line num="414" type="stmt" count="0"/>
        <line num="415" type="stmt" count="1"/>
        <line num="416" type="stmt" count="0"/>
        <line num="417" type="stmt" count="1"/>
        <line num="418" type="stmt" count="1"/>
        <line num="421" type="stmt" count="1"/>
        <line num="423" type="stmt" count="1"/>
        <line num="424" type="stmt" count="0"/>
        <line num="427" type="stmt" count="1"/>
        <metrics loc="430" ncloc="421" classes="1" methods="16" coveredmethods="3" conditionals="0" coveredconditionals="0" statements="168" coveredstatements="123" elements="184" coveredelements="126"/>
      </file>
    </package>
    <package name="ValksorDev\PhpCsFixerCustomFixers">
      <file name="/var/www/html/valksor-dev/src/ValksorDev/PhpCsFixerCustomFixers/Fixers.php">
        <class name="ValksorDev\PhpCsFixerCustomFixers\Fixers" namespace="ValksorDev\PhpCsFixerCustomFixers">
          <metrics complexity="11" methods="2" coveredmethods="2" conditionals="0" coveredconditionals="0" statements="31" coveredstatements="31" elements="33" coveredelements="33"/>
        </class>
        <line num="31" type="method" name="getIterator" visibility="public" complexity="4" crap="4" count="2"/>
        <line num="33" type="stmt" count="2"/>
        <line num="35" type="stmt" count="2"/>
        <line num="36" type="stmt" count="2"/>
        <line num="38" type="stmt" count="2"/>
        <line num="39" type="stmt" count="2"/>
        <line num="41" type="stmt" count="2"/>
        <line num="44" type="stmt" count="2"/>
        <line num="46" type="stmt" count="2"/>
        <line num="47" type="stmt" count="2"/>
        <line num="48" type="stmt" count="2"/>
        <line num="50" type="stmt" count="2"/>
        <line num="54" type="method" name="getFixers" visibility="public" complexity="7" crap="7" count="1"/>
        <line num="56" type="stmt" count="1"/>
        <line num="57" type="stmt" count="1"/>
        <line num="58" type="stmt" count="1"/>
        <line num="60" type="stmt" count="1"/>
        <line num="62" type="stmt" count="1"/>
        <line num="63" type="stmt" count="1"/>
        <line num="65" type="stmt" count="1"/>
        <line num="68" type="stmt" count="1"/>
        <line num="70" type="stmt" count="1"/>
        <line num="71" type="stmt" count="1"/>
        <line num="73" type="stmt" count="1"/>
        <line num="74" type="stmt" count="1"/>
        <line num="75" type="stmt" count="1"/>
        <line num="76" type="stmt" count="1"/>
        <line num="78" type="stmt" count="1"/>
        <line num="79" type="stmt" count="1"/>
        <line num="84" type="stmt" count="1"/>
        <line num="86" type="stmt" count="1"/>
        <line num="87" type="stmt" count="1"/>
        <line num="90" type="stmt" count="1"/>
        <metrics loc="93" ncloc="84" classes="1" methods="2" coveredmethods="2" conditionals="0" coveredconditionals="0" statements="31" coveredstatements="31" elements="33" coveredelements="33"/>
      </file>
    </package>
    <package name="ValksorDev\PhpCsFixerCustomFixers\PhpCsFixer">
      <file name="/var/www/html/valksor-dev/src/ValksorDev/PhpCsFixerCustomFixers/PhpCsFixer/AbstractFixer.php">
        <class name="ValksorDev\PhpCsFixerCustomFixers\PhpCsFixer\AbstractFixer" namespace="ValksorDev\PhpCsFixerCustomFixers\PhpCsFixer">
          <metrics complexity="49" methods="22" coveredmethods="15" conditionals="0" coveredconditionals="0" statements="97" coveredstatements="72" elements="119" coveredelements="87"/>
        </class>
        <line num="60" type="method" name="fix" visibility="public" complexity="4" crap="4" count="12"/>
        <line num="64" type="stmt" count="12"/>
        <line num="65" type="stmt" count="12"/>
        <line num="69" type="method" name="getDefinition" visibility="public" complexity="1" crap="2" count="0"/>
        <line num="71" type="stmt" count="0"/>
        <line num="72" type="stmt" count="0"/>
        <line num="73" type="stmt" count="0"/>
        <line num="74" type="stmt" count="0"/>
        <line num="75" type="stmt" count="0"/>
        <line num="76" type="stmt" count="0"/>
        <line num="77" type="stmt" count="0"/>
        <line num="80" type="method" name="getName" visibility="public" complexity="1" crap="2" count="0"/>
        <line num="82" type="stmt" count="0"/>
        <line num="85" type="method" name="getPriority" visibility="public" complexity="1" crap="2" count="0"/>
        <line num="87" type="stmt" count="0"/>
        <line num="90" type="method" name="isCandidate" visibility="public" complexity="1" crap="1" count="3"/>
        <line num="93" type="stmt" count="3"/>
        <line num="96" type="method" name="isRisky" visibility="public" complexity="1" crap="2" count="0"/>
        <line num="98" type="stmt" count="0"/>
        <line num="101" type="method" name="setWhitespacesConfig" visibility="public" complexity="1" crap="1" count="12"/>
        <line num="104" type="stmt" count="12"/>
        <line num="107" type="method" name="supports" visibility="public" complexity="1" crap="1" count="12"/>
        <line num="110" type="stmt" count="12"/>
        <line num="113" type="method" name="getNameForClass" visibility="public" complexity="1" crap="1" count="1"/>
        <line num="116" type="stmt" count="1"/>
        <line num="117" type="stmt" count="1"/>
        <line num="119" type="stmt" count="1"/>
        <line num="122" type="method" name="removeWithLinesIfPossible" visibility="public" complexity="3" crap="3" count="1"/>
        <line num="126" type="stmt" count="1"/>
        <line num="127" type="stmt" count="1"/>
        <line num="128" type="stmt" count="1"/>
        <line num="129" type="stmt" count="1"/>
        <line num="131" type="stmt" count="1"/>
        <line num="133" type="stmt" count="1"/>
        <line num="134" type="stmt" count="1"/>
        <line num="138" type="stmt" count="1"/>
        <line num="146" type="method" name="analyze" visibility="protected" complexity="1" crap="1" count="3"/>
        <line num="149" type="stmt" count="3"/>
        <line num="152" type="method" name="extendsClass" visibility="protected" complexity="3" crap="3" count="1"/>
        <line num="156" type="stmt" count="1"/>
        <line num="158" type="stmt" count="1"/>
        <line num="159" type="stmt" count="1"/>
        <line num="160" type="stmt" count="1"/>
        <line num="161" type="stmt" count="1"/>
        <line num="162" type="stmt" count="1"/>
        <line num="163" type="stmt" count="1"/>
        <line num="164" type="stmt" count="1"/>
        <line num="167" type="method" name="getComments" visibility="protected" complexity="1" crap="1" count="1"/>
        <line num="170" type="stmt" count="1"/>
        <line num="173" type="method" name="getUseStatements" visibility="protected" complexity="3" crap="3" count="1"/>
        <line num="177" type="stmt" count="1"/>
        <line num="178" type="stmt" count="1"/>
        <line num="180" type="stmt" count="1"/>
        <line num="181" type="stmt" count="1"/>
        <line num="182" type="stmt" count="1"/>
        <line num="184" type="stmt" count="1"/>
        <line num="186" type="stmt" count="1"/>
        <line num="189" type="method" name="hasUseStatements" visibility="protected" complexity="1" crap="1" count="1"/>
        <line num="193" type="stmt" count="1"/>
        <line num="196" type="method" name="implementsInterface" visibility="protected" complexity="3" crap="12" count="0"/>
        <line num="200" type="stmt" count="0"/>
        <line num="202" type="stmt" count="0"/>
        <line num="203" type="stmt" count="0"/>
        <line num="204" type="stmt" count="0"/>
        <line num="205" type="stmt" count="0"/>
        <line num="206" type="stmt" count="0"/>
        <line num="207" type="stmt" count="0"/>
        <line num="208" type="stmt" count="0"/>
        <line num="211" type="method" name="handleWhitespaceAfter" visibility="protected" complexity="3" crap="3" count="1"/>
        <line num="216" type="stmt" count="1"/>
        <line num="218" type="stmt" count="1"/>
        <line num="220" type="stmt" count="1"/>
        <line num="221" type="stmt" count="1"/>
        <line num="223" type="stmt" count="1"/>
        <line num="226" type="stmt" count="1"/>
        <line num="227" type="stmt" count="1"/>
        <line num="230" type="method" name="handleWhitespaceBefore" visibility="protected" complexity="3" crap="3.01" count="1"/>
        <line num="234" type="stmt" count="1"/>
        <line num="235" type="stmt" count="0"/>
        <line num="238" type="stmt" count="1"/>
        <line num="240" type="stmt" count="1"/>
        <line num="241" type="stmt" count="1"/>
        <line num="243" type="stmt" count="1"/>
        <line num="246" type="stmt" count="1"/>
        <line num="247" type="stmt" count="1"/>
        <line num="248" type="stmt" count="1"/>
        <line num="250" type="stmt" count="1"/>
        <line num="253" type="method" name="hasMeaningTokenInLineAfter" visibility="protected" complexity="4" crap="4" count="1"/>
        <line num="257" type="stmt" count="1"/>
        <line num="259" type="stmt" count="1"/>
        <line num="261" type="stmt" count="1"/>
        <line num="262" type="stmt" count="1"/>
        <line num="264" type="stmt" count="1"/>
        <line num="267" type="stmt" count="1"/>
        <line num="270" type="method" name="hasMeaningTokenInLineBefore" visibility="protected" complexity="8" crap="11.38" count="1"/>
        <line num="274" type="stmt" count="1"/>
        <line num="275" type="stmt" count="1"/>
        <line num="277" type="stmt" count="1"/>
        <line num="278" type="stmt" count="0"/>
        <line num="281" type="stmt" count="1"/>
        <line num="283" type="stmt" count="1"/>
        <line num="284" type="stmt" count="1"/>
        <line num="286" type="stmt" count="1"/>
        <line num="289" type="stmt" count="1"/>
        <line num="290" type="stmt" count="0"/>
        <line num="293" type="stmt" count="1"/>
        <line num="294" type="stmt" count="0"/>
        <line num="295" type="stmt" count="0"/>
        <line num="297" type="stmt" count="0"/>
        <line num="298" type="stmt" count="0"/>
        <line num="302" type="stmt" count="1"/>
        <line num="305" type="method" name="isTokenOnlyMeaningfulInLine" visibility="protected" complexity="2" crap="2" count="1"/>
        <line num="309" type="stmt" count="1"/>
        <line num="312" type="method" name="snakeCaseFromCamelCase" visibility="protected" complexity="2" crap="2" count="1"/>
        <line num="316" type="stmt" count="1"/>
        <line num="318" type="stmt" count="1"/>
        <line num="319" type="stmt" count="1"/>
        <line num="321" type="stmt" count="1"/>
        <line num="324" type="stmt" count="1"/>
        <metrics loc="327" ncloc="315" classes="1" methods="22" coveredmethods="15" conditionals="0" coveredconditionals="0" statements="97" coveredstatements="72" elements="119" coveredelements="87"/>
      </file>
    </package>
    <package name="ValksorDev\PhpCsFixerCustomFixers\PhpCsFixer\Analyzer">
      <file name="/var/www/html/valksor-dev/src/ValksorDev/PhpCsFixerCustomFixers/PhpCsFixer/Analyzer/Analyzer.php">
        <class name="ValksorDev\PhpCsFixerCustomFixers\PhpCsFixer\Analyzer\Analyzer" namespace="ValksorDev\PhpCsFixerCustomFixers\PhpCsFixer\Analyzer">
          <metrics complexity="62" methods="22" coveredmethods="8" conditionals="0" coveredconditionals="0" statements="146" coveredstatements="92" elements="168" coveredelements="100"/>
        </class>
        <line num="50" type="method" name="__construct" visibility="public" complexity="1" crap="1" count="4"/>
        <line num="53" type="stmt" count="4"/>
        <line num="56" type="method" name="__call" visibility="public" complexity="1" crap="2" count="0"/>
        <line num="60" type="stmt" count="0"/>
        <line num="63" type="method" name="findNonAbstractConstructor" visibility="public" complexity="6" crap="7.33" count="1"/>
        <line num="66" type="stmt" count="1"/>
        <line num="67" type="stmt" count="0"/>
        <line num="70" type="stmt" count="1"/>
        <line num="71" type="stmt" count="1"/>
        <line num="72" type="stmt" count="0"/>
        <line num="75" type="stmt" count="1"/>
        <line num="76" type="stmt" count="1"/>
        <line num="79" type="stmt" count="1"/>
        <line num="81" type="stmt" count="1"/>
        <line num="82" type="stmt" count="0"/>
        <line num="85" type="stmt" count="1"/>
        <line num="88" type="stmt" count="0"/>
        <line num="91" type="method" name="getBeginningOfTheLine" visibility="public" complexity="3" crap="3.14" count="2"/>
        <line num="94" type="stmt" count="2"/>
        <line num="95" type="stmt" count="2"/>
        <line num="96" type="stmt" count="2"/>
        <line num="100" type="stmt" count="0"/>
        <line num="106" type="method" name="getClosingBracket" visibility="public" complexity="1" crap="2" count="0"/>
        <line num="109" type="stmt" count="0"/>
        <line num="115" type="method" name="getClosingCurlyBracket" visibility="public" complexity="1" crap="1" count="2"/>
        <line num="118" type="stmt" count="2"/>
        <line num="124" type="method" name="getClosingParenthesis" visibility="public" complexity="1" crap="1" count="2"/>
        <line num="127" type="stmt" count="2"/>
        <line num="130" type="method" name="getEndOfTheLine" visibility="public" complexity="3" crap="3.14" count="1"/>
        <line num="133" type="stmt" count="1"/>
        <line num="134" type="stmt" count="1"/>
        <line num="135" type="stmt" count="1"/>
        <line num="139" type="stmt" count="0"/>
        <line num="142" type="method" name="getLineIndentation" visibility="public" complexity="2" crap="2.01" count="2"/>
        <line num="145" type="stmt" count="2"/>
        <line num="146" type="stmt" count="2"/>
        <line num="147" type="stmt" count="2"/>
        <line num="149" type="stmt" count="2"/>
        <line num="151" type="stmt" count="2"/>
        <line num="152" type="stmt" count="2"/>
        <line num="155" type="stmt" count="0"/>
        <line num="161" type="method" name="getMethodArguments" visibility="public" complexity="8" crap="8" count="2"/>
        <line num="164" type="stmt" count="2"/>
        <line num="165" type="stmt" count="2"/>
        <line num="166" type="stmt" count="2"/>
        <line num="168" type="stmt" count="2"/>
        <line num="170" type="stmt" count="2"/>
        <line num="172" type="stmt" count="2"/>
        <line num="173" type="stmt" count="1"/>
        <line num="175" type="stmt" count="1"/>
        <line num="178" type="stmt" count="2"/>
        <line num="179" type="stmt" count="2"/>
        <line num="181" type="stmt" count="2"/>
        <line num="182" type="stmt" count="2"/>
        <line num="185" type="stmt" count="1"/>
        <line num="186" type="stmt" count="1"/>
        <line num="187" type="stmt" count="1"/>
        <line num="188" type="stmt" count="1"/>
        <line num="190" type="stmt" count="1"/>
        <line num="192" type="stmt" count="1"/>
        <line num="193" type="stmt" count="1"/>
        <line num="196" type="stmt" count="1"/>
        <line num="197" type="stmt" count="1"/>
        <line num="200" type="stmt" count="1"/>
        <line num="202" type="stmt" count="1"/>
        <line num="203" type="stmt" count="1"/>
        <line num="204" type="stmt" count="1"/>
        <line num="205" type="stmt" count="1"/>
        <line num="208" type="stmt" count="1"/>
        <line num="209" type="stmt" count="1"/>
        <line num="210" type="stmt" count="1"/>
        <line num="211" type="stmt" count="1"/>
        <line num="212" type="stmt" count="1"/>
        <line num="213" type="stmt" count="1"/>
        <line num="215" type="stmt" count="1"/>
        <line num="217" type="stmt" count="1"/>
        <line num="218" type="stmt" count="1"/>
        <line num="221" type="stmt" count="1"/>
        <line num="224" type="stmt" count="1"/>
        <line num="230" type="method" name="getNextComma" visibility="public" complexity="1" crap="1" count="1"/>
        <line num="233" type="stmt" count="1"/>
        <line num="239" type="method" name="getNextSemiColon" visibility="public" complexity="1" crap="2" count="0"/>
        <line num="242" type="stmt" count="0"/>
        <line num="248" type="method" name="getNumberOfArguments" visibility="public" complexity="1" crap="1" count="2"/>
        <line num="251" type="stmt" count="2"/>
        <line num="254" type="method" name="getSizeOfTheLine" visibility="public" complexity="2" crap="2" count="1"/>
        <line num="257" type="stmt" count="1"/>
        <line num="258" type="stmt" count="1"/>
        <line num="259" type="stmt" count="1"/>
        <line num="261" type="stmt" count="1"/>
        <line num="262" type="stmt" count="1"/>
        <line num="264" type="stmt" count="1"/>
        <line num="265" type="stmt" count="1"/>
        <line num="267" type="stmt" count="1"/>
        <line num="268" type="stmt" count="1"/>
        <line num="271" type="stmt" count="1"/>
        <line num="274" type="method" name="getSwitchAnalysis" visibility="public" complexity="4" crap="20" count="0"/>
        <line num="277" type="stmt" count="0"/>
        <line num="278" type="stmt" count="0"/>
        <line num="281" type="stmt" count="0"/>
        <line num="282" type="stmt" count="0"/>
        <line num="284" type="stmt" count="0"/>
        <line num="285" type="stmt" count="0"/>
        <line num="287" type="stmt" count="0"/>
        <line num="288" type="stmt" count="0"/>
        <line num="290" type="stmt" count="0"/>
        <line num="291" type="stmt" count="0"/>
        <line num="294" type="stmt" count="0"/>
        <line num="297" type="stmt" count="0"/>
        <line num="303" type="method" name="findBlockEndMatchingOpeningToken" visibility="private" complexity="6" crap="6.02" count="3"/>
        <line num="309" type="stmt" count="3"/>
        <line num="311" type="stmt" count="3"/>
        <line num="312" type="stmt" count="1"/>
        <line num="315" type="stmt" count="3"/>
        <line num="316" type="stmt" count="1"/>
        <line num="317" type="stmt" count="1"/>
        <line num="318" type="stmt" count="1"/>
        <line num="320" type="stmt" count="1"/>
        <line num="323" type="stmt" count="3"/>
        <line num="324" type="stmt" count="0"/>
        <line num="326" type="stmt" count="3"/>
        <line num="328" type="stmt" count="3"/>
        <line num="331" type="method" name="getCaseAnalysis" visibility="private" complexity="3" crap="12" count="0"/>
        <line num="334" type="stmt" count="0"/>
        <line num="335" type="stmt" count="0"/>
        <line num="337" type="stmt" count="0"/>
        <line num="338" type="stmt" count="0"/>
        <line num="342" type="stmt" count="0"/>
        <line num="345" type="method" name="getCasesEnd" visibility="private" complexity="5" crap="30" count="0"/>
        <line num="348" type="stmt" count="0"/>
        <line num="349" type="stmt" count="0"/>
        <line num="352" type="stmt" count="0"/>
        <line num="354" type="stmt" count="0"/>
        <line num="355" type="stmt" count="0"/>
        <line num="357" type="stmt" count="0"/>
        <line num="358" type="stmt" count="0"/>
        <line num="362" type="stmt" count="0"/>
        <line num="363" type="stmt" count="0"/>
        <line num="365" type="stmt" count="0"/>
        <line num="368" type="method" name="getCasesStart" visibility="private" complexity="1" crap="2" count="0"/>
        <line num="371" type="stmt" count="0"/>
        <line num="372" type="stmt" count="0"/>
        <line num="373" type="stmt" count="0"/>
        <line num="375" type="stmt" count="0"/>
        <line num="376" type="stmt" count="0"/>
        <line num="378" type="stmt" count="0"/>
        <line num="384" type="method" name="getClosingMatchingToken" visibility="private" complexity="5" crap="5.93" count="1"/>
        <line num="388" type="stmt" count="1"/>
        <line num="389" type="stmt" count="0"/>
        <line num="390" type="stmt" count="0"/>
        <line num="391" type="stmt" count="1"/>
        <line num="392" type="stmt" count="1"/>
        <line num="393" type="stmt" count="1"/>
        <line num="396" type="method" name="getNextSameLevelToken" visibility="private" complexity="4" crap="20" count="0"/>
        <line num="399" type="stmt" count="0"/>
        <line num="400" type="stmt" count="0"/>
        <line num="402" type="stmt" count="0"/>
        <line num="403" type="stmt" count="0"/>
        <line num="406" type="stmt" count="0"/>
        <line num="408" type="stmt" count="0"/>
        <line num="409" type="stmt" count="0"/>
        <line num="412" type="stmt" count="0"/>
        <line num="415" type="method" name="isConstructor" visibility="private" complexity="2" crap="2" count="1"/>
        <line num="419" type="stmt" count="1"/>
        <line num="420" type="stmt" count="1"/>
        <line num="423" type="stmt" count="1"/>
        <line num="424" type="stmt" count="1"/>
        <line num="426" type="stmt" count="1"/>
        <metrics loc="429" ncloc="390" classes="1" methods="22" coveredmethods="8" conditionals="0" coveredconditionals="0" statements="146" coveredstatements="92" elements="168" coveredelements="100"/>
      </file>
    </package>
    <package name="ValksorDev\PhpCsFixerCustomFixers\PhpCsFixer\Analyzer\Element">
      <file name="/var/www/html/valksor-dev/src/ValksorDev/PhpCsFixerCustomFixers/PhpCsFixer/Analyzer/Element/Argument.php">
        <class name="ValksorDev\PhpCsFixerCustomFixers\PhpCsFixer\Analyzer\Element\Argument" namespace="ValksorDev\PhpCsFixerCustomFixers\PhpCsFixer\Analyzer\Element">
          <metrics complexity="4" methods="4" coveredmethods="0" conditionals="0" coveredconditionals="0" statements="4" coveredstatements="0" elements="8" coveredelements="0"/>
        </class>
        <line num="20" type="method" name="__construct" visibility="public" complexity="1" crap="2" count="0"/>
        <line num="25" type="stmt" count="0"/>
        <line num="27" type="method" name="getEndIndex" visibility="public" complexity="1" crap="2" count="0"/>
        <line num="29" type="stmt" count="0"/>
        <line num="32" type="method" name="getIsConstant" visibility="public" complexity="1" crap="2" count="0"/>
        <line num="34" type="stmt" count="0"/>
        <line num="37" type="method" name="getStartIndex" visibility="public" complexity="1" crap="2" count="0"/>
        <line num="39" type="stmt" count="0"/>
        <metrics loc="42" ncloc="30" classes="1" methods="4" coveredmethods="0" conditionals="0" coveredconditionals="0" statements="4" coveredstatements="0" elements="8" coveredelements="0"/>
      </file>
      <file name="/var/www/html/valksor-dev/src/ValksorDev/PhpCsFixerCustomFixers/PhpCsFixer/Analyzer/Element/CaseElement.php">
        <class name="ValksorDev\PhpCsFixerCustomFixers\PhpCsFixer\Analyzer\Element\CaseElement" namespace="ValksorDev\PhpCsFixerCustomFixers\PhpCsFixer\Analyzer\Element">
          <metrics complexity="2" methods="2" coveredmethods="0" conditionals="0" coveredconditionals="0" statements="2" coveredstatements="0" elements="4" coveredelements="0"/>
        </class>
        <line num="20" type="method" name="__construct" visibility="public" complexity="1" crap="2" count="0"/>
        <line num="23" type="stmt" count="0"/>
        <line num="25" type="method" name="getColonIndex" visibility="public" complexity="1" crap="2" count="0"/>
        <line num="27" type="stmt" count="0"/>
        <metrics loc="30" ncloc="18" classes="1" methods="2" coveredmethods="0" conditionals="0" coveredconditionals="0" statements="2" coveredstatements="0" elements="4" coveredelements="0"/>
      </file>
      <file name="/var/www/html/valksor-dev/src/ValksorDev/PhpCsFixerCustomFixers/PhpCsFixer/Analyzer/Element/Constructor.php">
        <class name="ValksorDev\PhpCsFixerCustomFixers\PhpCsFixer\Analyzer\Element\Constructor" namespace="ValksorDev\PhpCsFixerCustomFixers\PhpCsFixer\Analyzer\Element">
          <metrics complexity="26" methods="7" coveredmethods="3" conditionals="0" coveredconditionals="0" statements="91" coveredstatements="80" elements="98" coveredelements="83"/>
        </class>
        <line num="33" type="method" name="__construct" visibility="public" complexity="1" crap="1" count="1"/>
        <line num="37" type="stmt" count="1"/>
        <line num="39" type="method" name="getConstructorIndex" visibility="public" complexity="1" crap="1" count="1"/>
        <line num="41" type="stmt" count="1"/>
        <line num="44" type="method" name="getConstructorParameterNames" visibility="public" complexity="3" crap="3" count="1"/>
        <line num="46" type="stmt" count="1"/>
        <line num="47" type="stmt" count="1"/>
        <line num="48" type="stmt" count="1"/>
        <line num="50" type="stmt" count="1"/>
        <line num="52" type="stmt" count="1"/>
        <line num="53" type="stmt" count="1"/>
        <line num="54" type="stmt" count="1"/>
        <line num="57" type="stmt" count="1"/>
        <line num="60" type="stmt" count="1"/>
        <line num="63" type="method" name="getConstructorPromotableAssignments" visibility="public" complexity="7" crap="7.07" count="1"/>
        <line num="65" type="stmt" count="1"/>
        <line num="66" type="stmt" count="1"/>
        <line num="67" type="stmt" count="1"/>
        <line num="69" type="stmt" count="1"/>
        <line num="70" type="stmt" count="1"/>
        <line num="71" type="stmt" count="1"/>
        <line num="73" type="stmt" count="1"/>
        <line num="74" type="stmt" count="1"/>
        <line num="75" type="stmt" count="1"/>
        <line num="77" type="stmt" count="1"/>
        <line num="78" type="stmt" count="1"/>
        <line num="79" type="stmt" count="1"/>
        <line num="82" type="stmt" count="1"/>
        <line num="83" type="stmt" count="1"/>
        <line num="85" type="stmt" count="1"/>
        <line num="86" type="stmt" count="1"/>
        <line num="89" type="stmt" count="1"/>
        <line num="91" type="stmt" count="1"/>
        <line num="92" type="stmt" count="0"/>
        <line num="95" type="stmt" count="1"/>
        <line num="96" type="stmt" count="1"/>
        <line num="97" type="stmt" count="1"/>
        <line num="100" type="stmt" count="1"/>
        <line num="101" type="stmt" count="0"/>
        <line num="104" type="stmt" count="1"/>
        <line num="105" type="stmt" count="0"/>
        <line num="108" type="stmt" count="1"/>
        <line num="111" type="method" name="getConstructorPromotableParameters" visibility="public" complexity="5" crap="5.01" count="1"/>
        <line num="113" type="stmt" count="1"/>
        <line num="114" type="stmt" count="1"/>
        <line num="115" type="stmt" count="1"/>
        <line num="117" type="stmt" count="1"/>
        <line num="119" type="stmt" count="1"/>
        <line num="120" type="stmt" count="1"/>
        <line num="121" type="stmt" count="1"/>
        <line num="124" type="stmt" count="1"/>
        <line num="125" type="stmt" count="1"/>
        <line num="127" type="stmt" count="1"/>
        <line num="128" type="stmt" count="0"/>
        <line num="131" type="stmt" count="1"/>
        <line num="132" type="stmt" count="1"/>
        <line num="133" type="stmt" count="1"/>
        <line num="134" type="stmt" count="1"/>
        <line num="135" type="stmt" count="1"/>
        <line num="136" type="stmt" count="1"/>
        <line num="137" type="stmt" count="1"/>
        <line num="138" type="stmt" count="1"/>
        <line num="139" type="stmt" count="1"/>
        <line num="140" type="stmt" count="1"/>
        <line num="141" type="stmt" count="1"/>
        <line num="143" type="stmt" count="1"/>
        <line num="144" type="stmt" count="0"/>
        <line num="147" type="stmt" count="1"/>
        <line num="150" type="stmt" count="1"/>
        <line num="153" type="method" name="getDuplicatesIndices" visibility="private" complexity="3" crap="3.14" count="1"/>
        <line num="156" type="stmt" count="1"/>
        <line num="157" type="stmt" count="1"/>
        <line num="159" type="stmt" count="1"/>
        <line num="160" type="stmt" count="1"/>
        <line num="161" type="stmt" count="0"/>
        <line num="162" type="stmt" count="0"/>
        <line num="164" type="stmt" count="1"/>
        <line num="167" type="stmt" count="1"/>
        <line num="170" type="method" name="getPropertyIndex" visibility="private" complexity="6" crap="6.34" count="1"/>
        <line num="174" type="stmt" count="1"/>
        <line num="175" type="stmt" count="1"/>
        <line num="177" type="stmt" count="1"/>
        <line num="178" type="stmt" count="0"/>
        <line num="181" type="stmt" count="1"/>
        <line num="183" type="stmt" count="1"/>
        <line num="184" type="stmt" count="0"/>
        <line num="186" type="stmt" count="1"/>
        <line num="188" type="stmt" count="1"/>
        <line num="189" type="stmt" count="1"/>
        <line num="191" type="stmt" count="1"/>
        <line num="192" type="stmt" count="1"/>
        <line num="194" type="stmt" count="1"/>
        <line num="195" type="stmt" count="0"/>
        <line num="198" type="stmt" count="1"/>
        <line num="199" type="stmt" count="1"/>
        <line num="201" type="stmt" count="1"/>
        <line num="202" type="stmt" count="0"/>
        <line num="205" type="stmt" count="1"/>
        <metrics loc="208" ncloc="196" classes="1" methods="7" coveredmethods="3" conditionals="0" coveredconditionals="0" statements="91" coveredstatements="80" elements="98" coveredelements="83"/>
      </file>
      <file name="/var/www/html/valksor-dev/src/ValksorDev/PhpCsFixerCustomFixers/PhpCsFixer/Analyzer/Element/SwitchElement.php">
        <class name="ValksorDev\PhpCsFixerCustomFixers\PhpCsFixer\Analyzer\Element\SwitchElement" namespace="ValksorDev\PhpCsFixerCustomFixers\PhpCsFixer\Analyzer\Element">
          <metrics complexity="4" methods="4" coveredmethods="0" conditionals="0" coveredconditionals="0" statements="4" coveredstatements="0" elements="8" coveredelements="0"/>
        </class>
        <line num="20" type="method" name="__construct" visibility="public" complexity="1" crap="2" count="0"/>
        <line num="25" type="stmt" count="0"/>
        <line num="27" type="method" name="getCases" visibility="public" complexity="1" crap="2" count="0"/>
        <line num="29" type="stmt" count="0"/>
        <line num="32" type="method" name="getCasesEnd" visibility="public" complexity="1" crap="2" count="0"/>
        <line num="34" type="stmt" count="0"/>
        <line num="37" type="method" name="getCasesStart" visibility="public" complexity="1" crap="2" count="0"/>
        <line num="39" type="stmt" count="0"/>
        <metrics loc="42" ncloc="30" classes="1" methods="4" coveredmethods="0" conditionals="0" coveredconditionals="0" statements="4" coveredstatements="0" elements="8" coveredelements="0"/>
      </file>
    </package>
    <package name="ValksorDev\PhpCsFixerCustomFixers\PhpCsFixer\Exception">
      <file name="/var/www/html/valksor-dev/src/ValksorDev/PhpCsFixerCustomFixers/PhpCsFixer/Exception/PhpCsFixerException.php">
        <class name="ValksorDev\PhpCsFixerCustomFixers\PhpCsFixer\Exception\PhpCsFixerException" namespace="ValksorDev\PhpCsFixerCustomFixers\PhpCsFixer\Exception">
          <metrics complexity="0" methods="0" coveredmethods="0" conditionals="0" coveredconditionals="0" statements="0" coveredstatements="0" elements="0" coveredelements="0"/>
        </class>
        <metrics loc="20" ncloc="11" classes="0" methods="0" coveredmethods="0" conditionals="0" coveredconditionals="0" statements="0" coveredstatements="0" elements="0" coveredelements="0"/>
      </file>
      <file name="/var/www/html/valksor-dev/src/ValksorDev/PhpCsFixerCustomFixers/PhpCsFixer/Exception/TokenAnalysisException.php">
        <class name="ValksorDev\PhpCsFixerCustomFixers\PhpCsFixer\Exception\TokenAnalysisException" namespace="ValksorDev\PhpCsFixerCustomFixers\PhpCsFixer\Exception">
          <metrics complexity="0" methods="0" coveredmethods="0" conditionals="0" coveredconditionals="0" statements="0" coveredstatements="0" elements="0" coveredelements="0"/>
        </class>
        <metrics loc="18" ncloc="9" classes="0" methods="0" coveredmethods="0" conditionals="0" coveredconditionals="0" statements="0" coveredstatements="0" elements="0" coveredelements="0"/>
      </file>
    </package>
    <metrics files="16" loc="2633" ncloc="2426" classes="14" methods="112" coveredmethods="39" conditionals="0" coveredconditionals="0" statements="842" coveredstatements="620" elements="954" coveredelements="659"/>
  </project>
</coverage>
