<?xml version="1.0" encoding="UTF-8"?>
<!DOCTYPE coverage SYSTEM "http://cobertura.sourceforge.net/xml/coverage-04.dtd">
<coverage line-rate="0.73634204275534" branch-rate="0" lines-covered="620" lines-valid="842" branches-covered="0" branches-valid="0" complexity="332" version="0.4" timestamp="0">
  <sources>
    <source>/var/www/html/valksor-dev/src/ValksorDev/PhpCsFixerCustomFixers</source>
  </sources>
  <packages>
    <package name="Fixer/DeclareAfterOpeningTagFixer.php" line-rate="0.4" branch-rate="0" complexity="11">
      <classes>
        <class name="ValksorDev\PhpCsFixerCustomFixers\Fixer\DeclareAfterOpeningTagFixer" filename="Fixer/DeclareAfterOpeningTagFixer.php" line-rate="0.4" branch-rate="0" complexity="11">
          <methods>
            <method name="applyFix" signature="SplFileInfo $file, Tokens $tokens" line-rate="0.40625" branch-rate="0" complexity="8">
              <lines>
                <line number="36" hits="3"/>
                <line number="37" hits="0"/>
                <line number="40" hits="3"/>
                <line number="42" hits="3"/>
                <line number="43" hits="3"/>
                <line number="45" hits="3"/>
                <line number="46" hits="3"/>
                <line number="48" hits="3"/>
                <line number="50" hits="3"/>
                <line number="51" hits="1"/>
                <line number="54" hits="2"/>
                <line number="56" hits="2"/>
                <line number="57" hits="2"/>
                <line number="59" hits="2"/>
                <line number="62" hits="0"/>
                <line number="63" hits="0"/>
                <line number="65" hits="0"/>
                <line number="67" hits="0"/>
                <line number="68" hits="0"/>
                <line number="71" hits="0"/>
                <line number="72" hits="0"/>
                <line number="74" hits="0"/>
                <line number="77" hits="0"/>
                <line number="79" hits="0"/>
                <line number="80" hits="0"/>
                <line number="82" hits="0"/>
                <line number="85" hits="0"/>
                <line number="86" hits="0"/>
                <line number="88" hits="0"/>
                <line number="91" hits="0"/>
                <line number="92" hits="0"/>
                <line number="94" hits="0"/>
              </lines>
            </method>
            <method name="getDocumentation" signature="" line-rate="0" branch-rate="0" complexity="1">
              <lines>
                <line number="99" hits="0"/>
              </lines>
            </method>
            <method name="getSampleCode" signature="" line-rate="0" branch-rate="0" complexity="1">
              <lines>
                <line number="104" hits="0"/>
              </lines>
            </method>
            <method name="isCandidate" signature="Tokens $tokens" line-rate="1" branch-rate="0" complexity="1">
              <lines>
                <line number="110" hits="3"/>
              </lines>
            </method>
          </methods>
          <lines>
            <line number="36" hits="3"/>
            <line number="37" hits="0"/>
            <line number="40" hits="3"/>
            <line number="42" hits="3"/>
            <line number="43" hits="3"/>
            <line number="45" hits="3"/>
            <line number="46" hits="3"/>
            <line number="48" hits="3"/>
            <line number="50" hits="3"/>
            <line number="51" hits="1"/>
            <line number="54" hits="2"/>
            <line number="56" hits="2"/>
            <line number="57" hits="2"/>
            <line number="59" hits="2"/>
            <line number="62" hits="0"/>
            <line number="63" hits="0"/>
            <line number="65" hits="0"/>
            <line number="67" hits="0"/>
            <line number="68" hits="0"/>
            <line number="71" hits="0"/>
            <line number="72" hits="0"/>
            <line number="74" hits="0"/>
            <line number="77" hits="0"/>
            <line number="79" hits="0"/>
            <line number="80" hits="0"/>
            <line number="82" hits="0"/>
            <line number="85" hits="0"/>
            <line number="86" hits="0"/>
            <line number="88" hits="0"/>
            <line number="91" hits="0"/>
            <line number="92" hits="0"/>
            <line number="94" hits="0"/>
            <line number="99" hits="0"/>
            <line number="104" hits="0"/>
            <line number="110" hits="3"/>
          </lines>
        </class>
      </classes>
    </package>
    <package name="Fixer/DoctrineMigrationsFixer.php" line-rate="0.86363636363636" branch-rate="0" complexity="11">
      <classes>
        <class name="ValksorDev\PhpCsFixerCustomFixers\Fixer\DoctrineMigrationsFixer" filename="Fixer/DoctrineMigrationsFixer.php" line-rate="0.86363636363636" branch-rate="0" complexity="11">
          <methods>
            <method name="getDocumentation" signature="" line-rate="0" branch-rate="0" complexity="1">
              <lines>
                <line number="33" hits="0"/>
              </lines>
            </method>
            <method name="isCandidate" signature="Tokens $tokens" line-rate="1" branch-rate="0" complexity="2">
              <lines>
                <line number="72" hits="1"/>
              </lines>
            </method>
            <method name="applyFix" signature="SplFileInfo $file, Tokens $tokens" line-rate="1" branch-rate="0" complexity="1">
              <lines>
                <line number="79" hits="1"/>
              </lines>
            </method>
            <method name="removeUselessComments" signature="Tokens $tokens" line-rate="0.89473684210526" branch-rate="0" complexity="6">
              <lines>
                <line number="85" hits="1"/>
                <line number="86" hits="1"/>
                <line number="87" hits="1"/>
                <line number="88" hits="1"/>
                <line number="89" hits="1"/>
                <line number="91" hits="1"/>
                <line number="92" hits="1"/>
                <line number="93" hits="1"/>
                <line number="95" hits="1"/>
                <line number="96" hits="1"/>
                <line number="97" hits="1"/>
                <line number="98" hits="1"/>
                <line number="102" hits="1"/>
                <line number="103" hits="0"/>
                <line number="106" hits="1"/>
                <line number="107" hits="1"/>
                <line number="108" hits="1"/>
                <line number="110" hits="1"/>
                <line number="113" hits="0"/>
              </lines>
            </method>
          </methods>
          <lines>
            <line number="33" hits="0"/>
            <line number="72" hits="1"/>
            <line number="79" hits="1"/>
            <line number="85" hits="1"/>
            <line number="86" hits="1"/>
            <line number="87" hits="1"/>
            <line number="88" hits="1"/>
            <line number="89" hits="1"/>
            <line number="91" hits="1"/>
            <line number="92" hits="1"/>
            <line number="93" hits="1"/>
            <line number="95" hits="1"/>
            <line number="96" hits="1"/>
            <line number="97" hits="1"/>
            <line number="98" hits="1"/>
            <line number="102" hits="1"/>
            <line number="103" hits="0"/>
            <line number="106" hits="1"/>
            <line number="107" hits="1"/>
            <line number="108" hits="1"/>
            <line number="110" hits="1"/>
            <line number="113" hits="0"/>
          </lines>
        </class>
      </classes>
    </package>
    <package name="Fixer/LineBreakBetweenMethodArgumentsFixer.php" line-rate="0.75" branch-rate="0" complexity="25">
      <classes>
        <class name="ValksorDev\PhpCsFixerCustomFixers\Fixer\LineBreakBetweenMethodArgumentsFixer" filename="Fixer/LineBreakBetweenMethodArgumentsFixer.php" line-rate="0.75" branch-rate="0" complexity="25">
          <methods>
            <method name="getDocumentation" signature="" line-rate="0" branch-rate="0" complexity="1">
              <lines>
                <line number="37" hits="0"/>
              </lines>
            </method>
            <method name="applyFix" signature="SplFileInfo $file, Tokens $tokens" line-rate="0.65217391304348" branch-rate="0" complexity="8">
              <lines>
                <line number="75" hits="2"/>
                <line number="77" hits="2"/>
                <line number="78" hits="2"/>
                <line number="79" hits="2"/>
                <line number="81" hits="2"/>
                <line number="82" hits="0"/>
                <line number="85" hits="2"/>
                <line number="86" hits="0"/>
                <line number="89" hits="2"/>
                <line number="90" hits="2"/>
                <line number="92" hits="2"/>
                <line number="93" hits="0"/>
                <line number="96" hits="2"/>
                <line number="97" hits="1"/>
                <line number="99" hits="1"/>
                <line number="102" hits="1"/>
                <line number="103" hits="1"/>
                <line number="105" hits="1"/>
                <line number="108" hits="0"/>
                <line number="109" hits="0"/>
                <line number="111" hits="0"/>
                <line number="112" hits="0"/>
                <line number="114" hits="0"/>
              </lines>
            </method>
            <method name="mergeArgs" signature="Tokens $tokens, int $index" line-rate="1" branch-rate="0" complexity="3">
              <lines>
                <line number="126" hits="2"/>
                <line number="127" hits="2"/>
                <line number="129" hits="2"/>
                <line number="130" hits="2"/>
                <line number="133" hits="2"/>
                <line number="134" hits="2"/>
                <line number="136" hits="2"/>
                <line number="138" hits="2"/>
                <line number="139" hits="2"/>
                <line number="140" hits="2"/>
              </lines>
            </method>
            <method name="splitArgs" signature="Tokens $tokens, int $index" line-rate="0.76666666666667" branch-rate="0" complexity="12">
              <lines>
                <line number="151" hits="1"/>
                <line number="153" hits="1"/>
                <line number="154" hits="1"/>
                <line number="156" hits="1"/>
                <line number="157" hits="0"/>
                <line number="160" hits="1"/>
                <line number="161" hits="1"/>
                <line number="162" hits="1"/>
                <line number="165" hits="1"/>
                <line number="166" hits="0"/>
                <line number="168" hits="0"/>
                <line number="170" hits="0"/>
                <line number="171" hits="0"/>
                <line number="175" hits="1"/>
                <line number="176" hits="1"/>
                <line number="178" hits="1"/>
                <line number="179" hits="1"/>
                <line number="180" hits="0"/>
                <line number="183" hits="1"/>
                <line number="184" hits="0"/>
                <line number="187" hits="1"/>
                <line number="188" hits="1"/>
                <line number="192" hits="1"/>
                <line number="194" hits="1"/>
                <line number="195" hits="1"/>
                <line number="197" hits="1"/>
                <line number="198" hits="1"/>
                <line number="199" hits="1"/>
                <line number="200" hits="1"/>
                <line number="202" hits="1"/>
              </lines>
            </method>
          </methods>
          <lines>
            <line number="37" hits="0"/>
            <line number="75" hits="2"/>
            <line number="77" hits="2"/>
            <line number="78" hits="2"/>
            <line number="79" hits="2"/>
            <line number="81" hits="2"/>
            <line number="82" hits="0"/>
            <line number="85" hits="2"/>
            <line number="86" hits="0"/>
            <line number="89" hits="2"/>
            <line number="90" hits="2"/>
            <line number="92" hits="2"/>
            <line number="93" hits="0"/>
            <line number="96" hits="2"/>
            <line number="97" hits="1"/>
            <line number="99" hits="1"/>
            <line number="102" hits="1"/>
            <line number="103" hits="1"/>
            <line number="105" hits="1"/>
            <line number="108" hits="0"/>
            <line number="109" hits="0"/>
            <line number="111" hits="0"/>
            <line number="112" hits="0"/>
            <line number="114" hits="0"/>
            <line number="126" hits="2"/>
            <line number="127" hits="2"/>
            <line number="129" hits="2"/>
            <line number="130" hits="2"/>
            <line number="133" hits="2"/>
            <line number="134" hits="2"/>
            <line number="136" hits="2"/>
            <line number="138" hits="2"/>
            <line number="139" hits="2"/>
            <line number="140" hits="2"/>
            <line number="151" hits="1"/>
            <line number="153" hits="1"/>
            <line number="154" hits="1"/>
            <line number="156" hits="1"/>
            <line number="157" hits="0"/>
            <line number="160" hits="1"/>
            <line number="161" hits="1"/>
            <line number="162" hits="1"/>
            <line number="165" hits="1"/>
            <line number="166" hits="0"/>
            <line number="168" hits="0"/>
            <line number="170" hits="0"/>
            <line number="171" hits="0"/>
            <line number="175" hits="1"/>
            <line number="176" hits="1"/>
            <line number="178" hits="1"/>
            <line number="179" hits="1"/>
            <line number="180" hits="0"/>
            <line number="183" hits="1"/>
            <line number="184" hits="0"/>
            <line number="187" hits="1"/>
            <line number="188" hits="1"/>
            <line number="192" hits="1"/>
            <line number="194" hits="1"/>
            <line number="195" hits="1"/>
            <line number="197" hits="1"/>
            <line number="198" hits="1"/>
            <line number="199" hits="1"/>
            <line number="200" hits="1"/>
            <line number="202" hits="1"/>
          </lines>
        </class>
      </classes>
    </package>
    <package name="Fixer/LineBreakBetweenStatementsFixer.php" line-rate="0.76744186046512" branch-rate="0" complexity="19">
      <classes>
        <class name="ValksorDev\PhpCsFixerCustomFixers\Fixer\LineBreakBetweenStatementsFixer" filename="Fixer/LineBreakBetweenStatementsFixer.php" line-rate="0.76744186046512" branch-rate="0" complexity="19">
          <methods>
            <method name="getDocumentation" signature="" line-rate="0" branch-rate="0" complexity="1">
              <lines>
                <line number="52" hits="0"/>
              </lines>
            </method>
            <method name="applyFix" signature="SplFileInfo $file, Tokens $tokens" line-rate="1" branch-rate="0" complexity="4">
              <lines>
                <line number="91" hits="1"/>
                <line number="92" hits="1"/>
                <line number="93" hits="1"/>
                <line number="94" hits="1"/>
                <line number="95" hits="1"/>
              </lines>
            </method>
            <method name="ensureNumberOfBreaks" signature="string $whitespace" line-rate="0.875" branch-rate="0" complexity="3">
              <lines>
                <line number="102" hits="1"/>
                <line number="103" hits="1"/>
                <line number="104" hits="1"/>
                <line number="106" hits="1"/>
                <line number="107" hits="0"/>
                <line number="110" hits="1"/>
                <line number="111" hits="1"/>
                <line number="114" hits="1"/>
              </lines>
            </method>
            <method name="fixSpaces" signature="int $index, Tokens $tokens" line-rate="0.8" branch-rate="0" complexity="4">
              <lines>
                <line number="121" hits="1"/>
                <line number="123" hits="1"/>
                <line number="124" hits="0"/>
                <line number="127" hits="1"/>
                <line number="129" hits="1"/>
                <line number="130" hits="0"/>
                <line number="133" hits="1"/>
                <line number="135" hits="1"/>
                <line number="136" hits="1"/>
                <line number="139" hits="1"/>
              </lines>
            </method>
            <method name="handleCommon" signature="array $matchedTokens, Tokens $tokens" line-rate="0.85714285714286" branch-rate="0" complexity="4">
              <lines>
                <line number="149" hits="1"/>
                <line number="150" hits="1"/>
                <line number="151" hits="1"/>
                <line number="152" hits="1"/>
                <line number="154" hits="1"/>
                <line number="155" hits="0"/>
                <line number="158" hits="1"/>
                <line number="160" hits="1"/>
                <line number="162" hits="1"/>
                <line number="163" hits="0"/>
                <line number="166" hits="1"/>
                <line number="167" hits="1"/>
                <line number="168" hits="1"/>
                <line number="169" hits="1"/>
              </lines>
            </method>
            <method name="handleDo" signature="array $matchedTokens, Tokens $tokens" line-rate="0.2" branch-rate="0" complexity="2">
              <lines>
                <line number="180" hits="1"/>
                <line number="181" hits="0"/>
                <line number="182" hits="0"/>
                <line number="183" hits="0"/>
                <line number="184" hits="0"/>
              </lines>
            </method>
          </methods>
          <lines>
            <line number="52" hits="0"/>
            <line number="91" hits="1"/>
            <line number="92" hits="1"/>
            <line number="93" hits="1"/>
            <line number="94" hits="1"/>
            <line number="95" hits="1"/>
            <line number="102" hits="1"/>
            <line number="103" hits="1"/>
            <line number="104" hits="1"/>
            <line number="106" hits="1"/>
            <line number="107" hits="0"/>
            <line number="110" hits="1"/>
            <line number="111" hits="1"/>
            <line number="114" hits="1"/>
            <line number="121" hits="1"/>
            <line number="123" hits="1"/>
            <line number="124" hits="0"/>
            <line number="127" hits="1"/>
            <line number="129" hits="1"/>
            <line number="130" hits="0"/>
            <line number="133" hits="1"/>
            <line number="135" hits="1"/>
            <line number="136" hits="1"/>
            <line number="139" hits="1"/>
            <line number="149" hits="1"/>
            <line number="150" hits="1"/>
            <line number="151" hits="1"/>
            <line number="152" hits="1"/>
            <line number="154" hits="1"/>
            <line number="155" hits="0"/>
            <line number="158" hits="1"/>
            <line number="160" hits="1"/>
            <line number="162" hits="1"/>
            <line number="163" hits="0"/>
            <line number="166" hits="1"/>
            <line number="167" hits="1"/>
            <line number="168" hits="1"/>
            <line number="169" hits="1"/>
            <line number="180" hits="1"/>
            <line number="181" hits="0"/>
            <line number="182" hits="0"/>
            <line number="183" hits="0"/>
            <line number="184" hits="0"/>
          </lines>
        </class>
      </classes>
    </package>
    <package name="Fixer/NoUselessDirnameCallFixer.php" line-rate="0.7910447761194" branch-rate="0" complexity="22">
      <classes>
        <class name="ValksorDev\PhpCsFixerCustomFixers\Fixer\NoUselessDirnameCallFixer" filename="Fixer/NoUselessDirnameCallFixer.php" line-rate="0.7910447761194" branch-rate="0" complexity="22">
          <methods>
            <method name="applyFix" signature="SplFileInfo $file, Tokens $tokens" line-rate="0.84615384615385" branch-rate="0" complexity="7">
              <lines>
                <line number="38" hits="1"/>
                <line number="39" hits="1"/>
                <line number="40" hits="1"/>
                <line number="43" hits="1"/>
                <line number="45" hits="1"/>
                <line number="46" hits="0"/>
                <line number="49" hits="1"/>
                <line number="51" hits="1"/>
                <line number="52" hits="0"/>
                <line number="55" hits="1"/>
                <line number="56" hits="1"/>
                <line number="57" hits="1"/>
                <line number="59" hits="1"/>
              </lines>
            </method>
            <method name="getDocumentation" signature="" line-rate="0" branch-rate="0" complexity="1">
              <lines>
                <line number="67" hits="0"/>
              </lines>
            </method>
            <method name="getSampleCode" signature="" line-rate="0" branch-rate="0" complexity="1">
              <lines>
                <line number="72" hits="0"/>
                <line number="74" hits="0"/>
              </lines>
            </method>
            <method name="isCandidate" signature="Tokens $tokens" line-rate="1" branch-rate="0" complexity="1">
              <lines>
                <line number="80" hits="1"/>
              </lines>
            </method>
            <method name="getNextTokensUpdates" signature="Tokens $tokens, int $index" line-rate="0.8125" branch-rate="0" complexity="7">
              <lines>
                <line number="87" hits="1"/>
                <line number="88" hits="1"/>
                <line number="90" hits="1"/>
                <line number="91" hits="1"/>
                <line number="93" hits="1"/>
                <line number="94" hits="1"/>
                <line number="95" hits="1"/>
                <line number="96" hits="1"/>
                <line number="98" hits="1"/>
                <line number="99" hits="1"/>
                <line number="100" hits="1"/>
                <line number="101" hits="1"/>
                <line number="102" hits="1"/>
                <line number="106" hits="1"/>
                <line number="107" hits="0"/>
                <line number="108" hits="0"/>
                <line number="109" hits="0"/>
                <line number="111" hits="1"/>
                <line number="113" hits="1"/>
                <line number="114" hits="0"/>
                <line number="116" hits="1"/>
                <line number="118" hits="1"/>
                <line number="119" hits="1"/>
                <line number="121" hits="1"/>
                <line number="122" hits="0"/>
                <line number="125" hits="1"/>
                <line number="126" hits="1"/>
                <line number="128" hits="1"/>
                <line number="129" hits="0"/>
                <line number="132" hits="1"/>
                <line number="133" hits="1"/>
                <line number="135" hits="1"/>
              </lines>
            </method>
            <method name="getPrevTokensUpdates" signature="Tokens $tokens, int $index" line-rate="0.83333333333333" branch-rate="0" complexity="5">
              <lines>
                <line number="142" hits="1"/>
                <line number="144" hits="1"/>
                <line number="145" hits="1"/>
                <line number="147" hits="1"/>
                <line number="148" hits="0"/>
                <line number="150" hits="1"/>
                <line number="152" hits="1"/>
                <line number="153" hits="1"/>
                <line number="155" hits="1"/>
                <line number="156" hits="0"/>
                <line number="159" hits="1"/>
                <line number="160" hits="0"/>
                <line number="162" hits="1"/>
                <line number="164" hits="1"/>
                <line number="165" hits="1"/>
                <line number="167" hits="1"/>
                <line number="168" hits="1"/>
                <line number="171" hits="1"/>
              </lines>
            </method>
          </methods>
          <lines>
            <line number="38" hits="1"/>
            <line number="39" hits="1"/>
            <line number="40" hits="1"/>
            <line number="43" hits="1"/>
            <line number="45" hits="1"/>
            <line number="46" hits="0"/>
            <line number="49" hits="1"/>
            <line number="51" hits="1"/>
            <line number="52" hits="0"/>
            <line number="55" hits="1"/>
            <line number="56" hits="1"/>
            <line number="57" hits="1"/>
            <line number="59" hits="1"/>
            <line number="67" hits="0"/>
            <line number="72" hits="0"/>
            <line number="74" hits="0"/>
            <line number="80" hits="1"/>
            <line number="87" hits="1"/>
            <line number="88" hits="1"/>
            <line number="90" hits="1"/>
            <line number="91" hits="1"/>
            <line number="93" hits="1"/>
            <line number="94" hits="1"/>
            <line number="95" hits="1"/>
            <line number="96" hits="1"/>
            <line number="98" hits="1"/>
            <line number="99" hits="1"/>
            <line number="100" hits="1"/>
            <line number="101" hits="1"/>
            <line number="102" hits="1"/>
            <line number="106" hits="1"/>
            <line number="107" hits="0"/>
            <line number="108" hits="0"/>
            <line number="109" hits="0"/>
            <line number="111" hits="1"/>
            <line number="113" hits="1"/>
            <line number="114" hits="0"/>
            <line number="116" hits="1"/>
            <line number="118" hits="1"/>
            <line number="119" hits="1"/>
            <line number="121" hits="1"/>
            <line number="122" hits="0"/>
            <line number="125" hits="1"/>
            <line number="126" hits="1"/>
            <line number="128" hits="1"/>
            <line number="129" hits="0"/>
            <line number="132" hits="1"/>
            <line number="133" hits="1"/>
            <line number="135" hits="1"/>
            <line number="142" hits="1"/>
            <line number="144" hits="1"/>
            <line number="145" hits="1"/>
            <line number="147" hits="1"/>
            <line number="148" hits="0"/>
            <line number="150" hits="1"/>
            <line number="152" hits="1"/>
            <line number="153" hits="1"/>
            <line number="155" hits="1"/>
            <line number="156" hits="0"/>
            <line number="159" hits="1"/>
            <line number="160" hits="0"/>
            <line number="162" hits="1"/>
            <line number="164" hits="1"/>
            <line number="165" hits="1"/>
            <line number="167" hits="1"/>
            <line number="168" hits="1"/>
            <line number="171" hits="1"/>
          </lines>
        </class>
      </classes>
    </package>
    <package name="Fixer/NoUselessStrlenFixer.php" line-rate="0.80882352941176" branch-rate="0" complexity="27">
      <classes>
        <class name="ValksorDev\PhpCsFixerCustomFixers\Fixer\NoUselessStrlenFixer" filename="Fixer/NoUselessStrlenFixer.php" line-rate="0.80882352941176" branch-rate="0" complexity="27">
          <methods>
            <method name="applyFix" signature="SplFileInfo $file, Tokens $tokens" line-rate="0.80769230769231" branch-rate="0" complexity="7">
              <lines>
                <line number="40" hits="3"/>
                <line number="41" hits="3"/>
                <line number="43" hits="3"/>
                <line number="44" hits="3"/>
                <line number="45" hits="3"/>
                <line number="48" hits="3"/>
                <line number="49" hits="0"/>
                <line number="52" hits="3"/>
                <line number="53" hits="3"/>
                <line number="55" hits="3"/>
                <line number="57" hits="3"/>
                <line number="58" hits="0"/>
                <line number="61" hits="3"/>
                <line number="62" hits="3"/>
                <line number="63" hits="3"/>
                <line number="64" hits="3"/>
                <line number="65" hits="3"/>
                <line number="67" hits="3"/>
                <line number="68" hits="3"/>
                <line number="70" hits="3"/>
                <line number="72" hits="3"/>
                <line number="73" hits="0"/>
                <line number="74" hits="0"/>
                <line number="77" hits="3"/>
                <line number="78" hits="0"/>
                <line number="81" hits="3"/>
              </lines>
            </method>
            <method name="getDocumentation" signature="" line-rate="0" branch-rate="0" complexity="1">
              <lines>
                <line number="87" hits="0"/>
              </lines>
            </method>
            <method name="getSampleCode" signature="" line-rate="0" branch-rate="0" complexity="1">
              <lines>
                <line number="92" hits="0"/>
                <line number="95" hits="0"/>
              </lines>
            </method>
            <method name="isCandidate" signature="Tokens $tokens" line-rate="1" branch-rate="0" complexity="2">
              <lines>
                <line number="101" hits="3"/>
              </lines>
            </method>
            <method name="isRisky" signature="" line-rate="0" branch-rate="0" complexity="1">
              <lines>
                <line number="106" hits="0"/>
              </lines>
            </method>
            <method name="removeTokenAndSiblingWhitespace" signature="Tokens $tokens, array $tokensToRemove" line-rate="0.75" branch-rate="0" complexity="3">
              <lines>
                <line number="113" hits="3"/>
                <line number="114" hits="3"/>
                <line number="116" hits="3"/>
                <line number="117" hits="0"/>
              </lines>
            </method>
            <method name="transformCondition" signature="Tokens $tokens, int $startIndex, int $endIndex" line-rate="1" branch-rate="0" complexity="2">
              <lines>
                <line number="127" hits="3"/>
                <line number="128" hits="1"/>
                <line number="131" hits="2"/>
              </lines>
            </method>
            <method name="transformConditionLeft" signature="Tokens $tokens, int $index" line-rate="0.93333333333333" branch-rate="0" complexity="5">
              <lines>
                <line number="138" hits="3"/>
                <line number="139" hits="3"/>
                <line number="141" hits="3"/>
                <line number="143" hits="3"/>
                <line number="144" hits="1"/>
                <line number="145" hits="2"/>
                <line number="146" hits="2"/>
                <line number="149" hits="1"/>
                <line number="150" hits="1"/>
                <line number="152" hits="1"/>
                <line number="153" hits="0"/>
                <line number="156" hits="1"/>
                <line number="157" hits="1"/>
                <line number="160" hits="1"/>
                <line number="162" hits="1"/>
              </lines>
            </method>
            <method name="transformConditionRight" signature="Tokens $tokens, int $index" line-rate="0.86666666666667" branch-rate="0" complexity="5">
              <lines>
                <line number="169" hits="2"/>
                <line number="170" hits="2"/>
                <line number="172" hits="2"/>
                <line number="174" hits="2"/>
                <line number="175" hits="1"/>
                <line number="176" hits="1"/>
                <line number="177" hits="0"/>
                <line number="180" hits="2"/>
                <line number="181" hits="2"/>
                <line number="183" hits="2"/>
                <line number="184" hits="0"/>
                <line number="187" hits="2"/>
                <line number="188" hits="1"/>
                <line number="191" hits="2"/>
                <line number="193" hits="2"/>
              </lines>
            </method>
          </methods>
          <lines>
            <line number="40" hits="3"/>
            <line number="41" hits="3"/>
            <line number="43" hits="3"/>
            <line number="44" hits="3"/>
            <line number="45" hits="3"/>
            <line number="48" hits="3"/>
            <line number="49" hits="0"/>
            <line number="52" hits="3"/>
            <line number="53" hits="3"/>
            <line number="55" hits="3"/>
            <line number="57" hits="3"/>
            <line number="58" hits="0"/>
            <line number="61" hits="3"/>
            <line number="62" hits="3"/>
            <line number="63" hits="3"/>
            <line number="64" hits="3"/>
            <line number="65" hits="3"/>
            <line number="67" hits="3"/>
            <line number="68" hits="3"/>
            <line number="70" hits="3"/>
            <line number="72" hits="3"/>
            <line number="73" hits="0"/>
            <line number="74" hits="0"/>
            <line number="77" hits="3"/>
            <line number="78" hits="0"/>
            <line number="81" hits="3"/>
            <line number="87" hits="0"/>
            <line number="92" hits="0"/>
            <line number="95" hits="0"/>
            <line number="101" hits="3"/>
            <line number="106" hits="0"/>
            <line number="113" hits="3"/>
            <line number="114" hits="3"/>
            <line number="116" hits="3"/>
            <line number="117" hits="0"/>
            <line number="127" hits="3"/>
            <line number="128" hits="1"/>
            <line number="131" hits="2"/>
            <line number="138" hits="3"/>
            <line number="139" hits="3"/>
            <line number="141" hits="3"/>
            <line number="143" hits="3"/>
            <line number="144" hits="1"/>
            <line number="145" hits="2"/>
            <line number="146" hits="2"/>
            <line number="149" hits="1"/>
            <line number="150" hits="1"/>
            <line number="152" hits="1"/>
            <line number="153" hits="0"/>
            <line number="156" hits="1"/>
            <line number="157" hits="1"/>
            <line number="160" hits="1"/>
            <line number="162" hits="1"/>
            <line number="169" hits="2"/>
            <line number="170" hits="2"/>
            <line number="172" hits="2"/>
            <line number="174" hits="2"/>
            <line number="175" hits="1"/>
            <line number="176" hits="1"/>
            <line number="177" hits="0"/>
            <line number="180" hits="2"/>
            <line number="181" hits="2"/>
            <line number="183" hits="2"/>
            <line number="184" hits="0"/>
            <line number="187" hits="2"/>
            <line number="188" hits="1"/>
            <line number="191" hits="2"/>
            <line number="193" hits="2"/>
          </lines>
        </class>
      </classes>
    </package>
    <package name="Fixer/PromotedConstructorPropertyFixer.php" line-rate="0.73214285714286" branch-rate="0" complexity="59">
      <classes>
        <class name="ValksorDev\PhpCsFixerCustomFixers\Fixer\PromotedConstructorPropertyFixer" filename="Fixer/PromotedConstructorPropertyFixer.php" line-rate="0.73214285714286" branch-rate="0" complexity="59">
          <methods>
            <method name="applyFix" signature="SplFileInfo $file, Tokens $tokens" line-rate="0.91666666666667" branch-rate="0" complexity="5">
              <lines>
                <line number="54" hits="1"/>
                <line number="55" hits="1"/>
                <line number="57" hits="1"/>
                <line number="58" hits="1"/>
                <line number="59" hits="1"/>
                <line number="62" hits="1"/>
                <line number="64" hits="1"/>
                <line number="65" hits="0"/>
                <line number="68" hits="1"/>
                <line number="71" hits="1"/>
                <line number="73" hits="1"/>
                <line number="74" hits="1"/>
              </lines>
            </method>
            <method name="getDocumentation" signature="" line-rate="0" branch-rate="0" complexity="1">
              <lines>
                <line number="80" hits="0"/>
              </lines>
            </method>
            <method name="getSampleCode" signature="" line-rate="0" branch-rate="0" complexity="1">
              <lines>
                <line number="85" hits="0"/>
                <line number="92" hits="0"/>
              </lines>
            </method>
            <method name="isCandidate" signature="Tokens $tokens" line-rate="1" branch-rate="0" complexity="1">
              <lines>
                <line number="98" hits="1"/>
              </lines>
            </method>
            <method name="getClassProperties" signature="Tokens $tokens, int $classIndex" line-rate="0.875" branch-rate="0" complexity="4">
              <lines>
                <line number="105" hits="1"/>
                <line number="107" hits="1"/>
                <line number="108" hits="1"/>
                <line number="109" hits="0"/>
                <line number="112" hits="1"/>
                <line number="113" hits="1"/>
                <line number="116" hits="1"/>
                <line number="119" hits="1"/>
              </lines>
            </method>
            <method name="getPropertyIndex" signature="Tokens $tokens, array $properties, int $assignmentIndex" line-rate="0.75" branch-rate="0" complexity="3">
              <lines>
                <line number="127" hits="1"/>
                <line number="128" hits="1"/>
                <line number="130" hits="1"/>
                <line number="132" hits="1"/>
                <line number="133" hits="1"/>
                <line number="134" hits="0"/>
                <line number="137" hits="1"/>
                <line number="140" hits="0"/>
              </lines>
            </method>
            <method name="getTokenOfKindSibling" signature="Tokens $tokens, int $direction, int $index, array $tokenKinds" line-rate="0.66666666666667" branch-rate="0" complexity="4">
              <lines>
                <line number="149" hits="1"/>
                <line number="151" hits="1"/>
                <line number="152" hits="1"/>
                <line number="154" hits="1"/>
                <line number="155" hits="0"/>
                <line number="156" hits="0"/>
                <line number="158" hits="0"/>
                <line number="162" hits="1"/>
                <line number="165" hits="1"/>
              </lines>
            </method>
            <method name="getType" signature="Tokens $tokens, ?int $variableIndex" line-rate="0.91666666666667" branch-rate="0" complexity="3">
              <lines>
                <line number="172" hits="1"/>
                <line number="173" hits="0"/>
                <line number="176" hits="1"/>
                <line number="177" hits="1"/>
                <line number="179" hits="1"/>
                <line number="180" hits="1"/>
                <line number="182" hits="1"/>
                <line number="184" hits="1"/>
                <line number="185" hits="1"/>
                <line number="187" hits="1"/>
                <line number="188" hits="1"/>
                <line number="191" hits="1"/>
              </lines>
            </method>
            <method name="isDoctrineEntity" signature="Tokens $tokens, int $index" line-rate="0.33333333333333" branch-rate="0" complexity="5">
              <lines>
                <line number="198" hits="1"/>
                <line number="199" hits="1"/>
                <line number="201" hits="1"/>
                <line number="202" hits="1"/>
                <line number="205" hits="0"/>
                <line number="207" hits="0"/>
                <line number="208" hits="0"/>
                <line number="210" hits="0"/>
                <line number="213" hits="0"/>
                <line number="214" hits="0"/>
                <line number="215" hits="0"/>
                <line number="219" hits="0"/>
              </lines>
            </method>
            <method name="isPropertyToPromote" signature="Tokens $tokens, ?int $propertyIndex, bool $isDoctrineEntity" line-rate="0.27272727272727" branch-rate="0" complexity="4">
              <lines>
                <line number="227" hits="1"/>
                <line number="228" hits="0"/>
                <line number="231" hits="1"/>
                <line number="232" hits="1"/>
                <line number="235" hits="0"/>
                <line number="236" hits="0"/>
                <line number="238" hits="0"/>
                <line number="240" hits="0"/>
                <line number="241" hits="0"/>
                <line number="244" hits="0"/>
                <line number="246" hits="0"/>
              </lines>
            </method>
            <method name="promoteProperties" signature="Tokens $tokens, int $classIndex, Constructor $constructorAnalysis" line-rate="0.86206896551724" branch-rate="0" complexity="7">
              <lines>
                <line number="254" hits="1"/>
                <line number="255" hits="1"/>
                <line number="257" hits="1"/>
                <line number="258" hits="1"/>
                <line number="259" hits="1"/>
                <line number="261" hits="1"/>
                <line number="262" hits="1"/>
                <line number="263" hits="0"/>
                <line number="266" hits="1"/>
                <line number="268" hits="1"/>
                <line number="269" hits="0"/>
                <line number="272" hits="1"/>
                <line number="273" hits="1"/>
                <line number="275" hits="1"/>
                <line number="276" hits="0"/>
                <line number="279" hits="1"/>
                <line number="280" hits="1"/>
                <line number="281" hits="1"/>
                <line number="283" hits="1"/>
                <line number="284" hits="0"/>
                <line number="287" hits="1"/>
                <line number="289" hits="1"/>
                <line number="291" hits="1"/>
                <line number="292" hits="1"/>
                <line number="293" hits="1"/>
                <line number="294" hits="1"/>
                <line number="295" hits="1"/>
                <line number="296" hits="1"/>
                <line number="297" hits="1"/>
              </lines>
            </method>
            <method name="removeAssignment" signature="Tokens $tokens, int $variableAssignmentIndex" line-rate="1" branch-rate="0" complexity="1">
              <lines>
                <line number="305" hits="1"/>
                <line number="306" hits="1"/>
                <line number="308" hits="1"/>
                <line number="309" hits="1"/>
                <line number="311" hits="1"/>
                <line number="312" hits="1"/>
              </lines>
            </method>
            <method name="removePropertyAndReturnTokensToInsert" signature="Tokens $tokens, ?int $propertyIndex" line-rate="0.69230769230769" branch-rate="0" complexity="6">
              <lines>
                <line number="319" hits="1"/>
                <line number="320" hits="0"/>
                <line number="323" hits="1"/>
                <line number="324" hits="1"/>
                <line number="326" hits="1"/>
                <line number="327" hits="1"/>
                <line number="329" hits="1"/>
                <line number="330" hits="1"/>
                <line number="331" hits="1"/>
                <line number="333" hits="1"/>
                <line number="334" hits="0"/>
                <line number="335" hits="0"/>
                <line number="336" hits="1"/>
                <line number="337" hits="0"/>
                <line number="338" hits="0"/>
                <line number="339" hits="0"/>
                <line number="342" hits="1"/>
                <line number="344" hits="1"/>
                <line number="345" hits="0"/>
                <line number="348" hits="1"/>
                <line number="350" hits="1"/>
                <line number="351" hits="0"/>
                <line number="353" hits="1"/>
                <line number="355" hits="1"/>
                <line number="356" hits="1"/>
                <line number="358" hits="1"/>
              </lines>
            </method>
            <method name="renameVariable" signature="Tokens $tokens, int $constructorIndex, string $oldName, string $newName" line-rate="1" branch-rate="0" complexity="3">
              <lines>
                <line number="367" hits="1"/>
                <line number="368" hits="1"/>
                <line number="369" hits="1"/>
                <line number="370" hits="1"/>
                <line number="371" hits="1"/>
                <line number="372" hits="1"/>
                <line number="374" hits="1"/>
                <line number="375" hits="1"/>
                <line number="376" hits="1"/>
              </lines>
            </method>
            <method name="typesAllowPromoting" signature="string $propertyType, string $parameterType" line-rate="0.57142857142857" branch-rate="0" complexity="4">
              <lines>
                <line number="385" hits="1"/>
                <line number="386" hits="0"/>
                <line number="389" hits="1"/>
                <line number="390" hits="0"/>
                <line number="393" hits="1"/>
                <line number="394" hits="0"/>
                <line number="397" hits="1"/>
              </lines>
            </method>
            <method name="updateParameterSignature" signature="Tokens $tokens, int $constructorParameterIndex, array $tokensToInsert, bool $makeTypeNullable" line-rate="0.8" branch-rate="0" complexity="7">
              <lines>
                <line number="406" hits="1"/>
                <line number="407" hits="1"/>
                <line number="409" hits="1"/>
                <line number="410" hits="1"/>
                <line number="412" hits="1"/>
                <line number="413" hits="1"/>
                <line number="414" hits="0"/>
                <line number="415" hits="1"/>
                <line number="416" hits="0"/>
                <line number="417" hits="1"/>
                <line number="418" hits="1"/>
                <line number="421" hits="1"/>
                <line number="423" hits="1"/>
                <line number="424" hits="0"/>
                <line number="427" hits="1"/>
              </lines>
            </method>
          </methods>
          <lines>
            <line number="54" hits="1"/>
            <line number="55" hits="1"/>
            <line number="57" hits="1"/>
            <line number="58" hits="1"/>
            <line number="59" hits="1"/>
            <line number="62" hits="1"/>
            <line number="64" hits="1"/>
            <line number="65" hits="0"/>
            <line number="68" hits="1"/>
            <line number="71" hits="1"/>
            <line number="73" hits="1"/>
            <line number="74" hits="1"/>
            <line number="80" hits="0"/>
            <line number="85" hits="0"/>
            <line number="92" hits="0"/>
            <line number="98" hits="1"/>
            <line number="105" hits="1"/>
            <line number="107" hits="1"/>
            <line number="108" hits="1"/>
            <line number="109" hits="0"/>
            <line number="112" hits="1"/>
            <line number="113" hits="1"/>
            <line number="116" hits="1"/>
            <line number="119" hits="1"/>
            <line number="127" hits="1"/>
            <line number="128" hits="1"/>
            <line number="130" hits="1"/>
            <line number="132" hits="1"/>
            <line number="133" hits="1"/>
            <line number="134" hits="0"/>
            <line number="137" hits="1"/>
            <line number="140" hits="0"/>
            <line number="149" hits="1"/>
            <line number="151" hits="1"/>
            <line number="152" hits="1"/>
            <line number="154" hits="1"/>
            <line number="155" hits="0"/>
            <line number="156" hits="0"/>
            <line number="158" hits="0"/>
            <line number="162" hits="1"/>
            <line number="165" hits="1"/>
            <line number="172" hits="1"/>
            <line number="173" hits="0"/>
            <line number="176" hits="1"/>
            <line number="177" hits="1"/>
            <line number="179" hits="1"/>
            <line number="180" hits="1"/>
            <line number="182" hits="1"/>
            <line number="184" hits="1"/>
            <line number="185" hits="1"/>
            <line number="187" hits="1"/>
            <line number="188" hits="1"/>
            <line number="191" hits="1"/>
            <line number="198" hits="1"/>
            <line number="199" hits="1"/>
            <line number="201" hits="1"/>
            <line number="202" hits="1"/>
            <line number="205" hits="0"/>
            <line number="207" hits="0"/>
            <line number="208" hits="0"/>
            <line number="210" hits="0"/>
            <line number="213" hits="0"/>
            <line number="214" hits="0"/>
            <line number="215" hits="0"/>
            <line number="219" hits="0"/>
            <line number="227" hits="1"/>
            <line number="228" hits="0"/>
            <line number="231" hits="1"/>
            <line number="232" hits="1"/>
            <line number="235" hits="0"/>
            <line number="236" hits="0"/>
            <line number="238" hits="0"/>
            <line number="240" hits="0"/>
            <line number="241" hits="0"/>
            <line number="244" hits="0"/>
            <line number="246" hits="0"/>
            <line number="254" hits="1"/>
            <line number="255" hits="1"/>
            <line number="257" hits="1"/>
            <line number="258" hits="1"/>
            <line number="259" hits="1"/>
            <line number="261" hits="1"/>
            <line number="262" hits="1"/>
            <line number="263" hits="0"/>
            <line number="266" hits="1"/>
            <line number="268" hits="1"/>
            <line number="269" hits="0"/>
            <line number="272" hits="1"/>
            <line number="273" hits="1"/>
            <line number="275" hits="1"/>
            <line number="276" hits="0"/>
            <line number="279" hits="1"/>
            <line number="280" hits="1"/>
            <line number="281" hits="1"/>
            <line number="283" hits="1"/>
            <line number="284" hits="0"/>
            <line number="287" hits="1"/>
            <line number="289" hits="1"/>
            <line number="291" hits="1"/>
            <line number="292" hits="1"/>
            <line number="293" hits="1"/>
            <line number="294" hits="1"/>
            <line number="295" hits="1"/>
            <line number="296" hits="1"/>
            <line number="297" hits="1"/>
            <line number="305" hits="1"/>
            <line number="306" hits="1"/>
            <line number="308" hits="1"/>
            <line number="309" hits="1"/>
            <line number="311" hits="1"/>
            <line number="312" hits="1"/>
            <line number="319" hits="1"/>
            <line number="320" hits="0"/>
            <line number="323" hits="1"/>
            <line number="324" hits="1"/>
            <line number="326" hits="1"/>
            <line number="327" hits="1"/>
            <line number="329" hits="1"/>
            <line number="330" hits="1"/>
            <line number="331" hits="1"/>
            <line number="333" hits="1"/>
            <line number="334" hits="0"/>
            <line number="335" hits="0"/>
            <line number="336" hits="1"/>
            <line number="337" hits="0"/>
            <line number="338" hits="0"/>
            <line number="339" hits="0"/>
            <line number="342" hits="1"/>
            <line number="344" hits="1"/>
            <line number="345" hits="0"/>
            <line number="348" hits="1"/>
            <line number="350" hits="1"/>
            <line number="351" hits="0"/>
            <line number="353" hits="1"/>
            <line number="355" hits="1"/>
            <line number="356" hits="1"/>
            <line number="358" hits="1"/>
            <line number="367" hits="1"/>
            <line number="368" hits="1"/>
            <line number="369" hits="1"/>
            <line number="370" hits="1"/>
            <line number="371" hits="1"/>
            <line number="372" hits="1"/>
            <line number="374" hits="1"/>
            <line number="375" hits="1"/>
            <line number="376" hits="1"/>
            <line number="385" hits="1"/>
            <line number="386" hits="0"/>
            <line number="389" hits="1"/>
            <line number="390" hits="0"/>
            <line number="393" hits="1"/>
            <line number="394" hits="0"/>
            <line number="397" hits="1"/>
            <line number="406" hits="1"/>
            <line number="407" hits="1"/>
            <line number="409" hits="1"/>
            <line number="410" hits="1"/>
            <line number="412" hits="1"/>
            <line number="413" hits="1"/>
            <line number="414" hits="0"/>
            <line number="415" hits="1"/>
            <line number="416" hits="0"/>
            <line number="417" hits="1"/>
            <line number="418" hits="1"/>
            <line number="421" hits="1"/>
            <line number="423" hits="1"/>
            <line number="424" hits="0"/>
            <line number="427" hits="1"/>
          </lines>
        </class>
      </classes>
    </package>
    <package name="Fixers.php" line-rate="1" branch-rate="0" complexity="11">
      <classes>
        <class name="ValksorDev\PhpCsFixerCustomFixers\Fixers" filename="Fixers.php" line-rate="1" branch-rate="0" complexity="11">
          <methods>
            <method name="getIterator" signature="" line-rate="1" branch-rate="0" complexity="4">
              <lines>
                <line number="33" hits="2"/>
                <line number="35" hits="2"/>
                <line number="36" hits="2"/>
                <line number="38" hits="2"/>
                <line number="39" hits="2"/>
                <line number="41" hits="2"/>
                <line number="44" hits="2"/>
                <line number="46" hits="2"/>
                <line number="47" hits="2"/>
                <line number="48" hits="2"/>
                <line number="50" hits="2"/>
              </lines>
            </method>
            <method name="getFixers" signature="" line-rate="1" branch-rate="0" complexity="7">
              <lines>
                <line number="56" hits="1"/>
                <line number="57" hits="1"/>
                <line number="58" hits="1"/>
                <line number="60" hits="1"/>
                <line number="62" hits="1"/>
                <line number="63" hits="1"/>
                <line number="65" hits="1"/>
                <line number="68" hits="1"/>
                <line number="70" hits="1"/>
                <line number="71" hits="1"/>
                <line number="73" hits="1"/>
                <line number="74" hits="1"/>
                <line number="75" hits="1"/>
                <line number="76" hits="1"/>
                <line number="78" hits="1"/>
                <line number="79" hits="1"/>
                <line number="84" hits="1"/>
                <line number="86" hits="1"/>
                <line number="87" hits="1"/>
                <line number="90" hits="1"/>
              </lines>
            </method>
          </methods>
          <lines>
            <line number="33" hits="2"/>
            <line number="35" hits="2"/>
            <line number="36" hits="2"/>
            <line number="38" hits="2"/>
            <line number="39" hits="2"/>
            <line number="41" hits="2"/>
            <line number="44" hits="2"/>
            <line number="46" hits="2"/>
            <line number="47" hits="2"/>
            <line number="48" hits="2"/>
            <line number="50" hits="2"/>
            <line number="56" hits="1"/>
            <line number="57" hits="1"/>
            <line number="58" hits="1"/>
            <line number="60" hits="1"/>
            <line number="62" hits="1"/>
            <line number="63" hits="1"/>
            <line number="65" hits="1"/>
            <line number="68" hits="1"/>
            <line number="70" hits="1"/>
            <line number="71" hits="1"/>
            <line number="73" hits="1"/>
            <line number="74" hits="1"/>
            <line number="75" hits="1"/>
            <line number="76" hits="1"/>
            <line number="78" hits="1"/>
            <line number="79" hits="1"/>
            <line number="84" hits="1"/>
            <line number="86" hits="1"/>
            <line number="87" hits="1"/>
            <line number="90" hits="1"/>
          </lines>
        </class>
      </classes>
    </package>
    <package name="PhpCsFixer/AbstractFixer.php" line-rate="0.74226804123711" branch-rate="0" complexity="49">
      <classes>
        <class name="ValksorDev\PhpCsFixerCustomFixers\PhpCsFixer\AbstractFixer" filename="PhpCsFixer/AbstractFixer.php" line-rate="0.74226804123711" branch-rate="0" complexity="49">
          <methods>
            <method name="fix" signature="SplFileInfo $file, Tokens $tokens" line-rate="1" branch-rate="0" complexity="4">
              <lines>
                <line number="64" hits="12"/>
                <line number="65" hits="12"/>
              </lines>
            </method>
            <method name="getDefinition" signature="" line-rate="0" branch-rate="0" complexity="1">
              <lines>
                <line number="71" hits="0"/>
                <line number="72" hits="0"/>
                <line number="73" hits="0"/>
                <line number="74" hits="0"/>
                <line number="75" hits="0"/>
                <line number="76" hits="0"/>
                <line number="77" hits="0"/>
              </lines>
            </method>
            <method name="getName" signature="" line-rate="0" branch-rate="0" complexity="1">
              <lines>
                <line number="82" hits="0"/>
              </lines>
            </method>
            <method name="getPriority" signature="" line-rate="0" branch-rate="0" complexity="1">
              <lines>
                <line number="87" hits="0"/>
              </lines>
            </method>
            <method name="isCandidate" signature="Tokens $tokens" line-rate="1" branch-rate="0" complexity="1">
              <lines>
                <line number="93" hits="3"/>
              </lines>
            </method>
            <method name="isRisky" signature="" line-rate="0" branch-rate="0" complexity="1">
              <lines>
                <line number="98" hits="0"/>
              </lines>
            </method>
            <method name="setWhitespacesConfig" signature="WhitespacesFixerConfig $config" line-rate="1" branch-rate="0" complexity="1">
              <lines>
                <line number="104" hits="12"/>
              </lines>
            </method>
            <method name="supports" signature="SplFileInfo $file" line-rate="1" branch-rate="0" complexity="1">
              <lines>
                <line number="110" hits="12"/>
              </lines>
            </method>
            <method name="getNameForClass" signature="string $class" line-rate="1" branch-rate="0" complexity="1">
              <lines>
                <line number="116" hits="1"/>
                <line number="117" hits="1"/>
                <line number="119" hits="1"/>
              </lines>
            </method>
            <method name="removeWithLinesIfPossible" signature="Tokens $tokens, int $index" line-rate="1" branch-rate="0" complexity="3">
              <lines>
                <line number="126" hits="1"/>
                <line number="127" hits="1"/>
                <line number="128" hits="1"/>
                <line number="129" hits="1"/>
                <line number="131" hits="1"/>
                <line number="133" hits="1"/>
                <line number="134" hits="1"/>
                <line number="138" hits="1"/>
              </lines>
            </method>
            <method name="analyze" signature="Tokens $tokens" line-rate="1" branch-rate="0" complexity="1">
              <lines>
                <line number="149" hits="3"/>
              </lines>
            </method>
            <method name="extendsClass" signature="Tokens $tokens, array|string $fqcn" line-rate="1" branch-rate="0" complexity="3">
              <lines>
                <line number="156" hits="1"/>
                <line number="158" hits="1"/>
                <line number="159" hits="1"/>
                <line number="160" hits="1"/>
                <line number="161" hits="1"/>
                <line number="162" hits="1"/>
                <line number="163" hits="1"/>
                <line number="164" hits="1"/>
              </lines>
            </method>
            <method name="getComments" signature="Tokens $tokens" line-rate="1" branch-rate="0" complexity="1">
              <lines>
                <line number="170" hits="1"/>
              </lines>
            </method>
            <method name="getUseStatements" signature="Tokens $tokens, array|string $fqcn" line-rate="1" branch-rate="0" complexity="3">
              <lines>
                <line number="177" hits="1"/>
                <line number="178" hits="1"/>
                <line number="180" hits="1"/>
                <line number="181" hits="1"/>
                <line number="182" hits="1"/>
                <line number="184" hits="1"/>
                <line number="186" hits="1"/>
              </lines>
            </method>
            <method name="hasUseStatements" signature="Tokens $tokens, array|string $fqcn" line-rate="1" branch-rate="0" complexity="1">
              <lines>
                <line number="193" hits="1"/>
              </lines>
            </method>
            <method name="implementsInterface" signature="Tokens $tokens, array|string $fqcn" line-rate="0" branch-rate="0" complexity="3">
              <lines>
                <line number="200" hits="0"/>
                <line number="202" hits="0"/>
                <line number="203" hits="0"/>
                <line number="204" hits="0"/>
                <line number="205" hits="0"/>
                <line number="206" hits="0"/>
                <line number="207" hits="0"/>
                <line number="208" hits="0"/>
              </lines>
            </method>
            <method name="handleWhitespaceAfter" signature="Tokens $tokens, int $index, bool $wasNewlineRemoved" line-rate="1" branch-rate="0" complexity="3">
              <lines>
                <line number="216" hits="1"/>
                <line number="218" hits="1"/>
                <line number="220" hits="1"/>
                <line number="221" hits="1"/>
                <line number="223" hits="1"/>
                <line number="226" hits="1"/>
                <line number="227" hits="1"/>
              </lines>
            </method>
            <method name="handleWhitespaceBefore" signature="Tokens $tokens, int $index" line-rate="0.9" branch-rate="0" complexity="3">
              <lines>
                <line number="234" hits="1"/>
                <line number="235" hits="0"/>
                <line number="238" hits="1"/>
                <line number="240" hits="1"/>
                <line number="241" hits="1"/>
                <line number="243" hits="1"/>
                <line number="246" hits="1"/>
                <line number="247" hits="1"/>
                <line number="248" hits="1"/>
                <line number="250" hits="1"/>
              </lines>
            </method>
            <method name="hasMeaningTokenInLineAfter" signature="Tokens $tokens, int $index" line-rate="1" branch-rate="0" complexity="4">
              <lines>
                <line number="257" hits="1"/>
                <line number="259" hits="1"/>
                <line number="261" hits="1"/>
                <line number="262" hits="1"/>
                <line number="264" hits="1"/>
                <line number="267" hits="1"/>
              </lines>
            </method>
            <method name="hasMeaningTokenInLineBefore" signature="Tokens $tokens, int $index" line-rate="0.625" branch-rate="0" complexity="8">
              <lines>
                <line number="274" hits="1"/>
                <line number="275" hits="1"/>
                <line number="277" hits="1"/>
                <line number="278" hits="0"/>
                <line number="281" hits="1"/>
                <line number="283" hits="1"/>
                <line number="284" hits="1"/>
                <line number="286" hits="1"/>
                <line number="289" hits="1"/>
                <line number="290" hits="0"/>
                <line number="293" hits="1"/>
                <line number="294" hits="0"/>
                <line number="295" hits="0"/>
                <line number="297" hits="0"/>
                <line number="298" hits="0"/>
                <line number="302" hits="1"/>
              </lines>
            </method>
            <method name="isTokenOnlyMeaningfulInLine" signature="Tokens $tokens, int $index" line-rate="1" branch-rate="0" complexity="2">
              <lines>
                <line number="309" hits="1"/>
              </lines>
            </method>
            <method name="snakeCaseFromCamelCase" signature="string $string, string $separator" line-rate="1" branch-rate="0" complexity="2">
              <lines>
                <line number="316" hits="1"/>
                <line number="318" hits="1"/>
                <line number="319" hits="1"/>
                <line number="321" hits="1"/>
                <line number="324" hits="1"/>
              </lines>
            </method>
          </methods>
          <lines>
            <line number="64" hits="12"/>
            <line number="65" hits="12"/>
            <line number="71" hits="0"/>
            <line number="72" hits="0"/>
            <line number="73" hits="0"/>
            <line number="74" hits="0"/>
            <line number="75" hits="0"/>
            <line number="76" hits="0"/>
            <line number="77" hits="0"/>
            <line number="82" hits="0"/>
            <line number="87" hits="0"/>
            <line number="93" hits="3"/>
            <line number="98" hits="0"/>
            <line number="104" hits="12"/>
            <line number="110" hits="12"/>
            <line number="116" hits="1"/>
            <line number="117" hits="1"/>
            <line number="119" hits="1"/>
            <line number="126" hits="1"/>
            <line number="127" hits="1"/>
            <line number="128" hits="1"/>
            <line number="129" hits="1"/>
            <line number="131" hits="1"/>
            <line number="133" hits="1"/>
            <line number="134" hits="1"/>
            <line number="138" hits="1"/>
            <line number="149" hits="3"/>
            <line number="156" hits="1"/>
            <line number="158" hits="1"/>
            <line number="159" hits="1"/>
            <line number="160" hits="1"/>
            <line number="161" hits="1"/>
            <line number="162" hits="1"/>
            <line number="163" hits="1"/>
            <line number="164" hits="1"/>
            <line number="170" hits="1"/>
            <line number="177" hits="1"/>
            <line number="178" hits="1"/>
            <line number="180" hits="1"/>
            <line number="181" hits="1"/>
            <line number="182" hits="1"/>
            <line number="184" hits="1"/>
            <line number="186" hits="1"/>
            <line number="193" hits="1"/>
            <line number="200" hits="0"/>
            <line number="202" hits="0"/>
            <line number="203" hits="0"/>
            <line number="204" hits="0"/>
            <line number="205" hits="0"/>
            <line number="206" hits="0"/>
            <line number="207" hits="0"/>
            <line number="208" hits="0"/>
            <line number="216" hits="1"/>
            <line number="218" hits="1"/>
            <line number="220" hits="1"/>
            <line number="221" hits="1"/>
            <line number="223" hits="1"/>
            <line number="226" hits="1"/>
            <line number="227" hits="1"/>
            <line number="234" hits="1"/>
            <line number="235" hits="0"/>
            <line number="238" hits="1"/>
            <line number="240" hits="1"/>
            <line number="241" hits="1"/>
            <line number="243" hits="1"/>
            <line number="246" hits="1"/>
            <line number="247" hits="1"/>
            <line number="248" hits="1"/>
            <line number="250" hits="1"/>
            <line number="257" hits="1"/>
            <line number="259" hits="1"/>
            <line number="261" hits="1"/>
            <line number="262" hits="1"/>
            <line number="264" hits="1"/>
            <line number="267" hits="1"/>
            <line number="274" hits="1"/>
            <line number="275" hits="1"/>
            <line number="277" hits="1"/>
            <line number="278" hits="0"/>
            <line number="281" hits="1"/>
            <line number="283" hits="1"/>
            <line number="284" hits="1"/>
            <line number="286" hits="1"/>
            <line number="289" hits="1"/>
            <line number="290" hits="0"/>
            <line number="293" hits="1"/>
            <line number="294" hits="0"/>
            <line number="295" hits="0"/>
            <line number="297" hits="0"/>
            <line number="298" hits="0"/>
            <line number="302" hits="1"/>
            <line number="309" hits="1"/>
            <line number="316" hits="1"/>
            <line number="318" hits="1"/>
            <line number="319" hits="1"/>
            <line number="321" hits="1"/>
            <line number="324" hits="1"/>
          </lines>
        </class>
      </classes>
    </package>
    <package name="PhpCsFixer/Analyzer/Analyzer.php" line-rate="0.63013698630137" branch-rate="0" complexity="62">
      <classes>
        <class name="ValksorDev\PhpCsFixerCustomFixers\PhpCsFixer\Analyzer\Analyzer" filename="PhpCsFixer/Analyzer/Analyzer.php" line-rate="0.63013698630137" branch-rate="0" complexity="62">
          <methods>
            <method name="__construct" signature="Tokens $tokens" line-rate="1" branch-rate="0" complexity="1">
              <lines>
                <line number="53" hits="4"/>
              </lines>
            </method>
            <method name="__call" signature="string $name, array $arguments" line-rate="0" branch-rate="0" complexity="1">
              <lines>
                <line number="60" hits="0"/>
              </lines>
            </method>
            <method name="findNonAbstractConstructor" signature="int $classIndex" line-rate="0.66666666666667" branch-rate="0" complexity="6">
              <lines>
                <line number="66" hits="1"/>
                <line number="67" hits="0"/>
                <line number="70" hits="1"/>
                <line number="71" hits="1"/>
                <line number="72" hits="0"/>
                <line number="75" hits="1"/>
                <line number="76" hits="1"/>
                <line number="79" hits="1"/>
                <line number="81" hits="1"/>
                <line number="82" hits="0"/>
                <line number="85" hits="1"/>
                <line number="88" hits="0"/>
              </lines>
            </method>
            <method name="getBeginningOfTheLine" signature="int $index" line-rate="0.75" branch-rate="0" complexity="3">
              <lines>
                <line number="94" hits="2"/>
                <line number="95" hits="2"/>
                <line number="96" hits="2"/>
                <line number="100" hits="0"/>
              </lines>
            </method>
            <method name="getClosingBracket" signature="int $index" line-rate="0" branch-rate="0" complexity="1">
              <lines>
                <line number="109" hits="0"/>
              </lines>
            </method>
            <method name="getClosingCurlyBracket" signature="int $index" line-rate="1" branch-rate="0" complexity="1">
              <lines>
                <line number="118" hits="2"/>
              </lines>
            </method>
            <method name="getClosingParenthesis" signature="int $index" line-rate="1" branch-rate="0" complexity="1">
              <lines>
                <line number="127" hits="2"/>
              </lines>
            </method>
            <method name="getEndOfTheLine" signature="int $index" line-rate="0.75" branch-rate="0" complexity="3">
              <lines>
                <line number="133" hits="1"/>
                <line number="134" hits="1"/>
                <line number="135" hits="1"/>
                <line number="139" hits="0"/>
              </lines>
            </method>
            <method name="getLineIndentation" signature="int $index" line-rate="0.85714285714286" branch-rate="0" complexity="2">
              <lines>
                <line number="145" hits="2"/>
                <line number="146" hits="2"/>
                <line number="147" hits="2"/>
                <line number="149" hits="2"/>
                <line number="151" hits="2"/>
                <line number="152" hits="2"/>
                <line number="155" hits="0"/>
              </lines>
            </method>
            <method name="getMethodArguments" signature="int $index" line-rate="1" branch-rate="0" complexity="8">
              <lines>
                <line number="164" hits="2"/>
                <line number="165" hits="2"/>
                <line number="166" hits="2"/>
                <line number="168" hits="2"/>
                <line number="170" hits="2"/>
                <line number="172" hits="2"/>
                <line number="173" hits="1"/>
                <line number="175" hits="1"/>
                <line number="178" hits="2"/>
                <line number="179" hits="2"/>
                <line number="181" hits="2"/>
                <line number="182" hits="2"/>
                <line number="185" hits="1"/>
                <line number="186" hits="1"/>
                <line number="187" hits="1"/>
                <line number="188" hits="1"/>
                <line number="190" hits="1"/>
                <line number="192" hits="1"/>
                <line number="193" hits="1"/>
                <line number="196" hits="1"/>
                <line number="197" hits="1"/>
                <line number="200" hits="1"/>
                <line number="202" hits="1"/>
                <line number="203" hits="1"/>
                <line number="204" hits="1"/>
                <line number="205" hits="1"/>
                <line number="208" hits="1"/>
                <line number="209" hits="1"/>
                <line number="210" hits="1"/>
                <line number="211" hits="1"/>
                <line number="212" hits="1"/>
                <line number="213" hits="1"/>
                <line number="215" hits="1"/>
                <line number="217" hits="1"/>
                <line number="218" hits="1"/>
                <line number="221" hits="1"/>
                <line number="224" hits="1"/>
              </lines>
            </method>
            <method name="getNextComma" signature="?int $index" line-rate="1" branch-rate="0" complexity="1">
              <lines>
                <line number="233" hits="1"/>
              </lines>
            </method>
            <method name="getNextSemiColon" signature="?int $index" line-rate="0" branch-rate="0" complexity="1">
              <lines>
                <line number="242" hits="0"/>
              </lines>
            </method>
            <method name="getNumberOfArguments" signature="int $index" line-rate="1" branch-rate="0" complexity="1">
              <lines>
                <line number="251" hits="2"/>
              </lines>
            </method>
            <method name="getSizeOfTheLine" signature="int $index" line-rate="1" branch-rate="0" complexity="2">
              <lines>
                <line number="257" hits="1"/>
                <line number="258" hits="1"/>
                <line number="259" hits="1"/>
                <line number="261" hits="1"/>
                <line number="262" hits="1"/>
                <line number="264" hits="1"/>
                <line number="265" hits="1"/>
                <line number="267" hits="1"/>
                <line number="268" hits="1"/>
                <line number="271" hits="1"/>
              </lines>
            </method>
            <method name="getSwitchAnalysis" signature="int $switchIndex" line-rate="0" branch-rate="0" complexity="4">
              <lines>
                <line number="277" hits="0"/>
                <line number="278" hits="0"/>
                <line number="281" hits="0"/>
                <line number="282" hits="0"/>
                <line number="284" hits="0"/>
                <line number="285" hits="0"/>
                <line number="287" hits="0"/>
                <line number="288" hits="0"/>
                <line number="290" hits="0"/>
                <line number="291" hits="0"/>
                <line number="294" hits="0"/>
                <line number="297" hits="0"/>
              </lines>
            </method>
            <method name="findBlockEndMatchingOpeningToken" signature="?int $index, string|int $closingToken, string|int|array $openingToken" line-rate="0.91666666666667" branch-rate="0" complexity="6">
              <lines>
                <line number="309" hits="3"/>
                <line number="311" hits="3"/>
                <line number="312" hits="1"/>
                <line number="315" hits="3"/>
                <line number="316" hits="1"/>
                <line number="317" hits="1"/>
                <line number="318" hits="1"/>
                <line number="320" hits="1"/>
                <line number="323" hits="3"/>
                <line number="324" hits="0"/>
                <line number="326" hits="3"/>
                <line number="328" hits="3"/>
              </lines>
            </method>
            <method name="getCaseAnalysis" signature="int $index" line-rate="0" branch-rate="0" complexity="3">
              <lines>
                <line number="334" hits="0"/>
                <line number="335" hits="0"/>
                <line number="337" hits="0"/>
                <line number="338" hits="0"/>
                <line number="342" hits="0"/>
              </lines>
            </method>
            <method name="getCasesEnd" signature="int $casesStartIndex" line-rate="0" branch-rate="0" complexity="5">
              <lines>
                <line number="348" hits="0"/>
                <line number="349" hits="0"/>
                <line number="352" hits="0"/>
                <line number="354" hits="0"/>
                <line number="355" hits="0"/>
                <line number="357" hits="0"/>
                <line number="358" hits="0"/>
                <line number="362" hits="0"/>
[...]
            <line number="127" hits="2"/>
            <line number="133" hits="1"/>
            <line number="134" hits="1"/>
            <line number="135" hits="1"/>
            <line number="139" hits="0"/>
            <line number="145" hits="2"/>
            <line number="146" hits="2"/>
            <line number="147" hits="2"/>
            <line number="149" hits="2"/>
            <line number="151" hits="2"/>
            <line number="152" hits="2"/>
            <line number="155" hits="0"/>
            <line number="164" hits="2"/>
            <line number="165" hits="2"/>
            <line number="166" hits="2"/>
            <line number="168" hits="2"/>
            <line number="170" hits="2"/>
            <line number="172" hits="2"/>
            <line number="173" hits="1"/>
            <line number="175" hits="1"/>
            <line number="178" hits="2"/>
            <line number="179" hits="2"/>
            <line number="181" hits="2"/>
            <line number="182" hits="2"/>
            <line number="185" hits="1"/>
            <line number="186" hits="1"/>
            <line number="187" hits="1"/>
            <line number="188" hits="1"/>
            <line number="190" hits="1"/>
            <line number="192" hits="1"/>
            <line number="193" hits="1"/>
            <line number="196" hits="1"/>
            <line number="197" hits="1"/>
            <line number="200" hits="1"/>
            <line number="202" hits="1"/>
            <line number="203" hits="1"/>
            <line number="204" hits="1"/>
            <line number="205" hits="1"/>
            <line number="208" hits="1"/>
            <line number="209" hits="1"/>
            <line number="210" hits="1"/>
            <line number="211" hits="1"/>
            <line number="212" hits="1"/>
            <line number="213" hits="1"/>
            <line number="215" hits="1"/>
            <line number="217" hits="1"/>
            <line number="218" hits="1"/>
            <line number="221" hits="1"/>
            <line number="224" hits="1"/>
            <line number="233" hits="1"/>
            <line number="242" hits="0"/>
            <line number="251" hits="2"/>
            <line number="257" hits="1"/>
            <line number="258" hits="1"/>
            <line number="259" hits="1"/>
            <line number="261" hits="1"/>
            <line number="262" hits="1"/>
            <line number="264" hits="1"/>
            <line number="265" hits="1"/>
            <line number="267" hits="1"/>
            <line number="268" hits="1"/>
            <line number="271" hits="1"/>
            <line number="277" hits="0"/>
            <line number="278" hits="0"/>
            <line number="281" hits="0"/>
            <line number="282" hits="0"/>
            <line number="284" hits="0"/>
            <line number="285" hits="0"/>
            <line number="287" hits="0"/>
            <line number="288" hits="0"/>
            <line number="290" hits="0"/>
            <line number="291" hits="0"/>
            <line number="294" hits="0"/>
            <line number="297" hits="0"/>
            <line number="309" hits="3"/>
            <line number="311" hits="3"/>
            <line number="312" hits="1"/>
            <line number="315" hits="3"/>
            <line number="316" hits="1"/>
            <line number="317" hits="1"/>
            <line number="318" hits="1"/>
            <line number="320" hits="1"/>
            <line number="323" hits="3"/>
            <line number="324" hits="0"/>
            <line number="326" hits="3"/>
            <line number="328" hits="3"/>
            <line number="334" hits="0"/>
            <line number="335" hits="0"/>
            <line number="337" hits="0"/>
            <line number="338" hits="0"/>
            <line number="342" hits="0"/>
            <line number="348" hits="0"/>
            <line number="349" hits="0"/>
            <line number="352" hits="0"/>
            <line number="354" hits="0"/>
            <line number="355" hits="0"/>
            <line number="357" hits="0"/>
            <line number="358" hits="0"/>
            <line number="362" hits="0"/>
            <line number="363" hits="0"/>
            <line number="365" hits="0"/>
            <line number="371" hits="0"/>
            <line number="372" hits="0"/>
            <line number="373" hits="0"/>
            <line number="375" hits="0"/>
            <line number="376" hits="0"/>
            <line number="378" hits="0"/>
            <line number="388" hits="1"/>
            <line number="389" hits="0"/>
            <line number="390" hits="0"/>
            <line number="391" hits="1"/>
            <line number="392" hits="1"/>
            <line number="393" hits="1"/>
            <line number="399" hits="0"/>
            <line number="400" hits="0"/>
            <line number="402" hits="0"/>
            <line number="403" hits="0"/>
            <line number="406" hits="0"/>
            <line number="408" hits="0"/>
            <line number="409" hits="0"/>
            <line number="412" hits="0"/>
            <line number="419" hits="1"/>
            <line number="420" hits="1"/>
            <line number="423" hits="1"/>
            <line number="424" hits="1"/>
            <line number="426" hits="1"/>
          </lines>
        </class>
      </classes>
    </package>
    <package name="PhpCsFixer/Analyzer/Element/Argument.php" line-rate="0" branch-rate="0" complexity="4">
      <classes>
        <class name="ValksorDev\PhpCsFixerCustomFixers\PhpCsFixer\Analyzer\Element\Argument" filename="PhpCsFixer/Analyzer/Element/Argument.php" line-rate="0" branch-rate="0" complexity="4">
          <methods>
            <method name="__construct" signature="int $startIndex, int $endIndex, bool $isConstant" line-rate="0" branch-rate="0" complexity="1">
              <lines>
                <line number="25" hits="0"/>
              </lines>
            </method>
            <method name="getEndIndex" signature="" line-rate="0" branch-rate="0" complexity="1">
              <lines>
                <line number="29" hits="0"/>
              </lines>
            </method>
            <method name="getIsConstant" signature="" line-rate="0" branch-rate="0" complexity="1">
              <lines>
                <line number="34" hits="0"/>
              </lines>
            </method>
            <method name="getStartIndex" signature="" line-rate="0" branch-rate="0" complexity="1">
              <lines>
                <line number="39" hits="0"/>
              </lines>
            </method>
          </methods>
          <lines>
            <line number="25" hits="0"/>
            <line number="29" hits="0"/>
            <line number="34" hits="0"/>
            <line number="39" hits="0"/>
          </lines>
        </class>
      </classes>
    </package>
    <package name="PhpCsFixer/Analyzer/Element/CaseElement.php" line-rate="0" branch-rate="0" complexity="2">
      <classes>
        <class name="ValksorDev\PhpCsFixerCustomFixers\PhpCsFixer\Analyzer\Element\CaseElement" filename="PhpCsFixer/Analyzer/Element/CaseElement.php" line-rate="0" branch-rate="0" complexity="2">
          <methods>
            <method name="__construct" signature="int $colonIndex" line-rate="0" branch-rate="0" complexity="1">
              <lines>
                <line number="23" hits="0"/>
              </lines>
            </method>
            <method name="getColonIndex" signature="" line-rate="0" branch-rate="0" complexity="1">
              <lines>
                <line number="27" hits="0"/>
              </lines>
            </method>
          </methods>
          <lines>
            <line number="23" hits="0"/>
            <line number="27" hits="0"/>
          </lines>
        </class>
      </classes>
    </package>
    <package name="PhpCsFixer/Analyzer/Element/Constructor.php" line-rate="0.87912087912088" branch-rate="0" complexity="26">
      <classes>
        <class name="ValksorDev\PhpCsFixerCustomFixers\PhpCsFixer\Analyzer\Element\Constructor" filename="PhpCsFixer/Analyzer/Element/Constructor.php" line-rate="0.87912087912088" branch-rate="0" complexity="26">
          <methods>
            <method name="__construct" signature="Tokens $tokens, int $constructorIndex" line-rate="1" branch-rate="0" complexity="1">
              <lines>
                <line number="37" hits="1"/>
              </lines>
            </method>
            <method name="getConstructorIndex" signature="" line-rate="1" branch-rate="0" complexity="1">
              <lines>
                <line number="41" hits="1"/>
              </lines>
            </method>
            <method name="getConstructorParameterNames" signature="" line-rate="1" branch-rate="0" complexity="3">
              <lines>
                <line number="46" hits="1"/>
                <line number="47" hits="1"/>
                <line number="48" hits="1"/>
                <line number="50" hits="1"/>
                <line number="52" hits="1"/>
                <line number="53" hits="1"/>
                <line number="54" hits="1"/>
                <line number="57" hits="1"/>
                <line number="60" hits="1"/>
              </lines>
            </method>
            <method name="getConstructorPromotableAssignments" signature="" line-rate="0.88888888888889" branch-rate="0" complexity="7">
              <lines>
                <line number="65" hits="1"/>
                <line number="66" hits="1"/>
                <line number="67" hits="1"/>
                <line number="69" hits="1"/>
                <line number="70" hits="1"/>
                <line number="71" hits="1"/>
                <line number="73" hits="1"/>
                <line number="74" hits="1"/>
                <line number="75" hits="1"/>
                <line number="77" hits="1"/>
                <line number="78" hits="1"/>
                <line number="79" hits="1"/>
                <line number="82" hits="1"/>
                <line number="83" hits="1"/>
                <line number="85" hits="1"/>
                <line number="86" hits="1"/>
                <line number="89" hits="1"/>
                <line number="91" hits="1"/>
                <line number="92" hits="0"/>
                <line number="95" hits="1"/>
                <line number="96" hits="1"/>
                <line number="97" hits="1"/>
                <line number="100" hits="1"/>
                <line number="101" hits="0"/>
                <line number="104" hits="1"/>
                <line number="105" hits="0"/>
                <line number="108" hits="1"/>
              </lines>
            </method>
            <method name="getConstructorPromotableParameters" signature="" line-rate="0.92307692307692" branch-rate="0" complexity="5">
              <lines>
                <line number="113" hits="1"/>
                <line number="114" hits="1"/>
                <line number="115" hits="1"/>
                <line number="117" hits="1"/>
                <line number="119" hits="1"/>
                <line number="120" hits="1"/>
                <line number="121" hits="1"/>
                <line number="124" hits="1"/>
                <line number="125" hits="1"/>
                <line number="127" hits="1"/>
                <line number="128" hits="0"/>
                <line number="131" hits="1"/>
                <line number="132" hits="1"/>
                <line number="133" hits="1"/>
                <line number="134" hits="1"/>
                <line number="135" hits="1"/>
                <line number="136" hits="1"/>
                <line number="137" hits="1"/>
                <line number="138" hits="1"/>
                <line number="139" hits="1"/>
                <line number="140" hits="1"/>
                <line number="141" hits="1"/>
                <line number="143" hits="1"/>
                <line number="144" hits="0"/>
                <line number="147" hits="1"/>
                <line number="150" hits="1"/>
              </lines>
            </method>
            <method name="getDuplicatesIndices" signature="array $array" line-rate="0.75" branch-rate="0" complexity="3">
              <lines>
                <line number="156" hits="1"/>
                <line number="157" hits="1"/>
                <line number="159" hits="1"/>
                <line number="160" hits="1"/>
                <line number="161" hits="0"/>
                <line number="162" hits="0"/>
                <line number="164" hits="1"/>
                <line number="167" hits="1"/>
              </lines>
            </method>
            <method name="getPropertyIndex" signature="int $index, int $openBrace" line-rate="0.78947368421053" branch-rate="0" complexity="6">
              <lines>
                <line number="174" hits="1"/>
                <line number="175" hits="1"/>
                <line number="177" hits="1"/>
                <line number="178" hits="0"/>
                <line number="181" hits="1"/>
                <line number="183" hits="1"/>
                <line number="184" hits="0"/>
                <line number="186" hits="1"/>
                <line number="188" hits="1"/>
                <line number="189" hits="1"/>
                <line number="191" hits="1"/>
                <line number="192" hits="1"/>
                <line number="194" hits="1"/>
                <line number="195" hits="0"/>
                <line number="198" hits="1"/>
                <line number="199" hits="1"/>
                <line number="201" hits="1"/>
                <line number="202" hits="0"/>
                <line number="205" hits="1"/>
              </lines>
            </method>
          </methods>
          <lines>
            <line number="37" hits="1"/>
            <line number="41" hits="1"/>
            <line number="46" hits="1"/>
            <line number="47" hits="1"/>
            <line number="48" hits="1"/>
            <line number="50" hits="1"/>
            <line number="52" hits="1"/>
            <line number="53" hits="1"/>
            <line number="54" hits="1"/>
            <line number="57" hits="1"/>
            <line number="60" hits="1"/>
            <line number="65" hits="1"/>
            <line number="66" hits="1"/>
            <line number="67" hits="1"/>
            <line number="69" hits="1"/>
            <line number="70" hits="1"/>
            <line number="71" hits="1"/>
            <line number="73" hits="1"/>
            <line number="74" hits="1"/>
            <line number="75" hits="1"/>
            <line number="77" hits="1"/>
            <line number="78" hits="1"/>
            <line number="79" hits="1"/>
            <line number="82" hits="1"/>
            <line number="83" hits="1"/>
            <line number="85" hits="1"/>
            <line number="86" hits="1"/>
            <line number="89" hits="1"/>
            <line number="91" hits="1"/>
            <line number="92" hits="0"/>
            <line number="95" hits="1"/>
            <line number="96" hits="1"/>
            <line number="97" hits="1"/>
            <line number="100" hits="1"/>
            <line number="101" hits="0"/>
            <line number="104" hits="1"/>
            <line number="105" hits="0"/>
            <line number="108" hits="1"/>
            <line number="113" hits="1"/>
            <line number="114" hits="1"/>
            <line number="115" hits="1"/>
            <line number="117" hits="1"/>
            <line number="119" hits="1"/>
            <line number="120" hits="1"/>
            <line number="121" hits="1"/>
            <line number="124" hits="1"/>
            <line number="125" hits="1"/>
            <line number="127" hits="1"/>
            <line number="128" hits="0"/>
            <line number="131" hits="1"/>
            <line number="132" hits="1"/>
            <line number="133" hits="1"/>
            <line number="134" hits="1"/>
            <line number="135" hits="1"/>
            <line number="136" hits="1"/>
            <line number="137" hits="1"/>
            <line number="138" hits="1"/>
            <line number="139" hits="1"/>
            <line number="140" hits="1"/>
            <line number="141" hits="1"/>
            <line number="143" hits="1"/>
            <line number="144" hits="0"/>
            <line number="147" hits="1"/>
            <line number="150" hits="1"/>
            <line number="156" hits="1"/>
            <line number="157" hits="1"/>
            <line number="159" hits="1"/>
            <line number="160" hits="1"/>
            <line number="161" hits="0"/>
            <line number="162" hits="0"/>
            <line number="164" hits="1"/>
            <line number="167" hits="1"/>
            <line number="174" hits="1"/>
            <line number="175" hits="1"/>
            <line number="177" hits="1"/>
            <line number="178" hits="0"/>
            <line number="181" hits="1"/>
            <line number="183" hits="1"/>
            <line number="184" hits="0"/>
            <line number="186" hits="1"/>
            <line number="188" hits="1"/>
            <line number="189" hits="1"/>
            <line number="191" hits="1"/>
            <line number="192" hits="1"/>
            <line number="194" hits="1"/>
            <line number="195" hits="0"/>
            <line number="198" hits="1"/>
            <line number="199" hits="1"/>
            <line number="201" hits="1"/>
            <line number="202" hits="0"/>
            <line number="205" hits="1"/>
          </lines>
        </class>
      </classes>
    </package>
    <package name="PhpCsFixer/Analyzer/Element/SwitchElement.php" line-rate="0" branch-rate="0" complexity="4">
      <classes>
        <class name="ValksorDev\PhpCsFixerCustomFixers\PhpCsFixer\Analyzer\Element\SwitchElement" filename="PhpCsFixer/Analyzer/Element/SwitchElement.php" line-rate="0" branch-rate="0" complexity="4">
          <methods>
            <method name="__construct" signature="int $casesStart, int $casesEnd, array $cases" line-rate="0" branch-rate="0" complexity="1">
              <lines>
                <line number="25" hits="0"/>
              </lines>
            </method>
            <method name="getCases" signature="" line-rate="0" branch-rate="0" complexity="1">
              <lines>
                <line number="29" hits="0"/>
              </lines>
            </method>
            <method name="getCasesEnd" signature="" line-rate="0" branch-rate="0" complexity="1">
              <lines>
                <line number="34" hits="0"/>
              </lines>
            </method>
            <method name="getCasesStart" signature="" line-rate="0" branch-rate="0" complexity="1">
              <lines>
                <line number="39" hits="0"/>
              </lines>
            </method>
          </methods>
          <lines>
            <line number="25" hits="0"/>
            <line number="29" hits="0"/>
            <line number="34" hits="0"/>
            <line number="39" hits="0"/>
          </lines>
        </class>
      </classes>
    </package>
    <package name="PhpCsFixer/Exception/PhpCsFixerException.php" line-rate="0" branch-rate="0" complexity="0">
      <classes>
        <class name="ValksorDev\PhpCsFixerCustomFixers\PhpCsFixer\Exception\PhpCsFixerException" filename="PhpCsFixer/Exception/PhpCsFixerException.php" line-rate="0" branch-rate="0" complexity="0">
          <methods/>
          <lines/>
        </class>
      </classes>
    </package>
    <package name="PhpCsFixer/Exception/TokenAnalysisException.php" line-rate="0" branch-rate="0" complexity="0">
      <classes>
        <class name="ValksorDev\PhpCsFixerCustomFixers\PhpCsFixer\Exception\TokenAnalysisException" filename="PhpCsFixer/Exception/TokenAnalysisException.php" line-rate="0" branch-rate="0" complexity="0">
          <methods/>
          <lines/>
        </class>
      </classes>
    </package>
  </packages>
</coverage>
