<?xml version="1.0" encoding="UTF-8"?>
<testsuites>
  <testsuite name="" tests="14" assertions="30" errors="0" failures="0" skipped="0" time="0.000000">
    <testsuite name="ValksorDev\PhpCsFixerCustomFixers\Tests\DeclareAfterOpeningTagFixerTest" file="/var/www/html/valksor-dev/src/ValksorDev/PhpCsFixerCustomFixers/Tests/DeclareAfterOpeningTagFixerTest.php" tests="1" assertions="1" errors="0" failures="0" skipped="0" time="0.000000">
      <testcase name="testMovesDeclareToOpeningTagLine" class="ValksorDev\PhpCsFixerCustomFixers\Tests\DeclareAfterOpeningTagFixerTest" classname="ValksorDev.PhpCsFixerCustomFixers.Tests.DeclareAfterOpeningTagFixerTest" file="/var/www/html/valksor-dev/src/ValksorDev/PhpCsFixerCustomFixers/Tests/DeclareAfterOpeningTagFixerTest.php" line="19" assertions="1" time="0.000000"/>
    </testsuite>
    <testsuite name="ValksorDev\PhpCsFixerCustomFixers\Tests\DoctrineMigrationsFixerTest" file="/var/www/html/valksor-dev/src/ValksorDev/PhpCsFixerCustomFixers/Tests/DoctrineMigrationsFixerTest.php" tests="1" assertions="1" errors="0" failures="0" skipped="0" time="0.000000">
      <testcase name="testRemovesAutoGeneratedComments" class="ValksorDev\PhpCsFixerCustomFixers\Tests\DoctrineMigrationsFixerTest" classname="ValksorDev.PhpCsFixerCustomFixers.Tests.DoctrineMigrationsFixerTest" file="/var/www/html/valksor-dev/src/ValksorDev/PhpCsFixerCustomFixers/Tests/DoctrineMigrationsFixerTest.php" line="26" assertions="1" time="0.000000"/>
    </testsuite>
    <testsuite name="ValksorDev\PhpCsFixerCustomFixers\Tests\FixersTest" file="/var/www/html/valksor-dev/src/ValksorDev/PhpCsFixerCustomFixers/Tests/FixersTest.php" tests="1" assertions="9" errors="0" failures="0" skipped="0" time="0.000000">
      <testcase name="testGetFixersReturnsNamesIndexedByFixerName" class="ValksorDev\PhpCsFixerCustomFixers\Tests\FixersTest" classname="ValksorDev.PhpCsFixerCustomFixers.Tests.FixersTest" file="/var/www/html/valksor-dev/src/ValksorDev/PhpCsFixerCustomFixers/Tests/FixersTest.php" line="23" assertions="9" time="0.000000"/>
    </testsuite>
    <testsuite name="ValksorDev\PhpCsFixerCustomFixers\Tests\LineBreakBetweenMethodArgumentsFixerTest" file="/var/www/html/valksor-dev/src/ValksorDev/PhpCsFixerCustomFixers/Tests/LineBreakBetweenMethodArgumentsFixerTest.php" tests="1" assertions="1" errors="0" failures="0" skipped="0" time="0.000000">
      <testcase name="testMergesEmptyArgumentList" class="ValksorDev\PhpCsFixerCustomFixers\Tests\LineBreakBetweenMethodArgumentsFixerTest" classname="ValksorDev.PhpCsFixerCustomFixers.Tests.LineBreakBetweenMethodArgumentsFixerTest" file="/var/www/html/valksor-dev/src/ValksorDev/PhpCsFixerCustomFixers/Tests/LineBreakBetweenMethodArgumentsFixerTest.php" line="19" assertions="1" time="0.000000"/>
    </testsuite>
    <testsuite name="ValksorDev\PhpCsFixerCustomFixers\Tests\LineBreakBetweenStatementsFixerTest" file="/var/www/html/valksor-dev/src/ValksorDev/PhpCsFixerCustomFixers/Tests/LineBreakBetweenStatementsFixerTest.php" tests="1" assertions="1" errors="0" failures="0" skipped="0" time="0.000000">
      <testcase name="testAddsEmptyLineBetweenHandledStatements" class="ValksorDev\PhpCsFixerCustomFixers\Tests\LineBreakBetweenStatementsFixerTest" classname="ValksorDev.PhpCsFixerCustomFixers.Tests.LineBreakBetweenStatementsFixerTest" file="/var/www/html/valksor-dev/src/ValksorDev/PhpCsFixerCustomFixers/Tests/LineBreakBetweenStatementsFixerTest.php" line="19" assertions="1" time="0.000000"/>
    </testsuite>
    <testsuite name="ValksorDev\PhpCsFixerCustomFixers\Tests\NoUselessDirnameCallFixerTest" file="/var/www/html/valksor-dev/src/ValksorDev/PhpCsFixerCustomFixers/Tests/NoUselessDirnameCallFixerTest.php" tests="1" assertions="1" errors="0" failures="0" skipped="0" time="0.000000">
      <testcase name="testRewritesDirnameCalls" class="ValksorDev\PhpCsFixerCustomFixers\Tests\NoUselessDirnameCallFixerTest" classname="ValksorDev.PhpCsFixerCustomFixers.Tests.NoUselessDirnameCallFixerTest" file="/var/www/html/valksor-dev/src/ValksorDev/PhpCsFixerCustomFixers/Tests/NoUselessDirnameCallFixerTest.php" line="19" assertions="1" time="0.000000"/>
    </testsuite>
    <testsuite name="ValksorDev\PhpCsFixerCustomFixers\Tests\NoUselessStrlenFixerTest" file="/var/www/html/valksor-dev/src/ValksorDev/PhpCsFixerCustomFixers/Tests/NoUselessStrlenFixerTest.php" tests="1" assertions="1" errors="0" failures="0" skipped="0" time="0.000000">
      <testsuite name="ValksorDev\PhpCsFixerCustomFixers\Tests\NoUselessStrlenFixerTest::testConvertsStrlenComparisons" tests="1" assertions="1" errors="0" failures="0" skipped="0" time="0.000000">
        <testcase name="testConvertsStrlenComparisons with data set &quot;multibyte function&quot;" class="ValksorDev\PhpCsFixerCustomFixers\Tests\NoUselessStrlenFixerTest" classname="ValksorDev.PhpCsFixerCustomFixers.Tests.NoUselessStrlenFixerTest" file="/var/www/html/valksor-dev/src/ValksorDev/PhpCsFixerCustomFixers/Tests/NoUselessStrlenFixerTest.php" line="21" assertions="1" time="0.000000"/>
      </testsuite>
    </testsuite>
    <testsuite name="ValksorDev\PhpCsFixerCustomFixers\Tests\PromotedConstructorPropertyFixerTest" file="/var/www/html/valksor-dev/src/ValksorDev/PhpCsFixerCustomFixers/Tests/PromotedConstructorPropertyFixerTest.php" tests="1" assertions="1" errors="0" failures="0" skipped="0" time="0.000000">
      <testcase name="testPromotesConstructorProperty" class="ValksorDev\PhpCsFixerCustomFixers\Tests\PromotedConstructorPropertyFixerTest" classname="ValksorDev.PhpCsFixerCustomFixers.Tests.PromotedConstructorPropertyFixerTest" file="/var/www/html/valksor-dev/src/ValksorDev/PhpCsFixerCustomFixers/Tests/PromotedConstructorPropertyFixerTest.php" line="19" assertions="1" time="0.000000"/>
    </testsuite>
  </testsuite>
</testsuites>
