<?xml version="1.0" encoding="UTF-8"?>
<testsuites>
  <testsuite name="/var/www/html/valksor-dev/src/ValksorDev/PhpCsFixerCustomFixers/phpunit.xml" tests="14" assertions="30" errors="0" failures="0" skipped="0" time="0.001000">
    <testsuite name="Valksor Bundle" tests="14" assertions="30" errors="0" failures="0" skipped="0" time="0.001000">
      <testsuite name="ValksorDev\PhpCsFixerCustomFixers\Tests\DeclareAfterOpeningTagFixerTest" file="/var/www/html/valksor-dev/src/ValksorDev/PhpCsFixerCustomFixers/Tests/DeclareAfterOpeningTagFixerTest.php" tests="3" assertions="3" errors="0" failures="0" skipped="0" time="0.001000">
        <testcase name="testMovesDeclareToOpeningTagLine" file="/var/www/html/valksor-dev/src/ValksorDev/PhpCsFixerCustomFixers/Tests/DeclareAfterOpeningTagFixerTest.php" line="19" class="ValksorDev\PhpCsFixerCustomFixers\Tests\DeclareAfterOpeningTagFixerTest" classname="ValksorDev.PhpCsFixerCustomFixers.Tests.DeclareAfterOpeningTagFixerTest" assertions="1" time="0.001000"/>
        <testcase name="testSkipsWhenDeclareAlreadyInline" file="/var/www/html/valksor-dev/src/ValksorDev/PhpCsFixerCustomFixers/Tests/DeclareAfterOpeningTagFixerTest.php" line="38" class="ValksorDev\PhpCsFixerCustomFixers\Tests\DeclareAfterOpeningTagFixerTest" classname="ValksorDev.PhpCsFixerCustomFixers.Tests.DeclareAfterOpeningTagFixerTest" assertions="1" time="0.001000"/>
        <testcase name="testSkipsWhenDeclareIsNotStrictTypes" file="/var/www/html/valksor-dev/src/ValksorDev/PhpCsFixerCustomFixers/Tests/DeclareAfterOpeningTagFixerTest.php" line="49" class="ValksorDev\PhpCsFixerCustomFixers\Tests\DeclareAfterOpeningTagFixerTest" classname="ValksorDev.PhpCsFixerCustomFixers.Tests.DeclareAfterOpeningTagFixerTest" assertions="1" time="0.001000"/>
      </testsuite>
      <testsuite name="ValksorDev\PhpCsFixerCustomFixers\Tests\DoctrineMigrationsFixerTest" file="/var/www/html/valksor-dev/src/ValksorDev/PhpCsFixerCustomFixers/Tests/DoctrineMigrationsFixerTest.php" tests="1" assertions="1" errors="0" failures="0" skipped="0" time="0.001000">
        <testcase name="testRemovesAutoGeneratedComments" file="/var/www/html/valksor-dev/src/ValksorDev/PhpCsFixerCustomFixers/Tests/DoctrineMigrationsFixerTest.php" line="26" class="ValksorDev\PhpCsFixerCustomFixers\Tests\DoctrineMigrationsFixerTest" classname="ValksorDev.PhpCsFixerCustomFixers.Tests.DoctrineMigrationsFixerTest" assertions="1" time="0.001000"/>
      </testsuite>
      <testsuite name="ValksorDev\PhpCsFixerCustomFixers\Tests\FixersTest" file="/var/www/html/valksor-dev/src/ValksorDev/PhpCsFixerCustomFixers/Tests/FixersTest.php" tests="2" assertions="18" errors="0" failures="0" skipped="0" time="0.001000">
        <testcase name="testGetFixersReturnsNamesIndexedByFixerName" file="/var/www/html/valksor-dev/src/ValksorDev/PhpCsFixerCustomFixers/Tests/FixersTest.php" line="23" class="ValksorDev\PhpCsFixerCustomFixers\Tests\FixersTest" classname="ValksorDev.PhpCsFixerCustomFixers.Tests.FixersTest" assertions="9" time="0.001000"/>
        <testcase name="testIteratorReturnsCustomFixerInstances" file="/var/www/html/valksor-dev/src/ValksorDev/PhpCsFixerCustomFixers/Tests/FixersTest.php" line="49" class="ValksorDev\PhpCsFixerCustomFixers\Tests\FixersTest" classname="ValksorDev.PhpCsFixerCustomFixers.Tests.FixersTest" assertions="9" time="0.001000"/>
      </testsuite>
      <testsuite name="ValksorDev\PhpCsFixerCustomFixers\Tests\LineBreakBetweenMethodArgumentsFixerTest" file="/var/www/html/valksor-dev/src/ValksorDev/PhpCsFixerCustomFixers/Tests/LineBreakBetweenMethodArgumentsFixerTest.php" tests="2" assertions="2" errors="0" failures="0" skipped="0" time="0.001000">
        <testcase name="testMergesEmptyArgumentList" file="/var/www/html/valksor-dev/src/ValksorDev/PhpCsFixerCustomFixers/Tests/LineBreakBetweenMethodArgumentsFixerTest.php" line="19" class="ValksorDev\PhpCsFixerCustomFixers\Tests\LineBreakBetweenMethodArgumentsFixerTest" classname="ValksorDev.PhpCsFixerCustomFixers.Tests.LineBreakBetweenMethodArgumentsFixerTest" assertions="1" time="0.001000"/>
        <testcase name="testSplitsArgumentsToSeparateLines" file="/var/www/html/valksor-dev/src/ValksorDev/PhpCsFixerCustomFixers/Tests/LineBreakBetweenMethodArgumentsFixerTest.php" line="44" class="ValksorDev\PhpCsFixerCustomFixers\Tests\LineBreakBetweenMethodArgumentsFixerTest" classname="ValksorDev.PhpCsFixerCustomFixers.Tests.LineBreakBetweenMethodArgumentsFixerTest" assertions="1" time="0.001000"/>
      </testsuite>
      <testsuite name="ValksorDev\PhpCsFixerCustomFixers\Tests\LineBreakBetweenStatementsFixerTest" file="/var/www/html/valksor-dev/src/ValksorDev/PhpCsFixerCustomFixers/Tests/LineBreakBetweenStatementsFixerTest.php" tests="1" assertions="1" errors="0" failures="0" skipped="0" time="0.001000">
        <testcase name="testAddsEmptyLineBetweenHandledStatements" file="/var/www/html/valksor-dev/src/ValksorDev/PhpCsFixerCustomFixers/Tests/LineBreakBetweenStatementsFixerTest.php" line="19" class="ValksorDev\PhpCsFixerCustomFixers\Tests\LineBreakBetweenStatementsFixerTest" classname="ValksorDev.PhpCsFixerCustomFixers.Tests.LineBreakBetweenStatementsFixerTest" assertions="1" time="0.001000"/>
      </testsuite>
      <testsuite name="ValksorDev\PhpCsFixerCustomFixers\Tests\NoUselessDirnameCallFixerTest" file="/var/www/html/valksor-dev/src/ValksorDev/PhpCsFixerCustomFixers/Tests/NoUselessDirnameCallFixerTest.php" tests="1" assertions="1" errors="0" failures="0" skipped="0" time="0.001000">
        <testcase name="testRewritesDirnameCalls" file="/var/www/html/valksor-dev/src/ValksorDev/PhpCsFixerCustomFixers/Tests/NoUselessDirnameCallFixerTest.php" line="19" class="ValksorDev\PhpCsFixerCustomFixers\Tests\NoUselessDirnameCallFixerTest" classname="ValksorDev.PhpCsFixerCustomFixers.Tests.NoUselessDirnameCallFixerTest" assertions="1" time="0.001000"/>
      </testsuite>
      <testsuite name="ValksorDev\PhpCsFixerCustomFixers\Tests\NoUselessStrlenFixerTest" file="/var/www/html/valksor-dev/src/ValksorDev/PhpCsFixerCustomFixers/Tests/NoUselessStrlenFixerTest.php" tests="3" assertions="3" errors="0" failures="0" skipped="0" time="0.001000">
        <testsuite name="ValksorDev\PhpCsFixerCustomFixers\Tests\NoUselessStrlenFixerTest::testConvertsStrlenComparisons" tests="3" assertions="3" errors="0" failures="0" skipped="0" time="0.001000">
          <testcase name="testConvertsStrlenComparisons with data set &quot;comparison on right&quot;" file="/var/www/html/valksor-dev/src/ValksorDev/PhpCsFixerCustomFixers/Tests/NoUselessStrlenFixerTest.php" line="21" class="ValksorDev\PhpCsFixerCustomFixers\Tests\NoUselessStrlenFixerTest" classname="ValksorDev.PhpCsFixerCustomFixers.Tests.NoUselessStrlenFixerTest" assertions="1" time="0.001000"/>
          <testcase name="testConvertsStrlenComparisons with data set &quot;comparison on left&quot;" file="/var/www/html/valksor-dev/src/ValksorDev/PhpCsFixerCustomFixers/Tests/NoUselessStrlenFixerTest.php" line="21" class="ValksorDev\PhpCsFixerCustomFixers\Tests\NoUselessStrlenFixerTest" classname="ValksorDev.PhpCsFixerCustomFixers.Tests.NoUselessStrlenFixerTest" assertions="1" time="0.001000"/>
          <testcase name="testConvertsStrlenComparisons with data set &quot;multibyte function&quot;" file="/var/www/html/valksor-dev/src/ValksorDev/PhpCsFixerCustomFixers/Tests/NoUselessStrlenFixerTest.php" line="21" class="ValksorDev\PhpCsFixerCustomFixers\Tests\NoUselessStrlenFixerTest" classname="ValksorDev.PhpCsFixerCustomFixers.Tests.NoUselessStrlenFixerTest" assertions="1" time="0.001000"/>
        </testsuite>
      </testsuite>
      <testsuite name="ValksorDev\PhpCsFixerCustomFixers\Tests\PromotedConstructorPropertyFixerTest" file="/var/www/html/valksor-dev/src/ValksorDev/PhpCsFixerCustomFixers/Tests/PromotedConstructorPropertyFixerTest.php" tests="1" assertions="1" errors="0" failures="0" skipped="0" time="0.001000">
        <testcase name="testPromotesConstructorProperty" file="/var/www/html/valksor-dev/src/ValksorDev/PhpCsFixerCustomFixers/Tests/PromotedConstructorPropertyFixerTest.php" line="19" class="ValksorDev\PhpCsFixerCustomFixers\Tests\PromotedConstructorPropertyFixerTest" classname="ValksorDev.PhpCsFixerCustomFixers.Tests.PromotedConstructorPropertyFixerTest" assertions="1" time="0.001000"/>
      </testsuite>
    </testsuite>
  </testsuite>
</testsuites>
